2024-05-28 15:46:45,127 [INFO] Activator:176 - 


2024-05-28 15:46:45,133 [INFO] Activator:177 - !SESSION log4j initialized
2024-05-28 15:46:49,561 [INFO] LogOutputStream:77 - [STDOUT_REDIRECT] 
2024-05-28 15:46:50,599 [INFO] ApplicationProperties:184 - Using Application install path: C:\ST\STM32CubeIDE_1.14.0\STM32CubeIDE\plugins\com.st.stm32cube.common.mx_6.10.0.202311202037
2024-05-28 15:46:50,624 [INFO] DbMcusXml:78 - Set database path to: C:\ST\STM32CubeIDE_1.14.0\STM32CubeIDE\plugins\com.st.stm32cube.common.mx_6.10.0.202311202037\\db\/mcu/
2024-05-28 15:46:50,624 [INFO] ApiDb:274 - Set plugin database path to: C:\ST\STM32CubeIDE_1.14.0\STM32CubeIDE\plugins\com.st.stm32cube.common.mx_6.10.0.202311202037\\db\/plugins/boardmanager/
2024-05-28 15:46:50,625 [WARN] ApiDb:259 - Overriding images path with different value:  => C:\ST\STM32CubeIDE_1.14.0\STM32CubeIDE\plugins\com.st.stm32cube.common.mx_6.10.0.202311202037\\db\/plugins/mcufinder/images/
2024-05-28 15:46:50,637 [INFO] ApiDb:250 - Set database path to: C:\Users\domin\.stmcufinder\plugins\mcufinder//mcu/
2024-05-28 15:46:50,638 [INFO] DbMcusAds:125 - Set database path to: C:\Users\domin\.stmcufinder\plugins\mcufinder//mcu/
2024-05-28 15:46:50,641 [INFO] CrossReferenceDbSqlite:203 - Set database path to: C:\Users\domin\.stmcufinder\plugins\mcufinder//mcu/cs/
2024-05-28 15:46:50,819 [INFO] RulesReader:64 - Compatibility file has been processed (297 Rules)
2024-05-28 15:46:50,919 [INFO] DbMcusXml:78 - Set database path to: C:\ST\STM32CubeIDE_1.14.0\STM32CubeIDE\plugins\com.st.stm32cube.common.mx_6.10.0.202311202037\\db\/mcu/
2024-05-28 15:46:50,919 [INFO] ApiDb:274 - Set plugin database path to: C:\ST\STM32CubeIDE_1.14.0\STM32CubeIDE\plugins\com.st.stm32cube.common.mx_6.10.0.202311202037\\db\/plugins/boardmanager/
2024-05-28 15:46:50,919 [INFO] ApiDb:261 - Set plugin images path to: C:\ST\STM32CubeIDE_1.14.0\STM32CubeIDE\plugins\com.st.stm32cube.common.mx_6.10.0.202311202037\\db\/plugins/mcufinder/images/
2024-05-28 15:46:50,919 [WARN] DbFile:41 - Overriding database path with different value: C:\Users\domin\.stmcufinder\plugins\mcufinder/ => C:\Users\domin\.stmcufinder\plugins\mcufinder
2024-05-28 15:46:50,919 [INFO] ApiDb:250 - Set database path to: C:\Users\domin\.stmcufinder\plugins\mcufinder//mcu/
2024-05-28 15:46:50,920 [WARN] DbFile:41 - Overriding database path with different value: C:\Users\domin\.stmcufinder\plugins\mcufinder/ => C:\Users\domin\.stmcufinder\plugins\mcufinder
2024-05-28 15:46:50,920 [INFO] DbMcusAds:125 - Set database path to: C:\Users\domin\.stmcufinder\plugins\mcufinder//mcu/
2024-05-28 15:46:50,920 [WARN] DbFile:41 - Overriding database path with different value: C:\Users\domin\.stmcufinder\plugins\mcufinder/ => C:\Users\domin\.stmcufinder\plugins\mcufinder
2024-05-28 15:46:50,920 [WARN] DbFile:41 - Overriding database path with different value: C:\Users\domin\.stmcufinder\plugins\mcufinder/ => C:\Users\domin\.stmcufinder\plugins\mcufinder
2024-05-28 15:46:50,920 [INFO] CrossReferenceDbSqlite:203 - Set database path to: C:\Users\domin\.stmcufinder\plugins\mcufinder//mcu/cs/
2024-05-28 15:46:51,043 [INFO] MainPanel:264 - HeapMemory: 268435456
2024-05-28 15:46:51,170 [INFO] DbMcusXml:78 - Set database path to: C:\ST\STM32CubeIDE_1.14.0\STM32CubeIDE\plugins\com.st.stm32cube.common.mx_6.10.0.202311202037\\db\/mcu/
2024-05-28 15:46:51,170 [INFO] ApiDb:274 - Set plugin database path to: C:\ST\STM32CubeIDE_1.14.0\STM32CubeIDE\plugins\com.st.stm32cube.common.mx_6.10.0.202311202037\\db\/plugins/boardmanager/
2024-05-28 15:46:51,170 [INFO] ApiDb:261 - Set plugin images path to: C:\ST\STM32CubeIDE_1.14.0\STM32CubeIDE\plugins\com.st.stm32cube.common.mx_6.10.0.202311202037\\db\/plugins/mcufinder/images/
2024-05-28 15:46:51,170 [WARN] DbFile:41 - Overriding database path with different value: C:\Users\domin\.stmcufinder\plugins\mcufinder/ => C:\Users\domin\.stmcufinder\plugins\mcufinder
2024-05-28 15:46:51,171 [INFO] ApiDb:250 - Set database path to: C:\Users\domin\.stmcufinder\plugins\mcufinder//mcu/
2024-05-28 15:46:51,171 [WARN] DbFile:41 - Overriding database path with different value: C:\Users\domin\.stmcufinder\plugins\mcufinder/ => C:\Users\domin\.stmcufinder\plugins\mcufinder
2024-05-28 15:46:51,171 [INFO] DbMcusAds:125 - Set database path to: C:\Users\domin\.stmcufinder\plugins\mcufinder//mcu/
2024-05-28 15:46:51,171 [WARN] DbFile:41 - Overriding database path with different value: C:\Users\domin\.stmcufinder\plugins\mcufinder/ => C:\Users\domin\.stmcufinder\plugins\mcufinder
2024-05-28 15:46:51,171 [WARN] DbFile:41 - Overriding database path with different value: C:\Users\domin\.stmcufinder\plugins\mcufinder/ => C:\Users\domin\.stmcufinder\plugins\mcufinder
2024-05-28 15:46:51,171 [INFO] CrossReferenceDbSqlite:203 - Set database path to: C:\Users\domin\.stmcufinder\plugins\mcufinder//mcu/cs/
2024-05-28 15:46:51,194 [INFO] ApplicationProperties:184 - Using Application install path: C:\ST\STM32CubeIDE_1.14.0\STM32CubeIDE\plugins\com.st.stm32cube.common.mx_6.10.0.202311202037
2024-05-28 15:46:51,196 [INFO] PluginManage:196 - Search for loadable plugins [exclusion list=, ]
2024-05-28 15:46:51,197 [INFO] PluginManage:310 - Check plugin analytics
2024-05-28 15:46:51,423 [INFO] AnalyticsPlugin:253 - Accepted Software Licenses: 
2024-05-28 15:46:51,423 [INFO] AnalyticsPlugin:255 - Accepted CMSIS Pack Licenses: 
2024-05-28 15:46:51,423 [INFO] AnalyticsPlugin:257 - Accepted Firmware Licenses: FW.L4.1.18.0
2024-05-28 15:46:51,426 [INFO] PluginManage:359 - Loaded plugin analytics (category:tool,tabindex:-1)
2024-05-28 15:46:51,426 [INFO] PluginManage:310 - Check plugin cadmodel
2024-05-28 15:46:51,432 [INFO] CADModel:105 - Init CAD model plugin
2024-05-28 15:46:51,433 [INFO] PluginManage:359 - Loaded plugin cadmodel (category:power,tabindex:5)
2024-05-28 15:46:51,433 [INFO] PluginManage:310 - Check plugin clock
2024-05-28 15:46:51,449 [INFO] PluginManage:359 - Loaded plugin clock (category:base,tabindex:2)
2024-05-28 15:46:51,449 [INFO] PluginManage:310 - Check plugin ddr
2024-05-28 15:46:51,452 [INFO] PluginManage:359 - Loaded plugin ddr (category:tool,tabindex:6)
2024-05-28 15:46:51,452 [INFO] PluginManage:310 - Check plugin filemanager
2024-05-28 15:46:51,719 [INFO] PluginManage:359 - Loaded plugin filemanager (category:base,tabindex:10)
2024-05-28 15:46:51,719 [INFO] PluginManage:310 - Check plugin ipmanager
2024-05-28 15:46:51,728 [INFO] PluginManage:359 - Loaded plugin ipmanager (category:base,tabindex:5)
2024-05-28 15:46:51,729 [INFO] PluginManage:310 - Check plugin lpbam
2024-05-28 15:46:51,739 [INFO] PluginManage:359 - Loaded plugin lpbam (category:base,tabindex:0)
2024-05-28 15:46:51,739 [INFO] PluginManage:310 - Check plugin memorymap
2024-05-28 15:46:51,758 [INFO] PluginManage:359 - Loaded plugin memorymap (category:base,tabindex:4)
2024-05-28 15:46:51,759 [INFO] PluginManage:310 - Check plugin pinoutandconfiguration
2024-05-28 15:46:51,771 [INFO] PluginManage:359 - Loaded plugin pinoutandconfiguration (category:base,tabindex:1)
2024-05-28 15:46:51,771 [INFO] PluginManage:310 - Check plugin pinoutconfig
2024-05-28 15:46:51,875 [WARN] SupportedApi:132 - Cannot load RTOS API schema: s4s-elt-must-match.1: The content of 'definitions' must match (annotation?, (simpleType | complexType)?, (unique | key | keyref)*)). A problem was found starting at: attribute.
2024-05-28 15:46:52,076 [INFO] PluginManage:359 - Loaded plugin pinoutconfig (category:base,tabindex:0)
2024-05-28 15:46:52,076 [INFO] PluginManage:310 - Check plugin power
2024-05-28 15:46:52,091 [INFO] PluginManage:359 - Loaded plugin power (category:power,tabindex:4)
2024-05-28 15:46:52,091 [INFO] PluginManage:310 - Check plugin projectmanager
2024-05-28 15:46:52,112 [INFO] PluginManage:359 - Loaded plugin projectmanager (category:projectmanager,tabindex:3)
2024-05-28 15:46:52,112 [INFO] PluginManage:310 - Check plugin thirdparty
2024-05-28 15:46:52,336 [INFO] PluginManage:359 - Loaded plugin thirdparty (category:base,tabindex:-1)
2024-05-28 15:46:52,336 [INFO] PluginManage:310 - Check plugin tools
2024-05-28 15:46:52,336 [WARN] IntegrityCheckThread:84 - waiting for thirdparty lock release [integrity check]
2024-05-28 15:46:52,336 [INFO] IntegrityCheckThread:86 - entering critical section [integrity check]
2024-05-28 15:46:52,337 [INFO] ThirdPartyUpdaterWithRetryManager:70 - Updater plugin not ready yet. [1/15]
2024-05-28 15:46:52,339 [INFO] PluginManage:359 - Loaded plugin tools (category:base,tabindex:7)
2024-05-28 15:46:52,339 [INFO] PluginManage:310 - Check plugin tutovideos
2024-05-28 15:46:52,597 [INFO] PluginManage:359 - Loaded plugin tutovideos (category:base,tabindex:-1)
2024-05-28 15:46:52,597 [INFO] PluginManage:310 - Check plugin updater
2024-05-28 15:46:52,612 [INFO] PluginManage:359 - Loaded plugin updater (category:base,tabindex:12)
2024-05-28 15:46:52,612 [INFO] PluginManage:310 - Check plugin userauth
2024-05-28 15:46:52,618 [INFO] UserAuth:114 - Init User Auth plugin
2024-05-28 15:46:52,618 [INFO] PluginManage:359 - Loaded plugin userauth (category:base,tabindex:14)
2024-05-28 15:46:52,618 [INFO] PluginManage:283 - PluginManage : Loaded plugins [17]
2024-05-28 15:46:52,935 [INFO] PinOutPanel:1499 - setPackage(No Configuration,No Configuration)
2024-05-28 15:46:53,024 [INFO] CADModel:165 - CPN selected for project level
2024-05-28 15:46:53,025 [INFO] CADModel:114 - Register for checkConnection events
2024-05-28 15:46:53,052 [INFO] IPUIPlugin:80 - create IPUIPlugin
2024-05-28 15:46:53,053 [INFO] PluginManager:220 - loadIPPluginJar : add adc
2024-05-28 15:46:53,056 [INFO] IPUIPlugin:80 - create IPUIPlugin
2024-05-28 15:46:53,056 [INFO] PluginManager:220 - loadIPPluginJar : add aes
2024-05-28 15:46:53,060 [INFO] IPUIPlugin:80 - create IPUIPlugin
2024-05-28 15:46:53,060 [INFO] PluginManager:220 - loadIPPluginJar : add can
2024-05-28 15:46:53,062 [INFO] IPUIPlugin:80 - create IPUIPlugin
2024-05-28 15:46:53,062 [INFO] PluginManager:220 - loadIPPluginJar : add comp
2024-05-28 15:46:53,065 [INFO] IPUIPlugin:80 - create IPUIPlugin
2024-05-28 15:46:53,065 [INFO] PluginManager:220 - loadIPPluginJar : add cryp
2024-05-28 15:46:53,069 [INFO] IPUIPlugin:80 - create IPUIPlugin
2024-05-28 15:46:53,069 [INFO] PluginManager:220 - loadIPPluginJar : add dfsdm
2024-05-28 15:46:53,077 [INFO] IPUIPlugin:80 - create IPUIPlugin
2024-05-28 15:46:53,078 [INFO] PluginManager:220 - loadIPPluginJar : add dma
2024-05-28 15:46:53,081 [INFO] IPUIPlugin:80 - create IPUIPlugin
2024-05-28 15:46:53,081 [INFO] PluginManager:220 - loadIPPluginJar : add dma3
2024-05-28 15:46:53,084 [INFO] IPUIPlugin:80 - create IPUIPlugin
2024-05-28 15:46:53,084 [INFO] PluginManager:220 - loadIPPluginJar : add fatfs
2024-05-28 15:46:53,089 [INFO] IPUIPlugin:80 - create IPUIPlugin
2024-05-28 15:46:53,089 [INFO] PluginManager:220 - loadIPPluginJar : add fmc
2024-05-28 15:46:53,096 [INFO] IPUIPlugin:80 - create IPUIPlugin
2024-05-28 15:46:53,096 [INFO] PluginManager:220 - loadIPPluginJar : add freertos
2024-05-28 15:46:53,098 [INFO] IPUIPlugin:80 - create IPUIPlugin
2024-05-28 15:46:53,098 [INFO] PluginManager:220 - loadIPPluginJar : add genericplugin
2024-05-28 15:46:53,101 [INFO] IPUIPlugin:80 - create IPUIPlugin
2024-05-28 15:46:53,101 [INFO] PluginManager:220 - loadIPPluginJar : add gfxmmu
2024-05-28 15:46:53,108 [INFO] IPUIPlugin:80 - create IPUIPlugin
2024-05-28 15:46:53,108 [INFO] PluginManager:220 - loadIPPluginJar : add gic
2024-05-28 15:46:53,114 [INFO] IPUIPlugin:80 - create IPUIPlugin
2024-05-28 15:46:53,114 [INFO] PluginManager:220 - loadIPPluginJar : add gpio
2024-05-28 15:46:53,117 [INFO] IPUIPlugin:80 - create IPUIPlugin
2024-05-28 15:46:53,118 [INFO] PluginManager:220 - loadIPPluginJar : add gtzc
2024-05-28 15:46:53,120 [INFO] IPUIPlugin:80 - create IPUIPlugin
2024-05-28 15:46:53,121 [INFO] PluginManager:220 - loadIPPluginJar : add hash
2024-05-28 15:46:53,124 [INFO] IPUIPlugin:80 - create IPUIPlugin
2024-05-28 15:46:53,124 [INFO] PluginManager:220 - loadIPPluginJar : add i2c
2024-05-28 15:46:53,129 [INFO] IPUIPlugin:80 - create IPUIPlugin
2024-05-28 15:46:53,129 [INFO] PluginManager:220 - loadIPPluginJar : add i2s
2024-05-28 15:46:53,132 [INFO] IPUIPlugin:80 - create IPUIPlugin
2024-05-28 15:46:53,133 [INFO] PluginManager:220 - loadIPPluginJar : add i3c
2024-05-28 15:46:53,137 [INFO] IPUIPlugin:80 - create IPUIPlugin
2024-05-28 15:46:53,137 [INFO] PluginManager:220 - loadIPPluginJar : add ipddr
2024-05-28 15:46:53,145 [INFO] IPUIPlugin:80 - create IPUIPlugin
2024-05-28 15:46:53,146 [INFO] PluginManager:220 - loadIPPluginJar : add linkedlist
2024-05-28 15:46:53,149 [INFO] IPUIPlugin:80 - create IPUIPlugin
2024-05-28 15:46:53,149 [INFO] PluginManager:220 - loadIPPluginJar : add lorawan
2024-05-28 15:46:53,152 [INFO] IPUIPlugin:80 - create IPUIPlugin
2024-05-28 15:46:53,152 [INFO] PluginManager:220 - loadIPPluginJar : add ltdc
2024-05-28 15:46:53,160 [INFO] IPUIPlugin:80 - create IPUIPlugin
2024-05-28 15:46:53,161 [INFO] PluginManager:220 - loadIPPluginJar : add mdma
2024-05-28 15:46:53,166 [INFO] IPUIPlugin:80 - create IPUIPlugin
2024-05-28 15:46:53,166 [INFO] PluginManager:220 - loadIPPluginJar : add nvic
2024-05-28 15:46:53,170 [INFO] IPUIPlugin:80 - create IPUIPlugin
2024-05-28 15:46:53,170 [INFO] PluginManager:220 - loadIPPluginJar : add opamp
2024-05-28 15:46:53,175 [INFO] IPUIPlugin:80 - create IPUIPlugin
2024-05-28 15:46:53,175 [INFO] PluginManager:220 - loadIPPluginJar : add openamp
2024-05-28 15:46:53,180 [INFO] IPUIPlugin:80 - create IPUIPlugin
2024-05-28 15:46:53,180 [INFO] PluginManager:220 - loadIPPluginJar : add pdm2pcm
2024-05-28 15:46:53,187 [INFO] IPUIPlugin:80 - create IPUIPlugin
2024-05-28 15:46:53,190 [INFO] PluginManager:220 - loadIPPluginJar : add plateformsettings
2024-05-28 15:46:53,192 [INFO] IPUIPlugin:80 - create IPUIPlugin
2024-05-28 15:46:53,192 [INFO] PluginManager:220 - loadIPPluginJar : add quadspi
2024-05-28 15:46:53,198 [INFO] IPUIPlugin:80 - create IPUIPlugin
2024-05-28 15:46:53,198 [INFO] PluginManager:220 - loadIPPluginJar : add resmgrutility
2024-05-28 15:46:53,202 [INFO] IPUIPlugin:80 - create IPUIPlugin
2024-05-28 15:46:53,202 [INFO] PluginManager:220 - loadIPPluginJar : add sai
2024-05-28 15:46:53,205 [INFO] IPUIPlugin:80 - create IPUIPlugin
2024-05-28 15:46:53,206 [INFO] PluginManager:220 - loadIPPluginJar : add spi
2024-05-28 15:46:53,212 [INFO] IPUIPlugin:80 - create IPUIPlugin
2024-05-28 15:46:53,212 [INFO] PluginManager:220 - loadIPPluginJar : add stm32_wpan
2024-05-28 15:46:53,215 [INFO] IPUIPlugin:80 - create IPUIPlugin
2024-05-28 15:46:53,215 [INFO] PluginManager:220 - loadIPPluginJar : add tim
2024-05-28 15:46:53,219 [INFO] IPUIPlugin:80 - create IPUIPlugin
2024-05-28 15:46:53,219 [INFO] PluginManager:220 - loadIPPluginJar : add touchsensing
2024-05-28 15:46:53,222 [INFO] IPUIPlugin:80 - create IPUIPlugin
2024-05-28 15:46:53,222 [INFO] PluginManager:220 - loadIPPluginJar : add tracer_emb
2024-05-28 15:46:53,225 [INFO] IPUIPlugin:80 - create IPUIPlugin
2024-05-28 15:46:53,225 [INFO] PluginManager:220 - loadIPPluginJar : add ts
2024-05-28 15:46:53,229 [INFO] IPUIPlugin:80 - create IPUIPlugin
2024-05-28 15:46:53,229 [INFO] PluginManager:220 - loadIPPluginJar : add tsc
2024-05-28 15:46:53,232 [INFO] IPUIPlugin:80 - create IPUIPlugin
2024-05-28 15:46:53,232 [INFO] PluginManager:220 - loadIPPluginJar : add ucpd
2024-05-28 15:46:53,236 [INFO] IPUIPlugin:80 - create IPUIPlugin
2024-05-28 15:46:53,236 [INFO] PluginManager:220 - loadIPPluginJar : add usart
2024-05-28 15:46:53,240 [INFO] IPUIPlugin:80 - create IPUIPlugin
2024-05-28 15:46:53,240 [INFO] PluginManager:220 - loadIPPluginJar : add usbx
2024-05-28 15:46:53,383 [INFO] CADModel:165 - CPN selected for project level
2024-05-28 15:46:53,384 [INFO] CADModel:114 - Register for checkConnection events
2024-05-28 15:46:53,384 [FATAL] Updater:308 - Updater called before beeing initialized
2024-05-28 15:46:53,384 [ERROR] CADModel:125 - Updater not yet initialized, retry later 
2024-05-28 15:46:53,553 [INFO] CADModel:165 - CPN selected for project level
2024-05-28 15:46:53,553 [INFO] CADModel:114 - Register for checkConnection events
2024-05-28 15:46:53,554 [FATAL] Updater:308 - Updater called before beeing initialized
2024-05-28 15:46:53,554 [ERROR] CADModel:125 - Updater not yet initialized, retry later 
2024-05-28 15:46:53,558 [FATAL] Updater:308 - Updater called before beeing initialized
2024-05-28 15:46:53,674 [FATAL] Updater:308 - Updater called before beeing initialized
2024-05-28 15:46:53,681 [INFO] DbMcusAds:53 - JSON generation date=Thu May 16 11:22:00 CEST 2024 (1715851320852)
2024-05-28 15:46:53,681 [FATAL] Updater:308 - Updater called before beeing initialized
2024-05-28 15:46:53,766 [WARN] DetailPanel:346 - Failed to get advertising image, set to default
2024-05-28 15:46:53,890 [FATAL] Updater:308 - Updater called before beeing initialized
2024-05-28 15:46:53,894 [FATAL] Updater:308 - Updater called before beeing initialized
2024-05-28 15:46:53,895 [FATAL] Updater:308 - Updater called before beeing initialized
2024-05-28 15:46:53,895 [WARN] DetailPanel:346 - Failed to get advertising image, set to default
2024-05-28 15:46:53,896 [FATAL] Updater:308 - Updater called before beeing initialized
2024-05-28 15:46:53,965 [ERROR] Updater:1120 - MainUpdater not yet initialized. External WinMGr cannot be set.
2024-05-28 15:46:53,967 [INFO] Updater:1056 - Updater Version found : 6.10.0
2024-05-28 15:46:53,991 [INFO] ApplicationProperties:184 - Using Application install path: C:\ST\STM32CubeIDE_1.14.0\STM32CubeIDE\plugins\com.st.stm32cube.common.mx_6.10.0.202311202037
2024-05-28 15:46:55,337 [INFO] ThirdPartyUpdaterWithRetryManager:70 - Updater plugin not ready yet. [2/15]
2024-05-28 15:46:55,571 [ERROR] LogOutputStream:75 - [STDERR_REDIRECT] May 28, 2024 3:46:55 PM java.util.prefs.WindowsPreferences <init>
2024-05-28 15:46:55,573 [ERROR] LogOutputStream:75 - [STDERR_REDIRECT] WARNING: Could not open/create prefs root node Software\JavaSoft\Prefs at root 0xffffffff80000002. Windows RegCreateKeyEx(...) returned error code 5.
2024-05-28 15:46:55,573 [ERROR] LogOutputStream:75 - [STDERR_REDIRECT] 
2024-05-28 15:46:55,922 [INFO] MainUpdater:2873 - connection check result : 10
2024-05-28 15:46:55,923 [INFO] MainUpdater:290 - Updater Check For Update Now.
2024-05-28 15:46:55,923 [INFO] MicroXplorer:498 - Change Database Version : DB.6.0.100
2024-05-28 15:46:55,929 [INFO] McuFinderGlobals:63 - Set McuFinder mode to 2 (CubeIDE integrated)
2024-05-28 15:46:56,116 [INFO] CheckServerUpdateThread:120 - End of CheckServer Thread
2024-05-28 15:46:56,386 [INFO] UserAuth:404 - Internet connection configuration mode: 1
2024-05-28 15:46:56,405 [INFO] JxBrowserEngine:152 - Initiate JxBrowser Engine with user profile folder
2024-05-28 15:46:57,677 [INFO] WebApp:161 - Instantiating new browser for Auth
2024-05-28 15:46:58,419 [INFO] WebApp:780 - Register for checkConnection events
2024-05-28 15:46:58,420 [INFO] WebApp:414 - Apply proxy settings
2024-05-28 15:46:58,420 [INFO] WebApp:499 - Chromium requires no authentication
2024-05-28 15:46:58,432 [INFO] WebApp:442 - Direct internet connection detected
2024-05-28 15:46:58,551 [WARN] PackLoader:240 - Cannot read IP mode file for STMicroelectronics.FP-SNS-MOTENVWB1.1.4.0
2024-05-28 15:46:58,571 [WARN] PackLoader:240 - Cannot read IP mode file for STMicroelectronics.X-CUBE-SMBUS.2.1.0
2024-05-28 15:46:58,577 [WARN] PackLoader:240 - Cannot read IP mode file for STMicroelectronics.X-CUBE-TOUCHGFX.4.23.0
2024-05-28 15:46:58,582 [WARN] PackLoader:240 - Cannot read IP mode file for STMicroelectronics.X-CUBE-TOUCHGFX.4.23.2
2024-05-28 15:46:58,619 [WARN] PackLoader:240 - Cannot read IP mode file for STMicroelectronics.X-CUBE-AZRTOS-F7.1.1.0
2024-05-28 15:46:58,631 [WARN] PackLoader:240 - Cannot read IP mode file for STMicroelectronics.FP-SNS-MOTENV1.4.3.2
2024-05-28 15:46:58,640 [WARN] PackLoader:240 - Cannot read IP mode file for STMicroelectronics.FP-SNS-FLIGHT1.5.0.2
2024-05-28 15:46:58,653 [WARN] PackLoader:240 - Cannot read IP mode file for STMicroelectronics.X-CUBE-DISPLAY.3.0.0
2024-05-28 15:46:58,668 [WARN] PackLoader:240 - Cannot read IP mode file for STMicroelectronics.X-CUBE-BLE1.7.0.0
2024-05-28 15:46:58,677 [WARN] PackLoader:240 - Cannot read IP mode file for emotas.I-CUBE-CANOPEN.1.3.0
2024-05-28 15:46:58,690 [WARN] PackLoader:240 - Cannot read IP mode file for STMicroelectronics.X-CUBE-BLEMGR.3.1.0
2024-05-28 15:46:58,699 [WARN] PackLoader:240 - Cannot read IP mode file for STMicroelectronics.FP-SNS-SMARTAG2.1.2.0
2024-05-28 15:46:58,712 [INFO] LogOutputStream:77 - [STDOUT_REDIRECT] 1 : Invalid condition id : UX_CORESTACK_Condition cause : null
2024-05-28 15:46:58,712 [INFO] LogOutputStream:77 - [STDOUT_REDIRECT] 1 : Invalid condition id : UX_CORESTACK_Condition cause : null
2024-05-28 15:46:58,715 [INFO] LogOutputStream:77 - [STDOUT_REDIRECT] 1 : Invalid condition id : UX_CORESTACK_Condition cause : null
2024-05-28 15:46:58,716 [INFO] LogOutputStream:77 - [STDOUT_REDIRECT] 1 : Invalid condition id : UX_CORESTACK_Condition cause : null
2024-05-28 15:46:58,717 [INFO] LogOutputStream:77 - [STDOUT_REDIRECT] 1 : Invalid condition id : UX_CORESTACK_Condition cause : null
2024-05-28 15:46:58,723 [WARN] PackLoader:240 - Cannot read IP mode file for STMicroelectronics.X-CUBE-AZRTOS-WL.2.0.0
2024-05-28 15:46:58,730 [WARN] PackLoader:240 - Cannot read IP mode file for STMicroelectronics.FP-SNS-MOTENV1.5.0.0
2024-05-28 15:46:58,741 [WARN] PackLoader:240 - Cannot read IP mode file for WES.I-CUBE-Cesium.1.3.0
2024-05-28 15:46:58,748 [WARN] PackLoader:240 - Cannot read IP mode file for STMicroelectronics.X-CUBE-BLE2.3.3.0
2024-05-28 15:46:58,757 [WARN] PackLoader:240 - Cannot read IP mode file for STMicroelectronics.X-CUBE-TCPP.4.1.0
2024-05-28 15:46:58,767 [WARN] PackLoader:240 - Cannot read IP mode file for STMicroelectronics.X-CUBE-ALGOBUILD.1.3.0
2024-05-28 15:46:58,806 [WARN] PackLoader:240 - Cannot read IP mode file for STMicroelectronics.X-CUBE-AZRTOS-G0.1.1.0
2024-05-28 15:46:58,815 [WARN] PackLoader:240 - Cannot read IP mode file for STMicroelectronics.X-CUBE-SAFEA1.1.2.2
2024-05-28 15:46:58,821 [WARN] PackLoader:240 - Cannot read IP mode file for STMicroelectronics.X-CUBE-NFC4.3.0.0
2024-05-28 15:46:58,830 [WARN] PackLoader:240 - Cannot read IP mode file for STMicroelectronics.X-CUBE-BLEMGR.3.0.0
2024-05-28 15:46:58,836 [WARN] PackLoader:240 - Cannot read IP mode file for STMicroelectronics.FP-ATR-SIGFOX1.3.2.0
2024-05-28 15:46:58,845 [WARN] PackLoader:240 - Cannot read IP mode file for STMicroelectronics.X-CUBE-EEPRMA1.5.1.0
2024-05-28 15:46:58,853 [INFO] WebApp:192 - Starting web application
2024-05-28 15:46:58,855 [INFO] WebApp:544 - Web application path used C:\ST\STM32CubeIDE_1.14.0\STM32CubeIDE\plugins\com.st.stm32cube.common.mx_6.10.0.202311202037\db\plugins\mcufinder\reactClient1\index.html
2024-05-28 15:46:58,887 [WARN] PackLoader:240 - Cannot read IP mode file for SEGGER.I-CUBE-embOS.1.3.1
2024-05-28 15:46:58,932 [WARN] PackLoader:240 - Cannot read IP mode file for STMicroelectronics.X-CUBE-ALGOBUILD.1.4.0
2024-05-28 15:46:58,939 [WARN] PackLoader:240 - Cannot read IP mode file for STMicroelectronics.X-CUBE-GNSS1.6.0.0
2024-05-28 15:46:58,956 [WARN] PackLoader:240 - Cannot read IP mode file for STMicroelectronics.X-CUBE-AZRTOS-F4.1.1.0
2024-05-28 15:46:58,965 [WARN] PackLoader:240 - Cannot read IP mode file for STMicroelectronics.X-CUBE-FREERTOS.1.2.0
2024-05-28 15:46:58,970 [WARN] PackLoader:240 - Cannot read IP mode file for wolfSSL.I-CUBE-wolfSSL.5.6.6
2024-05-28 15:46:58,997 [WARN] PackLoader:240 - Cannot read IP mode file for STMicroelectronics.X-CUBE-AZRTOS-L5.2.0.0
2024-05-28 15:46:59,005 [WARN] PackLoader:240 - Cannot read IP mode file for STMicroelectronics.X-CUBE-EEPRMA1.4.2.0
2024-05-28 15:46:59,019 [WARN] PackLoader:240 - Cannot read IP mode file for STMicroelectronics.X-CUBE-NFC6.3.1.0
2024-05-28 15:46:59,032 [WARN] PackLoader:240 - Cannot read IP mode file for ITTIA_DB.I-CUBE-ITTIADB.8.8.0
2024-05-28 15:46:59,036 [WARN] PackLoader:240 - Cannot read IP mode file for STMicroelectronics.X-CUBE-AI.9.0.0
2024-05-28 15:46:59,042 [WARN] PackLoader:240 - Cannot read IP mode file for STMicroelectronics.X-CUBE-NFC7.1.0.1
2024-05-28 15:46:59,051 [WARN] PackLoader:240 - Cannot read IP mode file for STMicroelectronics.X-CUBE-NFC6.3.0.0
2024-05-28 15:46:59,058 [WARN] PackLoader:240 - Cannot read IP mode file for STMicroelectronics.X-CUBE-AI.8.1.0
2024-05-28 15:46:59,082 [WARN] ConditionMgr:438 - getConditionDescription Invalid condition id : LAN8742 Phy interface Condition cause : null
2024-05-28 15:46:59,083 [WARN] PackLoader:240 - Cannot read IP mode file for STMicroelectronics.X-CUBE-AZRTOS-L4.2.0.0
2024-05-28 15:46:59,084 [WARN] ConditionMgr:1039 - genDependencies : Invalid condition id : LAN8742 Phy interface Condition cause : null
2024-05-28 15:46:59,085 [WARN] ConditionMgr:1039 - genDependencies : Invalid condition id : LAN8742 Phy interface Condition cause : null
2024-05-28 15:46:59,085 [WARN] ConditionMgr:1039 - genDependencies : Invalid condition id : LAN8742 Phy interface Condition cause : null
2024-05-28 15:46:59,097 [WARN] PackLoader:240 - Cannot read IP mode file for STMicroelectronics.X-CUBE-SFXS2LP1.4.0.0
2024-05-28 15:46:59,115 [WARN] ConditionMgr:438 - getConditionDescription Invalid condition id : UX DEVICE CLASS RTOS Condition cause : null
2024-05-28 15:46:59,115 [WARN] ConditionMgr:438 - getConditionDescription Invalid condition id : UX DEVICE CLASS RTOS Condition cause : null
2024-05-28 15:46:59,117 [WARN] PackLoader:240 - Cannot read IP mode file for STMicroelectronics.X-CUBE-AZRTOS-WB.2.0.0
2024-05-28 15:46:59,118 [WARN] ConditionMgr:1039 - genDependencies : Invalid condition id : UX DEVICE CLASS RTOS Condition cause : null
2024-05-28 15:46:59,118 [WARN] ConditionMgr:1039 - genDependencies : Invalid condition id : UX DEVICE CLASS RTOS Condition cause : null
2024-05-28 15:46:59,119 [WARN] ConditionMgr:1039 - genDependencies : Invalid condition id : UX DEVICE CLASS RTOS Condition cause : null
2024-05-28 15:46:59,119 [WARN] ConditionMgr:1039 - genDependencies : Invalid condition id : UX DEVICE CLASS RTOS Condition cause : null
2024-05-28 15:46:59,119 [WARN] ConditionMgr:1039 - genDependencies : Invalid condition id : UX DEVICE CLASS RTOS Condition cause : null
2024-05-28 15:46:59,131 [WARN] PackLoader:240 - Cannot read IP mode file for STMicroelectronics.X-CUBE-SUBG2.5.0.0
2024-05-28 15:46:59,140 [WARN] PackLoader:240 - Cannot read IP mode file for Cesanta.I-CUBE-Mongoose.7.13.0
2024-05-28 15:46:59,155 [WARN] PackLoader:240 - Cannot read IP mode file for STMicroelectronics.X-CUBE-AZRTOS-G4.2.0.0
2024-05-28 15:46:59,173 [WARN] PackLoader:240 - Cannot read IP mode file for Infineon.AIROC-Wi-Fi-Bluetooth-STM32.1.5.1
2024-05-28 15:46:59,180 [WARN] PackLoader:240 - Cannot read IP mode file for STMicroelectronics.FP-SNS-MOTENVWB1.1.3.1
2024-05-28 15:46:59,186 [WARN] PackLoader:240 - Cannot read IP mode file for STMicroelectronics.X-CUBE-ISPU.2.0.0
2024-05-28 15:46:59,190 [WARN] PackLoader:240 - Cannot read IP mode file for STMicroelectronics.X-CUBE-ALS.1.0.2
2024-05-28 15:46:59,232 [WARN] PackLoader:240 - Cannot read IP mode file for STMicroelectronics.X-CUBE-MEMS1.10.0.0
2024-05-28 15:46:59,403 [WARN] PackLoader:240 - Cannot read IP mode file for STMicroelectronics.X-CUBE-FREERTOS.1.1.0
2024-05-28 15:46:59,408 [WARN] PackLoader:240 - Cannot read IP mode file for portGmbH.I-Cube-SoM-uGOAL.1.1.0
2024-05-28 15:46:59,412 [WARN] PackLoader:240 - Cannot read IP mode file for STMicroelectronics.X-CUBE-ALS.1.0.1
2024-05-28 15:46:59,427 [WARN] PackLoader:240 - Cannot read IP mode file for STMicroelectronics.X-CUBE-AZRTOS-H7RS.1.0.0
2024-05-28 15:46:59,433 [WARN] PackLoader:240 - Cannot read IP mode file for STMicroelectronics.FP-ATR-ASTRA1.2.0.0
2024-05-28 15:46:59,441 [WARN] PackLoader:240 - Cannot read IP mode file for STMicroelectronics.X-CUBE-TOF1.3.4.0
2024-05-28 15:46:59,474 [WARN] PackLoader:240 - Cannot read IP mode file for STMicroelectronics.X-CUBE-TOF1.3.4.1
2024-05-28 15:46:59,500 [WARN] PackLoader:240 - Cannot read IP mode file for STMicroelectronics.X-CUBE-AZRTOS-H7.3.2.0
2024-05-28 15:46:59,503 [INFO] ThirdParty:978 - Integrity check success = true
2024-05-28 15:46:59,503 [INFO] IntegrityCheckThread:100 - exiting critical section [integrity check]
2024-05-28 15:46:59,503 [INFO] IntegrityCheckThread:103 - End integrity checks thread
2024-05-28 15:47:19,525 [ERROR] LogOutputStream:75 - [STDERR_REDIRECT] SLF4J: Failed to load class "org.slf4j.impl.StaticLoggerBinder".
2024-05-28 15:47:19,526 [ERROR] LogOutputStream:75 - [STDERR_REDIRECT] SLF4J: Defaulting to no-operation (NOP) logger implementation
2024-05-28 15:47:19,527 [ERROR] LogOutputStream:75 - [STDERR_REDIRECT] SLF4J: See http://www.slf4j.org/codes.html#StaticLoggerBinder for further details.
2024-05-28 15:50:57,711 [ERROR] LogOutputStream:75 - [STDERR_REDIRECT] 
