2024-05-14 18:31:48,723 [INFO] Activator:176 - 


2024-05-14 18:31:48,730 [INFO] Activator:177 - !SESSION log4j initialized
2024-05-14 18:31:54,541 [INFO] LogOutputStream:77 - [STDOUT_REDIRECT] 
2024-05-14 18:31:57,596 [INFO] ApplicationProperties:184 - Using Application install path: C:\ST\STM32CubeIDE_1.14.0\STM32CubeIDE\plugins\com.st.stm32cube.common.mx_6.10.0.202311202037
2024-05-14 18:31:57,619 [INFO] DbMcusXml:78 - Set database path to: C:\ST\STM32CubeIDE_1.14.0\STM32CubeIDE\plugins\com.st.stm32cube.common.mx_6.10.0.202311202037\\db\/mcu/
2024-05-14 18:31:57,620 [INFO] ApiDb:274 - Set plugin database path to: C:\ST\STM32CubeIDE_1.14.0\STM32CubeIDE\plugins\com.st.stm32cube.common.mx_6.10.0.202311202037\\db\/plugins/boardmanager/
2024-05-14 18:31:57,620 [WARN] ApiDb:259 - Overriding images path with different value:  => C:\ST\STM32CubeIDE_1.14.0\STM32CubeIDE\plugins\com.st.stm32cube.common.mx_6.10.0.202311202037\\db\/plugins/mcufinder/images/
2024-05-14 18:31:57,632 [INFO] ApiDb:250 - Set database path to: C:\Users\domin\.stmcufinder\plugins\mcufinder//mcu/
2024-05-14 18:31:57,633 [INFO] DbMcusAds:125 - Set database path to: C:\Users\domin\.stmcufinder\plugins\mcufinder//mcu/
2024-05-14 18:31:57,635 [INFO] CrossReferenceDbSqlite:203 - Set database path to: C:\Users\domin\.stmcufinder\plugins\mcufinder//mcu/cs/
2024-05-14 18:31:57,787 [INFO] RulesReader:64 - Compatibility file has been processed (297 Rules)
2024-05-14 18:31:57,891 [INFO] DbMcusXml:78 - Set database path to: C:\ST\STM32CubeIDE_1.14.0\STM32CubeIDE\plugins\com.st.stm32cube.common.mx_6.10.0.202311202037\\db\/mcu/
2024-05-14 18:31:57,892 [INFO] ApiDb:274 - Set plugin database path to: C:\ST\STM32CubeIDE_1.14.0\STM32CubeIDE\plugins\com.st.stm32cube.common.mx_6.10.0.202311202037\\db\/plugins/boardmanager/
2024-05-14 18:31:57,892 [INFO] ApiDb:261 - Set plugin images path to: C:\ST\STM32CubeIDE_1.14.0\STM32CubeIDE\plugins\com.st.stm32cube.common.mx_6.10.0.202311202037\\db\/plugins/mcufinder/images/
2024-05-14 18:31:57,892 [WARN] DbFile:41 - Overriding database path with different value: C:\Users\domin\.stmcufinder\plugins\mcufinder/ => C:\Users\domin\.stmcufinder\plugins\mcufinder
2024-05-14 18:31:57,892 [INFO] ApiDb:250 - Set database path to: C:\Users\domin\.stmcufinder\plugins\mcufinder//mcu/
2024-05-14 18:31:57,892 [WARN] DbFile:41 - Overriding database path with different value: C:\Users\domin\.stmcufinder\plugins\mcufinder/ => C:\Users\domin\.stmcufinder\plugins\mcufinder
2024-05-14 18:31:57,892 [INFO] DbMcusAds:125 - Set database path to: C:\Users\domin\.stmcufinder\plugins\mcufinder//mcu/
2024-05-14 18:31:57,893 [WARN] DbFile:41 - Overriding database path with different value: C:\Users\domin\.stmcufinder\plugins\mcufinder/ => C:\Users\domin\.stmcufinder\plugins\mcufinder
2024-05-14 18:31:57,893 [WARN] DbFile:41 - Overriding database path with different value: C:\Users\domin\.stmcufinder\plugins\mcufinder/ => C:\Users\domin\.stmcufinder\plugins\mcufinder
2024-05-14 18:31:57,893 [INFO] CrossReferenceDbSqlite:203 - Set database path to: C:\Users\domin\.stmcufinder\plugins\mcufinder//mcu/cs/
2024-05-14 18:31:58,007 [INFO] MainPanel:264 - HeapMemory: 268435456
2024-05-14 18:31:58,154 [INFO] DbMcusXml:78 - Set database path to: C:\ST\STM32CubeIDE_1.14.0\STM32CubeIDE\plugins\com.st.stm32cube.common.mx_6.10.0.202311202037\\db\/mcu/
2024-05-14 18:31:58,154 [INFO] ApiDb:274 - Set plugin database path to: C:\ST\STM32CubeIDE_1.14.0\STM32CubeIDE\plugins\com.st.stm32cube.common.mx_6.10.0.202311202037\\db\/plugins/boardmanager/
2024-05-14 18:31:58,154 [INFO] ApiDb:261 - Set plugin images path to: C:\ST\STM32CubeIDE_1.14.0\STM32CubeIDE\plugins\com.st.stm32cube.common.mx_6.10.0.202311202037\\db\/plugins/mcufinder/images/
2024-05-14 18:31:58,155 [WARN] DbFile:41 - Overriding database path with different value: C:\Users\domin\.stmcufinder\plugins\mcufinder/ => C:\Users\domin\.stmcufinder\plugins\mcufinder
2024-05-14 18:31:58,155 [INFO] ApiDb:250 - Set database path to: C:\Users\domin\.stmcufinder\plugins\mcufinder//mcu/
2024-05-14 18:31:58,155 [WARN] DbFile:41 - Overriding database path with different value: C:\Users\domin\.stmcufinder\plugins\mcufinder/ => C:\Users\domin\.stmcufinder\plugins\mcufinder
2024-05-14 18:31:58,155 [INFO] DbMcusAds:125 - Set database path to: C:\Users\domin\.stmcufinder\plugins\mcufinder//mcu/
2024-05-14 18:31:58,156 [WARN] DbFile:41 - Overriding database path with different value: C:\Users\domin\.stmcufinder\plugins\mcufinder/ => C:\Users\domin\.stmcufinder\plugins\mcufinder
2024-05-14 18:31:58,156 [WARN] DbFile:41 - Overriding database path with different value: C:\Users\domin\.stmcufinder\plugins\mcufinder/ => C:\Users\domin\.stmcufinder\plugins\mcufinder
2024-05-14 18:31:58,156 [INFO] CrossReferenceDbSqlite:203 - Set database path to: C:\Users\domin\.stmcufinder\plugins\mcufinder//mcu/cs/
2024-05-14 18:31:58,191 [INFO] ApplicationProperties:184 - Using Application install path: C:\ST\STM32CubeIDE_1.14.0\STM32CubeIDE\plugins\com.st.stm32cube.common.mx_6.10.0.202311202037
2024-05-14 18:31:58,195 [INFO] PluginManage:196 - Search for loadable plugins [exclusion list=, ]
2024-05-14 18:31:58,199 [INFO] PluginManage:310 - Check plugin analytics
2024-05-14 18:31:58,534 [INFO] AnalyticsPlugin:253 - Accepted Software Licenses: 
2024-05-14 18:31:58,535 [INFO] AnalyticsPlugin:255 - Accepted CMSIS Pack Licenses: 
2024-05-14 18:31:58,536 [INFO] AnalyticsPlugin:257 - Accepted Firmware Licenses: FW.L4.1.18.0
2024-05-14 18:31:58,550 [INFO] PluginManage:359 - Loaded plugin analytics (category:tool,tabindex:-1)
2024-05-14 18:31:58,551 [INFO] PluginManage:310 - Check plugin cadmodel
2024-05-14 18:31:58,563 [INFO] CADModel:105 - Init CAD model plugin
2024-05-14 18:31:58,563 [INFO] PluginManage:359 - Loaded plugin cadmodel (category:power,tabindex:5)
2024-05-14 18:31:58,564 [INFO] PluginManage:310 - Check plugin clock
2024-05-14 18:31:58,580 [INFO] PluginManage:359 - Loaded plugin clock (category:base,tabindex:2)
2024-05-14 18:31:58,580 [INFO] PluginManage:310 - Check plugin ddr
2024-05-14 18:31:58,586 [INFO] PluginManage:359 - Loaded plugin ddr (category:tool,tabindex:6)
2024-05-14 18:31:58,586 [INFO] PluginManage:310 - Check plugin filemanager
2024-05-14 18:31:58,837 [INFO] PluginManage:359 - Loaded plugin filemanager (category:base,tabindex:10)
2024-05-14 18:31:58,837 [INFO] PluginManage:310 - Check plugin ipmanager
2024-05-14 18:31:58,848 [INFO] PluginManage:359 - Loaded plugin ipmanager (category:base,tabindex:5)
2024-05-14 18:31:58,848 [INFO] PluginManage:310 - Check plugin lpbam
2024-05-14 18:31:58,859 [INFO] PluginManage:359 - Loaded plugin lpbam (category:base,tabindex:0)
2024-05-14 18:31:58,860 [INFO] PluginManage:310 - Check plugin memorymap
2024-05-14 18:31:58,882 [INFO] PluginManage:359 - Loaded plugin memorymap (category:base,tabindex:4)
2024-05-14 18:31:58,882 [INFO] PluginManage:310 - Check plugin pinoutandconfiguration
2024-05-14 18:31:58,890 [INFO] PluginManage:359 - Loaded plugin pinoutandconfiguration (category:base,tabindex:1)
2024-05-14 18:31:58,891 [INFO] PluginManage:310 - Check plugin pinoutconfig
2024-05-14 18:31:59,188 [WARN] SupportedApi:132 - Cannot load RTOS API schema: s4s-elt-must-match.1: The content of 'definitions' must match (annotation?, (simpleType | complexType)?, (unique | key | keyref)*)). A problem was found starting at: attribute.
2024-05-14 18:31:59,615 [INFO] PluginManage:359 - Loaded plugin pinoutconfig (category:base,tabindex:0)
2024-05-14 18:31:59,616 [INFO] PluginManage:310 - Check plugin power
2024-05-14 18:31:59,636 [INFO] PluginManage:359 - Loaded plugin power (category:power,tabindex:4)
2024-05-14 18:31:59,636 [INFO] PluginManage:310 - Check plugin projectmanager
2024-05-14 18:31:59,666 [INFO] PluginManage:359 - Loaded plugin projectmanager (category:projectmanager,tabindex:3)
2024-05-14 18:31:59,666 [INFO] PluginManage:310 - Check plugin thirdparty
2024-05-14 18:31:59,998 [INFO] PluginManage:359 - Loaded plugin thirdparty (category:base,tabindex:-1)
2024-05-14 18:31:59,998 [INFO] PluginManage:310 - Check plugin tools
2024-05-14 18:32:00,001 [WARN] IntegrityCheckThread:84 - waiting for thirdparty lock release [integrity check]
2024-05-14 18:32:00,004 [INFO] IntegrityCheckThread:86 - entering critical section [integrity check]
2024-05-14 18:32:00,006 [INFO] ThirdPartyUpdaterWithRetryManager:70 - Updater plugin not ready yet. [1/15]
2024-05-14 18:32:00,006 [INFO] PluginManage:359 - Loaded plugin tools (category:base,tabindex:7)
2024-05-14 18:32:00,006 [INFO] PluginManage:310 - Check plugin tutovideos
2024-05-14 18:32:00,524 [INFO] PluginManage:359 - Loaded plugin tutovideos (category:base,tabindex:-1)
2024-05-14 18:32:00,525 [INFO] PluginManage:310 - Check plugin updater
2024-05-14 18:32:00,544 [INFO] PluginManage:359 - Loaded plugin updater (category:base,tabindex:12)
2024-05-14 18:32:00,544 [INFO] PluginManage:310 - Check plugin userauth
2024-05-14 18:32:00,554 [INFO] UserAuth:114 - Init User Auth plugin
2024-05-14 18:32:00,554 [INFO] PluginManage:359 - Loaded plugin userauth (category:base,tabindex:14)
2024-05-14 18:32:00,555 [INFO] PluginManage:283 - PluginManage : Loaded plugins [17]
2024-05-14 18:32:00,983 [INFO] PinOutPanel:1499 - setPackage(No Configuration,No Configuration)
2024-05-14 18:32:01,113 [INFO] CADModel:165 - CPN selected for project level
2024-05-14 18:32:01,115 [INFO] CADModel:114 - Register for checkConnection events
2024-05-14 18:32:01,146 [INFO] IPUIPlugin:80 - create IPUIPlugin
2024-05-14 18:32:01,147 [INFO] PluginManager:220 - loadIPPluginJar : add adc
2024-05-14 18:32:01,152 [INFO] IPUIPlugin:80 - create IPUIPlugin
2024-05-14 18:32:01,153 [INFO] PluginManager:220 - loadIPPluginJar : add aes
2024-05-14 18:32:01,185 [INFO] IPUIPlugin:80 - create IPUIPlugin
2024-05-14 18:32:01,185 [INFO] PluginManager:220 - loadIPPluginJar : add can
2024-05-14 18:32:01,188 [INFO] IPUIPlugin:80 - create IPUIPlugin
2024-05-14 18:32:01,188 [INFO] PluginManager:220 - loadIPPluginJar : add comp
2024-05-14 18:32:01,192 [INFO] IPUIPlugin:80 - create IPUIPlugin
2024-05-14 18:32:01,192 [INFO] PluginManager:220 - loadIPPluginJar : add cryp
2024-05-14 18:32:01,199 [INFO] IPUIPlugin:80 - create IPUIPlugin
2024-05-14 18:32:01,199 [INFO] PluginManager:220 - loadIPPluginJar : add dfsdm
2024-05-14 18:32:01,207 [INFO] IPUIPlugin:80 - create IPUIPlugin
2024-05-14 18:32:01,209 [INFO] PluginManager:220 - loadIPPluginJar : add dma
2024-05-14 18:32:01,215 [INFO] IPUIPlugin:80 - create IPUIPlugin
2024-05-14 18:32:01,215 [INFO] PluginManager:220 - loadIPPluginJar : add dma3
2024-05-14 18:32:01,221 [INFO] IPUIPlugin:80 - create IPUIPlugin
2024-05-14 18:32:01,221 [INFO] PluginManager:220 - loadIPPluginJar : add fatfs
2024-05-14 18:32:01,227 [INFO] IPUIPlugin:80 - create IPUIPlugin
2024-05-14 18:32:01,228 [INFO] PluginManager:220 - loadIPPluginJar : add fmc
2024-05-14 18:32:01,238 [INFO] IPUIPlugin:80 - create IPUIPlugin
2024-05-14 18:32:01,238 [INFO] PluginManager:220 - loadIPPluginJar : add freertos
2024-05-14 18:32:01,241 [INFO] IPUIPlugin:80 - create IPUIPlugin
2024-05-14 18:32:01,241 [INFO] PluginManager:220 - loadIPPluginJar : add genericplugin
2024-05-14 18:32:01,250 [INFO] IPUIPlugin:80 - create IPUIPlugin
2024-05-14 18:32:01,250 [INFO] PluginManager:220 - loadIPPluginJar : add gfxmmu
2024-05-14 18:32:01,257 [INFO] IPUIPlugin:80 - create IPUIPlugin
2024-05-14 18:32:01,258 [INFO] PluginManager:220 - loadIPPluginJar : add gic
2024-05-14 18:32:01,268 [INFO] IPUIPlugin:80 - create IPUIPlugin
2024-05-14 18:32:01,269 [INFO] PluginManager:220 - loadIPPluginJar : add gpio
2024-05-14 18:32:01,273 [INFO] IPUIPlugin:80 - create IPUIPlugin
2024-05-14 18:32:01,274 [INFO] PluginManager:220 - loadIPPluginJar : add gtzc
2024-05-14 18:32:01,278 [INFO] IPUIPlugin:80 - create IPUIPlugin
2024-05-14 18:32:01,279 [INFO] PluginManager:220 - loadIPPluginJar : add hash
2024-05-14 18:32:01,283 [INFO] IPUIPlugin:80 - create IPUIPlugin
2024-05-14 18:32:01,283 [INFO] PluginManager:220 - loadIPPluginJar : add i2c
2024-05-14 18:32:01,287 [INFO] IPUIPlugin:80 - create IPUIPlugin
2024-05-14 18:32:01,287 [INFO] PluginManager:220 - loadIPPluginJar : add i2s
2024-05-14 18:32:01,291 [INFO] IPUIPlugin:80 - create IPUIPlugin
2024-05-14 18:32:01,291 [INFO] PluginManager:220 - loadIPPluginJar : add i3c
2024-05-14 18:32:01,297 [INFO] IPUIPlugin:80 - create IPUIPlugin
2024-05-14 18:32:01,299 [INFO] PluginManager:220 - loadIPPluginJar : add ipddr
2024-05-14 18:32:01,315 [INFO] IPUIPlugin:80 - create IPUIPlugin
2024-05-14 18:32:01,315 [INFO] PluginManager:220 - loadIPPluginJar : add linkedlist
2024-05-14 18:32:01,321 [INFO] IPUIPlugin:80 - create IPUIPlugin
2024-05-14 18:32:01,321 [INFO] PluginManager:220 - loadIPPluginJar : add lorawan
2024-05-14 18:32:01,324 [INFO] IPUIPlugin:80 - create IPUIPlugin
2024-05-14 18:32:01,325 [INFO] PluginManager:220 - loadIPPluginJar : add ltdc
2024-05-14 18:32:01,337 [INFO] IPUIPlugin:80 - create IPUIPlugin
2024-05-14 18:32:01,338 [INFO] PluginManager:220 - loadIPPluginJar : add mdma
2024-05-14 18:32:01,346 [INFO] IPUIPlugin:80 - create IPUIPlugin
2024-05-14 18:32:01,347 [INFO] PluginManager:220 - loadIPPluginJar : add nvic
2024-05-14 18:32:01,352 [INFO] IPUIPlugin:80 - create IPUIPlugin
2024-05-14 18:32:01,352 [INFO] PluginManager:220 - loadIPPluginJar : add opamp
2024-05-14 18:32:01,359 [INFO] IPUIPlugin:80 - create IPUIPlugin
2024-05-14 18:32:01,360 [INFO] PluginManager:220 - loadIPPluginJar : add openamp
2024-05-14 18:32:01,367 [INFO] IPUIPlugin:80 - create IPUIPlugin
2024-05-14 18:32:01,367 [INFO] PluginManager:220 - loadIPPluginJar : add pdm2pcm
2024-05-14 18:32:01,380 [INFO] IPUIPlugin:80 - create IPUIPlugin
2024-05-14 18:32:01,386 [INFO] PluginManager:220 - loadIPPluginJar : add plateformsettings
2024-05-14 18:32:01,391 [INFO] IPUIPlugin:80 - create IPUIPlugin
2024-05-14 18:32:01,391 [INFO] PluginManager:220 - loadIPPluginJar : add quadspi
2024-05-14 18:32:01,402 [INFO] IPUIPlugin:80 - create IPUIPlugin
2024-05-14 18:32:01,402 [INFO] PluginManager:220 - loadIPPluginJar : add resmgrutility
2024-05-14 18:32:01,413 [INFO] IPUIPlugin:80 - create IPUIPlugin
2024-05-14 18:32:01,413 [INFO] PluginManager:220 - loadIPPluginJar : add sai
2024-05-14 18:32:01,417 [INFO] IPUIPlugin:80 - create IPUIPlugin
2024-05-14 18:32:01,418 [INFO] PluginManager:220 - loadIPPluginJar : add spi
2024-05-14 18:32:01,431 [INFO] IPUIPlugin:80 - create IPUIPlugin
2024-05-14 18:32:01,431 [INFO] PluginManager:220 - loadIPPluginJar : add stm32_wpan
2024-05-14 18:32:01,438 [INFO] IPUIPlugin:80 - create IPUIPlugin
2024-05-14 18:32:01,439 [INFO] PluginManager:220 - loadIPPluginJar : add tim
2024-05-14 18:32:01,446 [INFO] IPUIPlugin:80 - create IPUIPlugin
2024-05-14 18:32:01,448 [INFO] PluginManager:220 - loadIPPluginJar : add touchsensing
2024-05-14 18:32:01,451 [INFO] IPUIPlugin:80 - create IPUIPlugin
2024-05-14 18:32:01,452 [INFO] PluginManager:220 - loadIPPluginJar : add tracer_emb
2024-05-14 18:32:01,455 [INFO] IPUIPlugin:80 - create IPUIPlugin
2024-05-14 18:32:01,455 [INFO] PluginManager:220 - loadIPPluginJar : add ts
2024-05-14 18:32:01,459 [INFO] IPUIPlugin:80 - create IPUIPlugin
2024-05-14 18:32:01,459 [INFO] PluginManager:220 - loadIPPluginJar : add tsc
2024-05-14 18:32:01,464 [INFO] IPUIPlugin:80 - create IPUIPlugin
2024-05-14 18:32:01,464 [INFO] PluginManager:220 - loadIPPluginJar : add ucpd
2024-05-14 18:32:01,470 [INFO] IPUIPlugin:80 - create IPUIPlugin
2024-05-14 18:32:01,470 [INFO] PluginManager:220 - loadIPPluginJar : add usart
2024-05-14 18:32:01,476 [INFO] IPUIPlugin:80 - create IPUIPlugin
2024-05-14 18:32:01,476 [INFO] PluginManager:220 - loadIPPluginJar : add usbx
2024-05-14 18:32:01,732 [INFO] CADModel:165 - CPN selected for project level
2024-05-14 18:32:01,732 [INFO] CADModel:114 - Register for checkConnection events
2024-05-14 18:32:01,732 [FATAL] Updater:308 - Updater called before beeing initialized
2024-05-14 18:32:01,732 [ERROR] CADModel:125 - Updater not yet initialized, retry later 
2024-05-14 18:32:01,984 [INFO] CADModel:165 - CPN selected for project level
2024-05-14 18:32:01,985 [INFO] CADModel:114 - Register for checkConnection events
2024-05-14 18:32:01,985 [FATAL] Updater:308 - Updater called before beeing initialized
2024-05-14 18:32:01,985 [ERROR] CADModel:125 - Updater not yet initialized, retry later 
2024-05-14 18:32:01,990 [FATAL] Updater:308 - Updater called before beeing initialized
2024-05-14 18:32:02,163 [FATAL] Updater:308 - Updater called before beeing initialized
2024-05-14 18:32:02,169 [INFO] DbMcusAds:53 - JSON generation date=Thu May 02 10:37:29 CEST 2024 (1714639049318)
2024-05-14 18:32:02,170 [FATAL] Updater:308 - Updater called before beeing initialized
2024-05-14 18:32:02,255 [WARN] DetailPanel:346 - Failed to get advertising image, set to default
2024-05-14 18:32:02,369 [FATAL] Updater:308 - Updater called before beeing initialized
2024-05-14 18:32:02,371 [FATAL] Updater:308 - Updater called before beeing initialized
2024-05-14 18:32:02,371 [FATAL] Updater:308 - Updater called before beeing initialized
2024-05-14 18:32:02,371 [WARN] DetailPanel:346 - Failed to get advertising image, set to default
2024-05-14 18:32:02,372 [FATAL] Updater:308 - Updater called before beeing initialized
2024-05-14 18:32:02,441 [ERROR] Updater:1120 - MainUpdater not yet initialized. External WinMGr cannot be set.
2024-05-14 18:32:02,445 [INFO] Updater:1056 - Updater Version found : 6.10.0
2024-05-14 18:32:02,469 [INFO] ApplicationProperties:184 - Using Application install path: C:\ST\STM32CubeIDE_1.14.0\STM32CubeIDE\plugins\com.st.stm32cube.common.mx_6.10.0.202311202037
2024-05-14 18:32:03,007 [INFO] ThirdPartyUpdaterWithRetryManager:70 - Updater plugin not ready yet. [2/15]
2024-05-14 18:32:04,057 [ERROR] LogOutputStream:75 - [STDERR_REDIRECT] May 14, 2024 6:32:04 PM java.util.prefs.WindowsPreferences <init>
2024-05-14 18:32:04,064 [ERROR] LogOutputStream:75 - [STDERR_REDIRECT] WARNING: Could not open/create prefs root node Software\JavaSoft\Prefs at root 0xffffffff80000002. Windows RegCreateKeyEx(...) returned error code 5.
2024-05-14 18:32:04,064 [ERROR] LogOutputStream:75 - [STDERR_REDIRECT] 
2024-05-14 18:32:04,463 [INFO] MainUpdater:2873 - connection check result : 10
2024-05-14 18:32:04,464 [INFO] MainUpdater:3567 - Updater definition file requires update
2024-05-14 18:32:04,464 [INFO] MainUpdater:290 - Updater Check For Update Now.
2024-05-14 18:32:04,466 [INFO] MicroXplorer:498 - Change Database Version : DB.6.0.100
2024-05-14 18:32:04,484 [INFO] McuFinderGlobals:63 - Set McuFinder mode to 2 (CubeIDE integrated)
2024-05-14 18:32:04,558 [INFO] ServerAccessManage:473 - Download File updaters.zip
2024-05-14 18:32:04,617 [INFO] FileExtend:240 - Unzip File : updaters.zip
2024-05-14 18:32:04,618 [INFO] FileExtend:255 - Standard Zip Deflate
2024-05-14 18:32:04,753 [INFO] UserAuth:404 - Internet connection configuration mode: 1
2024-05-14 18:32:04,782 [INFO] JxBrowserEngine:152 - Initiate JxBrowser Engine with user profile folder
2024-05-14 18:32:05,251 [INFO] ServerAccessManage:473 - Download File PacksControlFlags.xml
2024-05-14 18:32:05,310 [INFO] ServerAccessManage:473 - Download File cubemx.pidx
2024-05-14 18:32:05,317 [INFO] McuFinderGlobals:63 - Set McuFinder mode to 2 (CubeIDE integrated)
2024-05-14 18:32:06,008 [WARN] MainUpdater:1194 - Updater busy. Cannot search thirdparties
2024-05-14 18:32:06,010 [INFO] ThirdPartyUpdaterWithRetryManager:96 - Updater plugin is busy. [1/15]
2024-05-14 18:32:06,317 [INFO] WebApp:161 - Instantiating new browser for Auth
2024-05-14 18:32:06,500 [INFO] ServerAccessManage:473 - Download File STMicroelectronics.X-CUBE-ALGOBUILD.pdsc
2024-05-14 18:32:07,257 [INFO] WebApp:780 - Register for checkConnection events
2024-05-14 18:32:07,257 [INFO] WebApp:414 - Apply proxy settings
2024-05-14 18:32:07,258 [INFO] WebApp:499 - Chromium requires no authentication
2024-05-14 18:32:07,274 [INFO] WebApp:442 - Direct internet connection detected
2024-05-14 18:32:07,667 [INFO] WebApp:192 - Starting web application
2024-05-14 18:32:07,667 [INFO] WebApp:544 - Web application path used C:\ST\STM32CubeIDE_1.14.0\STM32CubeIDE\plugins\com.st.stm32cube.common.mx_6.10.0.202311202037\db\plugins\mcufinder\reactClient1\index.html
2024-05-14 18:32:08,424 [INFO] ServerAccessManage:473 - Download File Cesanta.I-CUBE-Mongoose.pdsc
2024-05-14 18:32:09,013 [WARN] MainUpdater:1194 - Updater busy. Cannot search thirdparties
2024-05-14 18:32:09,013 [INFO] ThirdPartyUpdaterWithRetryManager:96 - Updater plugin is busy. [2/15]
2024-05-14 18:32:09,498 [WARN] PackLoader:240 - Cannot read IP mode file for STMicroelectronics.X-CUBE-ALGOBUILD.1.4.0
2024-05-14 18:32:09,512 [WARN] PackLoader:240 - Cannot read IP mode file for Cesanta.I-CUBE-Mongoose.7.13.0
2024-05-14 18:32:09,512 [INFO] PopulateThirdPartyThread:66 - Ending populate Thread
2024-05-14 18:32:09,514 [INFO] ThirdParty:1030 - CMSIS Pack Vendor :Cesanta I-CUBE-Mongoose 7.13.0
2024-05-14 18:32:09,514 [INFO] ThirdParty:1030 - CMSIS Pack Vendor :STMicroelectronics X-CUBE-ALGOBUILD 1.4.0
2024-05-14 18:32:09,514 [INFO] LoadServerUpdatesThread:375 - End of LoadServerUpdate Thread
2024-05-14 18:32:09,620 [INFO] CheckServerUpdateThread:120 - End of CheckServer Thread
2024-05-14 18:32:09,738 [INFO] MainUpdater:2873 - connection check result : 10
2024-05-14 18:32:10,298 [INFO] ApiDb:581 - Connected to CubeFinder SQLite database (C:\Users\domin\.stmcufinder\plugins\mcufinder\mcu\cube-finder-db.db)
2024-05-14 18:32:10,419 [INFO] ApiDb:668 - CubeFinder database Data Model version=2.1
2024-05-14 18:32:10,420 [INFO] ApiDb:669 - CubeFinder database Configuration version=3.0.39
2024-05-14 18:32:10,420 [INFO] ApiDb:670 - CubeFinder database generation date=2024-04-15 (1713193726)
2024-05-14 18:32:10,420 [INFO] ApiDb:671 - CubeFinder database FW Pack versions=[FP-ATR-ASTRA1_V2.0.0, FP-SNS-FLIGHT1_V5.0.1, FP-SNS-FLIGHT1_V5.0.2, FP-SNS-MOTENV1_V4.3.1, FP-SNS-MOTENV1_V4.3.2, FP-SNS-MOTENVWB1_V1.3.1, FP-SNS-SMARTAG2_V1.2.0, STM32Cube_FW_C0_V1.1.0, STM32Cube_FW_F4_V1.28.0, STM32Cube_FW_F7_V1.17.0, STM32Cube_FW_G0_V1.6.2, STM32Cube_FW_G4_V1.5.2, STM32Cube_FW_H5_V0.5.1, STM32Cube_FW_H5_V1.1.1, STM32Cube_FW_H5_V1.2.0, STM32Cube_FW_H5_V1.2.0RC4, STM32Cube_FW_H7RS_V1.0.0, STM32Cube_FW_H7RS_V1.0.0RC4, STM32Cube_FW_H7_V1.11.0, STM32Cube_FW_L0_V1.12.2, STM32Cube_FW_L5_V1.5.1, STM32Cube_FW_U0_V1.0.0, STM32Cube_FW_U0_V1.0.0RC1, STM32Cube_FW_U5_V1.3.0RC4, STM32Cube_FW_U5_V1.5.0, STM32Cube_FW_U5_V1.5.0RC1, STM32Cube_FW_WBA_V1.0.0RC1, STM32Cube_FW_WBA_V1.2.0, STM32Cube_FW_WBA_V1.2.0RC2, STM32Cube_FW_WBA_V1.3.0, STM32Cube_FW_WBA_V1.3.0RC1, STM32Cube_FW_WB_V1.15.0RC1, STM32Cube_FW_WB_V1.16.0, STM32Cube_FW_WB_V1.16.0RC2, STM32Cube_FW_WB_V1.18.0, STM32Cube_FW_WB_V1.19.0, STM32Cube_FW_WL_V1.3.0, X-CUBE-ALGOBUILD_V1.3.0, X-CUBE-ALS_V1.0.1, X-CUBE-AZRTOS-F4_V1.1.0, X-CUBE-AZRTOS-F7_V1.1.0, X-CUBE-AZRTOS-G0_V1.1.0, X-CUBE-AZRTOS-G4_V2.0.0, X-CUBE-AZRTOS-H7_V3.2.0, X-CUBE-AZRTOS-L4_V1.0.0, X-CUBE-AZRTOS-L4_V2.0.0, X-CUBE-AZRTOS-L5_V1.1.0, X-CUBE-AZRTOS-WB_V2.0.0, X-CUBE-AZRTOS-WL_V2.0.0, X-CUBE-BLE1_V7.0.0, X-CUBE-BLE2_V3.3.0, X-CUBE-BLEMGR_V3.1.0, X-CUBE-EEPRMA1_V4.1.0, X-CUBE-EEPRMA1_V5.1.0, X-CUBE-FREERTOS_V1.1.0, X-CUBE-GNSS1_V6.0.0, X-CUBE-MEMS1_V10.0.0, X-CUBE-MEMS1_V9.1.0, X-CUBE-MEMS1_V9.4.0, X-CUBE-MEMS1_V9.6.0, X-CUBE-NFC4_V3.0.0, X-CUBE-NFC7_V1.0.1, X-CUBE-SFXS2LP1_V4.0.0, X-CUBE-SUBG2_V5.0.0, X-CUBE-TOF1_V3.4.0]
2024-05-14 18:32:10,597 [INFO] DbBoardsSqlite:226 - include board P-NUCLEO-WB55-NUCLEO as a kit item of type 'Nucleo-64'
2024-05-14 18:32:10,598 [INFO] DbBoardsSqlite:226 - include board P-NUCLEO-WB55-USBDONGLE as a kit item of type 'Nucleo USB Dongle'
2024-05-14 18:32:10,599 [INFO] DbBoardsSqlite:226 - include board STEVAL-IDP005V1 as a kit item of type 'Evaluation Board'
2024-05-14 18:32:10,599 [INFO] DbBoardsSqlite:226 - include board STEVAL-IDP005V2 as a kit item of type 'Evaluation Board'
2024-05-14 18:32:11,291 [INFO] ApiDb:240 - Found 371 in-development CPN: [B-G473E-ZEST1S, B-WB1M-WPAN1, B-WL5M-SUBG1, NUCLEO-C031C6, NUCLEO-H503RB, NUCLEO-H563ZI, NUCLEO-U545RE-Q, NUCLEO-U5A5ZJ-Q, NUCLEO-WBA52CG, NUCLEO-WBA55CG, STEVAL-MKBOXPRO, STEVAL-PROTEUS1, STEVAL-STWINBX1, STM320518-EVAL, STM32C0116-DK, STM32C011D6Y3TR, STM32C011D6Y6TR, STM32C011F4P3, STM32C011F4P6, STM32C011F4U3, STM32C011F4U6TR, STM32C011F6P3, STM32C011F6P6, STM32C011F6U3, STM32C011F6U6TR, STM32C011J4M3, STM32C011J4M6, STM32C011J6M3, STM32C011J6M6, STM32C0316-DK, STM32C031C4T3, STM32C031C4T6, STM32C031C4U3, STM32C031C4U6, STM32C031C6T3, STM32C031C6T6, STM32C031C6U3, STM32C031C6U6, STM32C031F4P3, STM32C031F4P6, STM32C031F6P3, STM32C031F6P6, STM32C031G4U3, STM32C031G4U6, STM32C031G6U3, STM32C031G6U6, STM32C031K4T3, STM32C031K4T6, STM32C031K4U3, STM32C031K4U6, STM32C031K6T3, STM32C031K6T6, STM32C031K6U3, STM32C031K6U6, STM32G071K8TXN, STM32G071K8UXN, STM32G081GBU6N, STM32G081KBT6N, STM32G081KBUXN, STM32G0B1CCT6N, STM32G0B1KCT6, STM32G0B1NEY6TR, STM32G0B1RCT6N, STM32G0C1CCT6, STM32G0C1CCT6N, STM32G0C1CCU6N, STM32G0C1CET6N, STM32G0C1CEU6N, STM32G0C1KCT6, STM32G0C1NEY6TR, STM32G0C1RCI6N, STM32G0C1RCT6N, STM32G0C1REI6N, STM32G0C1RET6N, STM32G0C1VCI6, STM32G0C1VEI6, STM32G471CCT6, STM32G471CCU6, STM32G471CET3, STM32G471CET6, STM32G471CEU3, STM32G471CEU6, STM32G471MCT6, STM32G471MET3, STM32G471MET6, STM32G471MEY6TR, STM32G471QCT6, STM32G471QET3, STM32G471RCT6, STM32G471RET3, STM32G471RET6, STM32G471VCH6, STM32G471VCI6, STM32G471VCT6, STM32G471VEH3, STM32G471VEH6, STM32G471VEI3, STM32G471VEI6, STM32G471VET3, STM32G471VET6, STM32G474CCT6, STM32H503CBT6, STM32H503CBU6, STM32H503EBY6TR, STM32H503KBU6, STM32H503RBT6, STM32H562AGI6, STM32H562AII6, STM32H562IGK6, STM32H562IGT6, STM32H562IIK6, STM32H562IIT6, STM32H562RGT6, STM32H562RGV6, STM32H562RIT6, STM32H562RIV6, STM32H562VGT6, STM32H562VIT6, STM32H562ZGT6, STM32H562ZIT6, STM32H563AGI6, STM32H563AII3Q, STM32H563AII6, STM32H563IGK6, STM32H563IGT6, STM32H563IIK3Q, STM32H563IIK6, STM32H563IIT3Q, STM32H563IIT6, STM32H563MIY3QTR, STM32H563RGT6, STM32H563RGV6, STM32H563RIT6, STM32H563RIV6, STM32H563VGT6, STM32H563VIT3Q, STM32H563VIT6, STM32H563ZGT6, STM32H563ZIT3Q, STM32H563ZIT6, STM32H573AII3Q, STM32H573AII6, STM32H573I-DK, STM32H573IIK3Q, STM32H573IIK6, STM32H573IIT3Q, STM32H573IIT6, STM32H573MIY3QTR, STM32H573RIT6, STM32H573RIV6, STM32H573VIT3Q, STM32H573VIT6, STM32H573ZIT3Q, STM32H573ZIT6, STM32L4R5QGI6STR, STM32MP131AAE3, STM32MP131AAF3, STM32MP131AAG3, STM32MP131CAE3, STM32MP131CAF3, STM32MP131CAG3, STM32MP131DAE7, STM32MP131DAF7, STM32MP131DAG7, STM32MP131FAE7, STM32MP131FAF7, STM32MP131FAG7, STM32MP133AAE3, STM32MP133AAF3, STM32MP133AAG3, STM32MP133CAE3, STM32MP133CAF3, STM32MP133CAG3, STM32MP133DAE7, STM32MP133DAF7, STM32MP133DAG7, STM32MP133FAE7, STM32MP133FAF7, STM32MP133FAG7, STM32MP135AAE3, STM32MP135AAF3, STM32MP135AAG3, STM32MP135CAE3, STM32MP135CAF3, STM32MP135CAG3, STM32MP135DAE7, STM32MP135DAF7, STM32MP135DAG7, STM32MP135F-DK, STM32MP135FAE7, STM32MP135FAF7, STM32MP135FAF7T, STM32MP135FAF7U, STM32MP135FAG7, STM32U535CBT6, STM32U535CBT6Q, STM32U535CBU6, STM32U535CBU6Q, STM32U535CCT6, STM32U535CCT6Q, STM32U535CCU6, STM32U535CCU6Q, STM32U535CET6, STM32U535CET6Q, STM32U535CEU6, STM32U535CEU6Q, STM32U535JEY6QTR, STM32U535NCY6QTR, STM32U535NEY6QTR, STM32U535RBI6, STM32U535RBI6Q, STM32U535RBT6, STM32U535RBT6Q, STM32U535RCI6, STM32U535RCI6Q, STM32U535RCT6, STM32U535RCT6Q, STM32U535REI6, STM32U535REI6Q, STM32U535RET6, STM32U535RET6Q, STM32U535VCI6, STM32U535VCI6Q, STM32U535VCT6, STM32U535VCT6Q, STM32U535VEI6, STM32U535VEI6Q, STM32U535VET6, STM32U535VET6Q, STM32U545CET6, STM32U545CET6Q, STM32U545CEU6, STM32U545CEU6Q, STM32U545JEY6QTR, STM32U545NEY6QTR, STM32U545REI6, STM32U545REI6Q, STM32U545RET6, STM32U545RET6Q, STM32U545VEI6, STM32U545VEI6Q, STM32U545VET6, STM32U545VET6Q, STM32U595AIH6, STM32U595AIH6Q, STM32U595AJH6, STM32U595AJH6Q, STM32U595QII6, STM32U595QII6Q, STM32U595QJI6, STM32U595QJI6Q, STM32U595RIT6, STM32U595RIT6Q, STM32U595RJT6, STM32U595RJT6Q, STM32U595VIT6, STM32U595VIT6Q, STM32U595VJT6, STM32U595VJT6Q, STM32U595ZIT6, STM32U595ZIT6Q, STM32U595ZIY6QTR, STM32U595ZJT6, STM32U595ZJT6Q, STM32U595ZJY6QTR, STM32U599BJY6QTR, STM32U599NIH6Q, STM32U599NJH6Q, STM32U599VIT6Q, STM32U599VJT6, STM32U599VJT6Q, STM32U599ZIT6Q, STM32U599ZIY6QTR, STM32U599ZJT6Q, STM32U599ZJY6QTR, STM32U5A5AJH6, STM32U5A5AJH6Q, STM32U5A5QJI6, STM32U5A5QJI6Q, STM32U5A5RJT6, STM32U5A5RJT6Q, STM32U5A5VJT6, STM32U5A5VJT6Q, STM32U5A5ZJT6, STM32U5A5ZJT6Q, STM32U5A5ZJY6QTR, STM32U5A9BJY6QTR, STM32U5A9J-DK, STM32U5A9NJH6Q, STM32U5A9VJT6Q, STM32U5A9ZJT6Q, STM32U5A9ZJY6QTR, STM32U5F7VIT6, STM32U5F7VIT6Q, STM32U5F7VJT6, STM32U5F7VJT6Q, STM32U5F9BJY6QTR, STM32U5F9NJH6Q, STM32U5F9VIT6Q, STM32U5F9VJT6Q, STM32U5F9ZIJ6QTR, STM32U5F9ZIT6Q, STM32U5F9ZJJ6QTR, STM32U5F9ZJT6Q, STM32U5G7VJT6, STM32U5G7VJT6Q, STM32U5G9BJY6QTR, STM32U5G9J-DK1, STM32U5G9J-DK2, STM32U5G9NJH6Q, STM32U5G9VJT6Q, STM32U5G9ZJJ6QTR, STM32U5G9ZJT6Q, STM32WB1MMCH6, STM32WBA50KEU6, STM32WBA50KEU6TR, STM32WBA50KGU6, STM32WBA50KGU6TR, STM32WBA52CEU6, STM32WBA52CEU6TR, STM32WBA52CEU7, STM32WBA52CEU7TR, STM32WBA52CGU6, STM32WBA52CGU6TR, STM32WBA52CGU6U, STM32WBA52CGU7, STM32WBA52CGU7TR, STM32WBA52KEU6, STM32WBA52KEU6TR, STM32WBA52KGU6, STM32WBA52KGU6TR, STM32WBA54CEU6, STM32WBA54CEU6TR, STM32WBA54CEU7, STM32WBA54CEU7TR, STM32WBA54CGU6, STM32WBA54CGU6TR, STM32WBA54CGU7, STM32WBA54CGU7TR, STM32WBA54KEU6, STM32WBA54KEU6TR, STM32WBA54KEU7, STM32WBA54KEU7TR, STM32WBA54KGU6, STM32WBA54KGU6TR, STM32WBA54KGU7, STM32WBA54KGU7TR, STM32WBA55CEU6, STM32WBA55CEU6TR, STM32WBA55CEU7, STM32WBA55CEU7TR, STM32WBA55CGU6, STM32WBA55CGU6TR, STM32WBA55CGU6U, STM32WBA55CGU7, STM32WBA55CGU7TR, STM32WBA55G-DK1, STM32WBA55HEF6, STM32WBA55HEF7, STM32WBA55HGF6, STM32WBA55HGF7, STM32WBA55UEI6, STM32WBA55UEI6TR, STM32WBA55UEI7, STM32WBA55UEI7TR, STM32WBA55UGI6, STM32WBA55UGI6TR, STM32WBA55UGI7, STM32WBA55UGI7TR, STM32WL5MOCH6, STM32WL5MOCH6TR]
2024-05-14 18:32:11,495 [INFO] BoardInfo:889 - No configuration file found for board NUCLEO-H533RE
2024-05-14 18:32:11,495 [INFO] DbBoards:161 - Board is not supported: NUCLEO-H533RE
2024-05-14 18:32:11,508 [INFO] BoardInfo:889 - No configuration file found for board NUCLEO-H7S3L8
2024-05-14 18:32:11,509 [INFO] DbBoards:161 - Board is not supported: NUCLEO-H7S3L8
2024-05-14 18:32:11,538 [INFO] BoardInfo:889 - No configuration file found for board NUCLEO-U031R8
2024-05-14 18:32:11,538 [INFO] DbBoards:161 - Board is not supported: NUCLEO-U031R8
2024-05-14 18:32:11,539 [INFO] BoardInfo:889 - No configuration file found for board NUCLEO-U083RC
2024-05-14 18:32:11,539 [INFO] DbBoards:161 - Board is not supported: NUCLEO-U083RC
2024-05-14 18:32:11,565 [INFO] BoardInfo:889 - No configuration file found for board P-NUCLEO-WB55
2024-05-14 18:32:11,565 [INFO] DbBoards:161 - Kit is not supported: P-NUCLEO-WB55
2024-05-14 18:32:11,571 [INFO] BoardInfo:889 - No configuration file found for board STEVAL-BFA001V1B
2024-05-14 18:32:11,571 [INFO] DbBoards:161 - Kit is not supported: STEVAL-BFA001V1B
2024-05-14 18:32:11,572 [INFO] BoardInfo:889 - No configuration file found for board STEVAL-BFA001V2B
2024-05-14 18:32:11,573 [INFO] DbBoards:161 - Kit is not supported: STEVAL-BFA001V2B
2024-05-14 18:32:11,672 [INFO] BoardInfo:889 - No configuration file found for board STM32H7S78-DK
2024-05-14 18:32:11,673 [INFO] DbBoards:161 - Board is not supported: STM32H7S78-DK
2024-05-14 18:32:11,716 [INFO] BoardInfo:889 - No configuration file found for board STM32U083C-DK
2024-05-14 18:32:11,717 [INFO] DbBoards:161 - Board is not supported: STM32U083C-DK
2024-05-14 18:32:11,728 [INFO] DbBoards:168 - Found 199 boards, 190 are supported
2024-05-14 18:32:11,728 [INFO] DbBoards:169 - Found 199 boards, 3 of them is supported for  Bsp
2024-05-14 18:32:11,733 [INFO] ApiDb:668 - CubeFinder database Data Model version=2.1
2024-05-14 18:32:11,733 [INFO] ApiDb:669 - CubeFinder database Configuration version=3.0.39
2024-05-14 18:32:11,733 [INFO] ApiDb:670 - CubeFinder database generation date=2024-04-15 (1713193726)
2024-05-14 18:32:11,733 [INFO] ApiDb:671 - CubeFinder database FW Pack versions=[FP-ATR-ASTRA1_V2.0.0, FP-SNS-FLIGHT1_V5.0.1, FP-SNS-FLIGHT1_V5.0.2, FP-SNS-MOTENV1_V4.3.1, FP-SNS-MOTENV1_V4.3.2, FP-SNS-MOTENVWB1_V1.3.1, FP-SNS-SMARTAG2_V1.2.0, STM32Cube_FW_C0_V1.1.0, STM32Cube_FW_F4_V1.28.0, STM32Cube_FW_F7_V1.17.0, STM32Cube_FW_G0_V1.6.2, STM32Cube_FW_G4_V1.5.2, STM32Cube_FW_H5_V0.5.1, STM32Cube_FW_H5_V1.1.1, STM32Cube_FW_H5_V1.2.0, STM32Cube_FW_H5_V1.2.0RC4, STM32Cube_FW_H7RS_V1.0.0, STM32Cube_FW_H7RS_V1.0.0RC4, STM32Cube_FW_H7_V1.11.0, STM32Cube_FW_L0_V1.12.2, STM32Cube_FW_L5_V1.5.1, STM32Cube_FW_U0_V1.0.0, STM32Cube_FW_U0_V1.0.0RC1, STM32Cube_FW_U5_V1.3.0RC4, STM32Cube_FW_U5_V1.5.0, STM32Cube_FW_U5_V1.5.0RC1, STM32Cube_FW_WBA_V1.0.0RC1, STM32Cube_FW_WBA_V1.2.0, STM32Cube_FW_WBA_V1.2.0RC2, STM32Cube_FW_WBA_V1.3.0, STM32Cube_FW_WBA_V1.3.0RC1, STM32Cube_FW_WB_V1.15.0RC1, STM32Cube_FW_WB_V1.16.0, STM32Cube_FW_WB_V1.16.0RC2, STM32Cube_FW_WB_V1.18.0, STM32Cube_FW_WB_V1.19.0, STM32Cube_FW_WL_V1.3.0, X-CUBE-ALGOBUILD_V1.3.0, X-CUBE-ALS_V1.0.1, X-CUBE-AZRTOS-F4_V1.1.0, X-CUBE-AZRTOS-F7_V1.1.0, X-CUBE-AZRTOS-G0_V1.1.0, X-CUBE-AZRTOS-G4_V2.0.0, X-CUBE-AZRTOS-H7_V3.2.0, X-CUBE-AZRTOS-L4_V1.0.0, X-CUBE-AZRTOS-L4_V2.0.0, X-CUBE-AZRTOS-L5_V1.1.0, X-CUBE-AZRTOS-WB_V2.0.0, X-CUBE-AZRTOS-WL_V2.0.0, X-CUBE-BLE1_V7.0.0, X-CUBE-BLE2_V3.3.0, X-CUBE-BLEMGR_V3.1.0, X-CUBE-EEPRMA1_V4.1.0, X-CUBE-EEPRMA1_V5.1.0, X-CUBE-FREERTOS_V1.1.0, X-CUBE-GNSS1_V6.0.0, X-CUBE-MEMS1_V10.0.0, X-CUBE-MEMS1_V9.1.0, X-CUBE-MEMS1_V9.4.0, X-CUBE-MEMS1_V9.6.0, X-CUBE-NFC4_V3.0.0, X-CUBE-NFC7_V1.0.1, X-CUBE-SFXS2LP1_V4.0.0, X-CUBE-SUBG2_V5.0.0, X-CUBE-TOF1_V3.4.0]
2024-05-14 18:32:12,212 [WARN] PackLoader:240 - Cannot read IP mode file for STMicroelectronics.FP-SNS-MOTENVWB1.1.4.0
2024-05-14 18:32:12,221 [WARN] PackLoader:240 - Cannot read IP mode file for STMicroelectronics.X-CUBE-SMBUS.2.1.0
2024-05-14 18:32:12,226 [WARN] PackLoader:240 - Cannot read IP mode file for STMicroelectronics.X-CUBE-TOUCHGFX.4.23.0
2024-05-14 18:32:12,229 [WARN] PackLoader:240 - Cannot read IP mode file for STMicroelectronics.X-CUBE-TOUCHGFX.4.23.2
2024-05-14 18:32:12,260 [WARN] PackLoader:240 - Cannot read IP mode file for STMicroelectronics.X-CUBE-AZRTOS-F7.1.1.0
2024-05-14 18:32:12,278 [WARN] PackLoader:240 - Cannot read IP mode file for STMicroelectronics.FP-SNS-MOTENV1.4.3.2
2024-05-14 18:32:12,287 [WARN] PackLoader:240 - Cannot read IP mode file for STMicroelectronics.FP-SNS-FLIGHT1.5.0.2
2024-05-14 18:32:12,303 [WARN] PackLoader:240 - Cannot read IP mode file for STMicroelectronics.X-CUBE-DISPLAY.3.0.0
2024-05-14 18:32:12,321 [WARN] PackLoader:240 - Cannot read IP mode file for STMicroelectronics.X-CUBE-BLE1.7.0.0
2024-05-14 18:32:12,338 [WARN] PackLoader:240 - Cannot read IP mode file for emotas.I-CUBE-CANOPEN.1.3.0
2024-05-14 18:32:12,355 [WARN] PackLoader:240 - Cannot read IP mode file for STMicroelectronics.X-CUBE-BLEMGR.3.1.0
2024-05-14 18:32:12,368 [WARN] PackLoader:240 - Cannot read IP mode file for STMicroelectronics.FP-SNS-SMARTAG2.1.2.0
2024-05-14 18:32:12,380 [INFO] LogOutputStream:77 - [STDOUT_REDIRECT] 1 : Invalid condition id : UX_CORESTACK_Condition cause : null
2024-05-14 18:32:12,381 [INFO] LogOutputStream:77 - [STDOUT_REDIRECT] 1 : Invalid condition id : UX_CORESTACK_Condition cause : null
2024-05-14 18:32:12,383 [INFO] LogOutputStream:77 - [STDOUT_REDIRECT] 1 : Invalid condition id : UX_CORESTACK_Condition cause : null
2024-05-14 18:32:12,385 [INFO] LogOutputStream:77 - [STDOUT_REDIRECT] 1 : Invalid condition id : UX_CORESTACK_Condition cause : null
2024-05-14 18:32:12,386 [INFO] LogOutputStream:77 - [STDOUT_REDIRECT] 1 : Invalid condition id : UX_CORESTACK_Condition cause : null
2024-05-14 18:32:12,392 [WARN] PackLoader:240 - Cannot read IP mode file for STMicroelectronics.X-CUBE-AZRTOS-WL.2.0.0
2024-05-14 18:32:12,400 [WARN] PackLoader:240 - Cannot read IP mode file for STMicroelectronics.FP-SNS-MOTENV1.5.0.0
2024-05-14 18:32:12,414 [WARN] PackLoader:240 - Cannot read IP mode file for WES.I-CUBE-Cesium.1.3.0
2024-05-14 18:32:12,422 [WARN] PackLoader:240 - Cannot read IP mode file for STMicroelectronics.X-CUBE-BLE2.3.3.0
2024-05-14 18:32:12,431 [WARN] PackLoader:240 - Cannot read IP mode file for STMicroelectronics.X-CUBE-TCPP.4.1.0
2024-05-14 18:32:12,441 [WARN] PackLoader:240 - Cannot read IP mode file for STMicroelectronics.X-CUBE-ALGOBUILD.1.3.0
2024-05-14 18:32:12,461 [WARN] PackLoader:240 - Cannot read IP mode file for STMicroelectronics.X-CUBE-AZRTOS-G0.1.1.0
2024-05-14 18:32:12,472 [WARN] PackLoader:240 - Cannot read IP mode file for STMicroelectronics.X-CUBE-SAFEA1.1.2.2
2024-05-14 18:32:12,481 [WARN] PackLoader:240 - Cannot read IP mode file for STMicroelectronics.X-CUBE-NFC4.3.0.0
2024-05-14 18:32:12,492 [WARN] PackLoader:240 - Cannot read IP mode file for STMicroelectronics.X-CUBE-BLEMGR.3.0.0
2024-05-14 18:32:12,500 [WARN] PackLoader:240 - Cannot read IP mode file for STMicroelectronics.FP-ATR-SIGFOX1.3.2.0
2024-05-14 18:32:12,511 [WARN] PackLoader:240 - Cannot read IP mode file for STMicroelectronics.X-CUBE-EEPRMA1.5.1.0
2024-05-14 18:32:12,549 [WARN] PackLoader:240 - Cannot read IP mode file for SEGGER.I-CUBE-embOS.1.3.1
2024-05-14 18:32:12,599 [WARN] PackLoader:240 - Cannot read IP mode file for STMicroelectronics.X-CUBE-ALGOBUILD.1.4.0
2024-05-14 18:32:12,607 [WARN] PackLoader:240 - Cannot read IP mode file for STMicroelectronics.X-CUBE-GNSS1.6.0.0
2024-05-14 18:32:12,626 [WARN] PackLoader:240 - Cannot read IP mode file for STMicroelectronics.X-CUBE-AZRTOS-F4.1.1.0
2024-05-14 18:32:12,636 [WARN] PackLoader:240 - Cannot read IP mode file for STMicroelectronics.X-CUBE-FREERTOS.1.2.0
2024-05-14 18:32:12,641 [WARN] PackLoader:240 - Cannot read IP mode file for wolfSSL.I-CUBE-wolfSSL.5.6.6
2024-05-14 18:32:12,658 [WARN] PackLoader:240 - Cannot read IP mode file for STMicroelectronics.X-CUBE-AZRTOS-L5.2.0.0
2024-05-14 18:32:12,667 [WARN] PackLoader:240 - Cannot read IP mode file for STMicroelectronics.X-CUBE-EEPRMA1.4.2.0
2024-05-14 18:32:12,676 [WARN] PackLoader:240 - Cannot read IP mode file for STMicroelectronics.X-CUBE-NFC6.3.1.0
2024-05-14 18:32:12,685 [WARN] PackLoader:240 - Cannot read IP mode file for ITTIA_DB.I-CUBE-ITTIADB.8.8.0
2024-05-14 18:32:12,691 [WARN] PackLoader:240 - Cannot read IP mode file for STMicroelectronics.X-CUBE-AI.9.0.0
2024-05-14 18:32:12,699 [WARN] PackLoader:240 - Cannot read IP mode file for STMicroelectronics.X-CUBE-NFC7.1.0.1
2024-05-14 18:32:12,707 [WARN] PackLoader:240 - Cannot read IP mode file for STMicroelectronics.X-CUBE-NFC6.3.0.0
2024-05-14 18:32:12,714 [WARN] PackLoader:240 - Cannot read IP mode file for STMicroelectronics.X-CUBE-AI.8.1.0
2024-05-14 18:32:12,734 [WARN] ConditionMgr:438 - getConditionDescription Invalid condition id : LAN8742 Phy interface Condition cause : null
2024-05-14 18:32:12,734 [WARN] PackLoader:240 - Cannot read IP mode file for STMicroelectronics.X-CUBE-AZRTOS-L4.2.0.0
2024-05-14 18:32:12,736 [WARN] ConditionMgr:1039 - genDependencies : Invalid condition id : LAN8742 Phy interface Condition cause : null
2024-05-14 18:32:12,736 [WARN] ConditionMgr:1039 - genDependencies : Invalid condition id : LAN8742 Phy interface Condition cause : null
2024-05-14 18:32:12,737 [WARN] ConditionMgr:1039 - genDependencies : Invalid condition id : LAN8742 Phy interface Condition cause : null
2024-05-14 18:32:12,747 [WARN] PackLoader:240 - Cannot read IP mode file for STMicroelectronics.X-CUBE-SFXS2LP1.4.0.0
2024-05-14 18:32:12,764 [WARN] ConditionMgr:438 - getConditionDescription Invalid condition id : UX DEVICE CLASS RTOS Condition cause : null
2024-05-14 18:32:12,764 [WARN] ConditionMgr:438 - getConditionDescription Invalid condition id : UX DEVICE CLASS RTOS Condition cause : null
2024-05-14 18:32:12,766 [WARN] PackLoader:240 - Cannot read IP mode file for STMicroelectronics.X-CUBE-AZRTOS-WB.2.0.0
2024-05-14 18:32:12,766 [WARN] ConditionMgr:1039 - genDependencies : Invalid condition id : UX DEVICE CLASS RTOS Condition cause : null
2024-05-14 18:32:12,767 [WARN] ConditionMgr:1039 - genDependencies : Invalid condition id : UX DEVICE CLASS RTOS Condition cause : null
2024-05-14 18:32:12,767 [WARN] ConditionMgr:1039 - genDependencies : Invalid condition id : UX DEVICE CLASS RTOS Condition cause : null
2024-05-14 18:32:12,767 [WARN] ConditionMgr:1039 - genDependencies : Invalid condition id : UX DEVICE CLASS RTOS Condition cause : null
2024-05-14 18:32:12,767 [WARN] ConditionMgr:1039 - genDependencies : Invalid condition id : UX DEVICE CLASS RTOS Condition cause : null
2024-05-14 18:32:12,782 [WARN] PackLoader:240 - Cannot read IP mode file for STMicroelectronics.X-CUBE-SUBG2.5.0.0
2024-05-14 18:32:12,791 [WARN] PackLoader:240 - Cannot read IP mode file for Cesanta.I-CUBE-Mongoose.7.13.0
2024-05-14 18:32:12,824 [WARN] PackLoader:240 - Cannot read IP mode file for STMicroelectronics.X-CUBE-AZRTOS-G4.2.0.0
2024-05-14 18:32:12,839 [WARN] PackLoader:240 - Cannot read IP mode file for Infineon.AIROC-Wi-Fi-Bluetooth-STM32.1.5.1
2024-05-14 18:32:12,849 [WARN] PackLoader:240 - Cannot read IP mode file for STMicroelectronics.FP-SNS-MOTENVWB1.1.3.1
2024-05-14 18:32:12,854 [WARN] PackLoader:240 - Cannot read IP mode file for STMicroelectronics.X-CUBE-ISPU.2.0.0
2024-05-14 18:32:12,904 [WARN] PackLoader:240 - Cannot read IP mode file for STMicroelectronics.X-CUBE-MEMS1.10.0.0
2024-05-14 18:32:13,041 [WARN] PackLoader:240 - Cannot read IP mode file for STMicroelectronics.X-CUBE-FREERTOS.1.1.0
2024-05-14 18:32:13,049 [WARN] PackLoader:240 - Cannot read IP mode file for portGmbH.I-Cube-SoM-uGOAL.1.1.0
2024-05-14 18:32:13,054 [WARN] PackLoader:240 - Cannot read IP mode file for STMicroelectronics.X-CUBE-ALS.1.0.1
2024-05-14 18:32:13,075 [WARN] PackLoader:240 - Cannot read IP mode file for STMicroelectronics.X-CUBE-AZRTOS-H7RS.1.0.0
2024-05-14 18:32:13,084 [WARN] PackLoader:240 - Cannot read IP mode file for STMicroelectronics.FP-ATR-ASTRA1.2.0.0
2024-05-14 18:32:13,096 [WARN] PackLoader:240 - Cannot read IP mode file for STMicroelectronics.X-CUBE-TOF1.3.4.0
2024-05-14 18:32:13,116 [WARN] PackLoader:240 - Cannot read IP mode file for STMicroelectronics.X-CUBE-TOF1.3.4.1
2024-05-14 18:32:13,150 [WARN] PackLoader:240 - Cannot read IP mode file for STMicroelectronics.X-CUBE-AZRTOS-H7.3.2.0
2024-05-14 18:32:13,154 [INFO] ThirdParty:978 - Integrity check success = true
2024-05-14 18:32:13,154 [INFO] IntegrityCheckThread:100 - exiting critical section [integrity check]
2024-05-14 18:32:13,154 [INFO] IntegrityCheckThread:103 - End integrity checks thread
2024-05-14 18:32:14,074 [INFO] ApiDb:240 - Found 371 in-development CPN: [B-G473E-ZEST1S, B-WB1M-WPAN1, B-WL5M-SUBG1, NUCLEO-C031C6, NUCLEO-H503RB, NUCLEO-H563ZI, NUCLEO-U545RE-Q, NUCLEO-U5A5ZJ-Q, NUCLEO-WBA52CG, NUCLEO-WBA55CG, STEVAL-MKBOXPRO, STEVAL-PROTEUS1, STEVAL-STWINBX1, STM320518-EVAL, STM32C0116-DK, STM32C011D6Y3TR, STM32C011D6Y6TR, STM32C011F4P3, STM32C011F4P6, STM32C011F4U3, STM32C011F4U6TR, STM32C011F6P3, STM32C011F6P6, STM32C011F6U3, STM32C011F6U6TR, STM32C011J4M3, STM32C011J4M6, STM32C011J6M3, STM32C011J6M6, STM32C0316-DK, STM32C031C4T3, STM32C031C4T6, STM32C031C4U3, STM32C031C4U6, STM32C031C6T3, STM32C031C6T6, STM32C031C6U3, STM32C031C6U6, STM32C031F4P3, STM32C031F4P6, STM32C031F6P3, STM32C031F6P6, STM32C031G4U3, STM32C031G4U6, STM32C031G6U3, STM32C031G6U6, STM32C031K4T3, STM32C031K4T6, STM32C031K4U3, STM32C031K4U6, STM32C031K6T3, STM32C031K6T6, STM32C031K6U3, STM32C031K6U6, STM32G071K8TXN, STM32G071K8UXN, STM32G081GBU6N, STM32G081KBT6N, STM32G081KBUXN, STM32G0B1CCT6N, STM32G0B1KCT6, STM32G0B1NEY6TR, STM32G0B1RCT6N, STM32G0C1CCT6, STM32G0C1CCT6N, STM32G0C1CCU6N, STM32G0C1CET6N, STM32G0C1CEU6N, STM32G0C1KCT6, STM32G0C1NEY6TR, STM32G0C1RCI6N, STM32G0C1RCT6N, STM32G0C1REI6N, STM32G0C1RET6N, STM32G0C1VCI6, STM32G0C1VEI6, STM32G471CCT6, STM32G471CCU6, STM32G471CET3, STM32G471CET6, STM32G471CEU3, STM32G471CEU6, STM32G471MCT6, STM32G471MET3, STM32G471MET6, STM32G471MEY6TR, STM32G471QCT6, STM32G471QET3, STM32G471RCT6, STM32G471RET3, STM32G471RET6, STM32G471VCH6, STM32G471VCI6, STM32G471VCT6, STM32G471VEH3, STM32G471VEH6, STM32G471VEI3, STM32G471VEI6, STM32G471VET3, STM32G471VET6, STM32G474CCT6, STM32H503CBT6, STM32H503CBU6, STM32H503EBY6TR, STM32H503KBU6, STM32H503RBT6, STM32H562AGI6, STM32H562AII6, STM32H562IGK6, STM32H562IGT6, STM32H562IIK6, STM32H562IIT6, STM32H562RGT6, STM32H562RGV6, STM32H562RIT6, STM32H562RIV6, STM32H562VGT6, STM32H562VIT6, STM32H562ZGT6, STM32H562ZIT6, STM32H563AGI6, STM32H563AII3Q, STM32H563AII6, STM32H563IGK6, STM32H563IGT6, STM32H563IIK3Q, STM32H563IIK6, STM32H563IIT3Q, STM32H563IIT6, STM32H563MIY3QTR, STM32H563RGT6, STM32H563RGV6, STM32H563RIT6, STM32H563RIV6, STM32H563VGT6, STM32H563VIT3Q, STM32H563VIT6, STM32H563ZGT6, STM32H563ZIT3Q, STM32H563ZIT6, STM32H573AII3Q, STM32H573AII6, STM32H573I-DK, STM32H573IIK3Q, STM32H573IIK6, STM32H573IIT3Q, STM32H573IIT6, STM32H573MIY3QTR, STM32H573RIT6, STM32H573RIV6, STM32H573VIT3Q, STM32H573VIT6, STM32H573ZIT3Q, STM32H573ZIT6, STM32L4R5QGI6STR, STM32MP131AAE3, STM32MP131AAF3, STM32MP131AAG3, STM32MP131CAE3, STM32MP131CAF3, STM32MP131CAG3, STM32MP131DAE7, STM32MP131DAF7, STM32MP131DAG7, STM32MP131FAE7, STM32MP131FAF7, STM32MP131FAG7, STM32MP133AAE3, STM32MP133AAF3, STM32MP133AAG3, STM32MP133CAE3, STM32MP133CAF3, STM32MP133CAG3, STM32MP133DAE7, STM32MP133DAF7, STM32MP133DAG7, STM32MP133FAE7, STM32MP133FAF7, STM32MP133FAG7, STM32MP135AAE3, STM32MP135AAF3, STM32MP135AAG3, STM32MP135CAE3, STM32MP135CAF3, STM32MP135CAG3, STM32MP135DAE7, STM32MP135DAF7, STM32MP135DAG7, STM32MP135F-DK, STM32MP135FAE7, STM32MP135FAF7, STM32MP135FAF7T, STM32MP135FAF7U, STM32MP135FAG7, STM32U535CBT6, STM32U535CBT6Q, STM32U535CBU6, STM32U535CBU6Q, STM32U535CCT6, STM32U535CCT6Q, STM32U535CCU6, STM32U535CCU6Q, STM32U535CET6, STM32U535CET6Q, STM32U535CEU6, STM32U535CEU6Q, STM32U535JEY6QTR, STM32U535NCY6QTR, STM32U535NEY6QTR, STM32U535RBI6, STM32U535RBI6Q, STM32U535RBT6, STM32U535RBT6Q, STM32U535RCI6, STM32U535RCI6Q, STM32U535RCT6, STM32U535RCT6Q, STM32U535REI6, STM32U535REI6Q, STM32U535RET6, STM32U535RET6Q, STM32U535VCI6, STM32U535VCI6Q, STM32U535VCT6, STM32U535VCT6Q, STM32U535VEI6, STM32U535VEI6Q, STM32U535VET6, STM32U535VET6Q, STM32U545CET6, STM32U545CET6Q, STM32U545CEU6, STM32U545CEU6Q, STM32U545JEY6QTR, STM32U545NEY6QTR, STM32U545REI6, STM32U545REI6Q, STM32U545RET6, STM32U545RET6Q, STM32U545VEI6, STM32U545VEI6Q, STM32U545VET6, STM32U545VET6Q, STM32U595AIH6, STM32U595AIH6Q, STM32U595AJH6, STM32U595AJH6Q, STM32U595QII6, STM32U595QII6Q, STM32U595QJI6, STM32U595QJI6Q, STM32U595RIT6, STM32U595RIT6Q, STM32U595RJT6, STM32U595RJT6Q, STM32U595VIT6, STM32U595VIT6Q, STM32U595VJT6, STM32U595VJT6Q, STM32U595ZIT6, STM32U595ZIT6Q, STM32U595ZIY6QTR, STM32U595ZJT6, STM32U595ZJT6Q, STM32U595ZJY6QTR, STM32U599BJY6QTR, STM32U599NIH6Q, STM32U599NJH6Q, STM32U599VIT6Q, STM32U599VJT6, STM32U599VJT6Q, STM32U599ZIT6Q, STM32U599ZIY6QTR, STM32U599ZJT6Q, STM32U599ZJY6QTR, STM32U5A5AJH6, STM32U5A5AJH6Q, STM32U5A5QJI6, STM32U5A5QJI6Q, STM32U5A5RJT6, STM32U5A5RJT6Q, STM32U5A5VJT6, STM32U5A5VJT6Q, STM32U5A5ZJT6, STM32U5A5ZJT6Q, STM32U5A5ZJY6QTR, STM32U5A9BJY6QTR, STM32U5A9J-DK, STM32U5A9NJH6Q, STM32U5A9VJT6Q, STM32U5A9ZJT6Q, STM32U5A9ZJY6QTR, STM32U5F7VIT6, STM32U5F7VIT6Q, STM32U5F7VJT6, STM32U5F7VJT6Q, STM32U5F9BJY6QTR, STM32U5F9NJH6Q, STM32U5F9VIT6Q, STM32U5F9VJT6Q, STM32U5F9ZIJ6QTR, STM32U5F9ZIT6Q, STM32U5F9ZJJ6QTR, STM32U5F9ZJT6Q, STM32U5G7VJT6, STM32U5G7VJT6Q, STM32U5G9BJY6QTR, STM32U5G9J-DK1, STM32U5G9J-DK2, STM32U5G9NJH6Q, STM32U5G9VJT6Q, STM32U5G9ZJJ6QTR, STM32U5G9ZJT6Q, STM32WB1MMCH6, STM32WBA50KEU6, STM32WBA50KEU6TR, STM32WBA50KGU6, STM32WBA50KGU6TR, STM32WBA52CEU6, STM32WBA52CEU6TR, STM32WBA52CEU7, STM32WBA52CEU7TR, STM32WBA52CGU6, STM32WBA52CGU6TR, STM32WBA52CGU6U, STM32WBA52CGU7, STM32WBA52CGU7TR, STM32WBA52KEU6, STM32WBA52KEU6TR, STM32WBA52KGU6, STM32WBA52KGU6TR, STM32WBA54CEU6, STM32WBA54CEU6TR, STM32WBA54CEU7, STM32WBA54CEU7TR, STM32WBA54CGU6, STM32WBA54CGU6TR, STM32WBA54CGU7, STM32WBA54CGU7TR, STM32WBA54KEU6, STM32WBA54KEU6TR, STM32WBA54KEU7, STM32WBA54KEU7TR, STM32WBA54KGU6, STM32WBA54KGU6TR, STM32WBA54KGU7, STM32WBA54KGU7TR, STM32WBA55CEU6, STM32WBA55CEU6TR, STM32WBA55CEU7, STM32WBA55CEU7TR, STM32WBA55CGU6, STM32WBA55CGU6TR, STM32WBA55CGU6U, STM32WBA55CGU7, STM32WBA55CGU7TR, STM32WBA55G-DK1, STM32WBA55HEF6, STM32WBA55HEF7, STM32WBA55HGF6, STM32WBA55HGF7, STM32WBA55UEI6, STM32WBA55UEI6TR, STM32WBA55UEI7, STM32WBA55UEI7TR, STM32WBA55UGI6, STM32WBA55UGI6TR, STM32WBA55UGI7, STM32WBA55UGI7TR, STM32WL5MOCH6, STM32WL5MOCH6TR]
2024-05-14 18:32:14,084 [INFO] DbMcus:218 - Found 4092 MCUs, 4092 are supported
2024-05-14 18:32:14,085 [INFO] ApiDb:423 - Load user favorites file C:\Users\domin/.stm32cubeide/favorites.mcus.txt: 0 item(s)
2024-05-14 18:32:14,085 [INFO] ApiDb:427 - User favorites MCUs=[]
2024-05-14 18:32:14,085 [INFO] DbMcus:224 - Set 0 / 0 favorites MCUs
2024-05-14 18:32:14,408 [INFO] ApiDb:423 - Load user favorites file C:\Users\domin/.stm32cubeide/favorites.boards.txt: 0 item(s)
2024-05-14 18:32:14,409 [INFO] ApiDb:427 - User favorites Boards=[]
2024-05-14 18:32:14,409 [INFO] DbBoards:198 - Set 0 / 0 favorites Boards
2024-05-14 18:32:14,409 [INFO] McuFinderGlobals:76 - Set McuFinderConnectedMode to true
2024-05-14 18:32:14,421 [INFO] MultiScanPanel:200 - Auto-refresh data requested => check proxy status ongoing
2024-05-14 18:32:14,424 [INFO] FinderPluginLoader:95 - Searching for filters in installed packs
2024-05-14 18:32:16,018 [INFO] LoadUrlFilesThread:185 - End of LoadServerUrlFiles without Thread
2024-05-14 18:32:16,058 [INFO] DetailPanel:341 - Set advertising image to C:/Users/domin/STM32Cube/Repository/\en.prom-stm32h7rs-mcu-finder.png
2024-05-14 18:32:28,590 [ERROR] LogOutputStream:75 - [STDERR_REDIRECT] SLF4J: Failed to load class "org.slf4j.impl.StaticLoggerBinder".
2024-05-14 18:32:28,592 [ERROR] LogOutputStream:75 - [STDERR_REDIRECT] SLF4J: Defaulting to no-operation (NOP) logger implementation
2024-05-14 18:32:28,594 [ERROR] LogOutputStream:75 - [STDERR_REDIRECT] SLF4J: See http://www.slf4j.org/codes.html#StaticLoggerBinder for further details.
2024-05-14 18:32:57,025 [INFO] MainUpdater:2873 - connection check result : 10
2024-05-14 18:32:57,026 [INFO] MainUpdater:2873 - connection check result : 10
2024-05-14 18:32:57,056 [INFO] MicroXplorer:468 - Change Database Path : 
2024-05-14 18:32:57,056 [INFO] MicroXplorer:498 - Change Database Version : DB.6.0.100
2024-05-14 18:32:57,067 [WARN] ThirdParty:871 - waiting for thirdparty lock release [close project]
2024-05-14 18:32:57,068 [INFO] ThirdParty:873 - entering critical section [close project]
2024-05-14 18:32:57,069 [INFO] ThirdParty:883 - exiting critical section [close project]
2024-05-14 18:32:57,075 [INFO] PinOutPanel:1499 - setPackage(No Configuration,No Configuration)
2024-05-14 18:32:57,093 [INFO] UtilMem:75 - Begin LoadConfig() Used Memory: 893171552 Bytes (966787072)
2024-05-14 18:32:57,100 [INFO] MicroXplorer:468 - Change Database Path : 
2024-05-14 18:32:57,100 [INFO] MicroXplorer:498 - Change Database Version : DB.6.0.100
2024-05-14 18:32:57,101 [INFO] OpenFileManager:312 - Change cursor
2024-05-14 18:32:57,390 [INFO] Mcu:2016 - Initializing MCU STM32L476RGTx STM32L476RGTx STM32L476RGT6
2024-05-14 18:33:00,087 [INFO] Context:659 - Trying to add GPIOservice into a context  which must be forbidden
2024-05-14 18:33:00,751 [INFO] ImportTextPane:194 - (OptionalMessage_ERROR) Unable to find key (Mcu.ThirdPartyNb) in loaded IOC file
2024-05-14 18:33:00,751 [INFO] ImportTextPane:194 - (OptionalMessage_ERROR) Unable to find key (Mcu.PinsNb) in loaded IOC file
2024-05-14 18:33:00,751 [INFO] ImportTextPane:194 - (OptionalMessage_ERROR) Unable to find key (Mcu.IPNb) in loaded IOC file
2024-05-14 18:33:00,905 [INFO] RtosManager:555 - Registered RTOS mode: class=CMSIS, group=RTOS, mode=CMSIS_V1, owner=FREERTOS
2024-05-14 18:33:00,906 [INFO] RtosManager:555 - Registered RTOS mode: class=CMSIS, group=RTOS2, mode=CMSIS_V2, owner=FREERTOS
2024-05-14 18:33:00,906 [INFO] RtosManager:555 - Registered RTOS mode: class=RTOS, group=Core, mode=CMSIS_V1, owner=FREERTOS
2024-05-14 18:33:00,906 [INFO] RtosManager:555 - Registered RTOS mode: class=RTOS, group=Core, mode=CMSIS_V2, owner=FREERTOS
2024-05-14 18:33:00,906 [WARN] ModelIntegratedComponent:184 - Missing modes for component STMicroelectronics:FreeRTOS:0.0.1:STMicroelectronics:RTOS:FreeRTOS:Core:::10.2.0:
2024-05-14 18:33:00,939 [WARN] ModelIntegratedComponent:63 - No mode defined for component null
2024-05-14 18:33:00,939 [WARN] ModelIntegratedComponent:63 - No mode defined for component null
2024-05-14 18:33:00,939 [WARN] ModelIntegratedComponent:63 - No mode defined for component null
2024-05-14 18:33:00,939 [WARN] ModelIntegratedComponent:63 - No mode defined for component null
2024-05-14 18:33:00,939 [WARN] ModelIntegratedComponent:63 - No mode defined for component null
2024-05-14 18:33:00,939 [WARN] ModelIntegratedComponent:63 - No mode defined for component null
2024-05-14 18:33:00,939 [WARN] ModelIntegratedComponent:63 - No mode defined for component null
2024-05-14 18:33:00,940 [WARN] ModelIntegratedComponent:63 - No mode defined for component null
2024-05-14 18:33:00,940 [WARN] ModelIntegratedComponent:63 - No mode defined for component null
2024-05-14 18:33:00,940 [WARN] ModelIntegratedComponent:63 - No mode defined for component null
2024-05-14 18:33:00,940 [WARN] ModelIntegratedComponent:63 - No mode defined for component null
2024-05-14 18:33:00,940 [WARN] ModelIntegratedComponent:63 - No mode defined for component null
2024-05-14 18:33:00,940 [WARN] ModelIntegratedComponent:63 - No mode defined for component null
2024-05-14 18:33:00,940 [WARN] ModelIntegratedComponent:63 - No mode defined for component null
2024-05-14 18:33:00,940 [WARN] ModelIntegratedComponent:63 - No mode defined for component null
2024-05-14 18:33:00,940 [WARN] ModelIntegratedComponent:63 - No mode defined for component null
2024-05-14 18:33:00,940 [WARN] ModelIntegratedComponent:63 - No mode defined for component null
2024-05-14 18:33:00,940 [WARN] ModelIntegratedComponent:63 - No mode defined for component null
2024-05-14 18:33:00,940 [WARN] ModelIntegratedComponent:63 - No mode defined for component null
2024-05-14 18:33:00,940 [WARN] ModelIntegratedComponent:63 - No mode defined for component null
2024-05-14 18:33:00,940 [WARN] ModelIntegratedComponent:63 - No mode defined for component null
2024-05-14 18:33:00,941 [WARN] ModelIntegratedComponent:63 - No mode defined for component null
2024-05-14 18:33:00,941 [WARN] ModelIntegratedComponent:63 - No mode defined for component null
2024-05-14 18:33:00,941 [WARN] ModelIntegratedComponent:63 - No mode defined for component null
2024-05-14 18:33:00,941 [WARN] ModelIntegratedComponent:63 - No mode defined for component null
2024-05-14 18:33:00,941 [WARN] ModelIntegratedComponent:63 - No mode defined for component null
2024-05-14 18:33:00,941 [WARN] ModelIntegratedComponent:63 - No mode defined for component null
2024-05-14 18:33:00,941 [WARN] ModelIntegratedComponent:63 - No mode defined for component null
2024-05-14 18:33:00,941 [WARN] ModelIntegratedComponent:63 - No mode defined for component null
2024-05-14 18:33:00,941 [WARN] ModelIntegratedComponent:63 - No mode defined for component null
2024-05-14 18:33:00,941 [WARN] ModelIntegratedComponent:63 - No mode defined for component null
2024-05-14 18:33:00,941 [WARN] ModelIntegratedComponent:63 - No mode defined for component null
2024-05-14 18:33:00,941 [WARN] ModelIntegratedComponent:63 - No mode defined for component null
2024-05-14 18:33:01,109 [INFO] ThirdPartyModel:298 - Start build external matchings
2024-05-14 18:33:01,578 [INFO] ThirdPartyModel:316 - End build external matchings
2024-05-14 18:33:02,063 [INFO] UtilMem:75 - End LoadConfig() Used Memory: 567462144 Bytes (1073741824)
2024-05-14 18:33:02,230 [INFO] MicroXplorer:468 - Change Database Path : 
2024-05-14 18:33:02,230 [INFO] MicroXplorer:498 - Change Database Version : DB.6.0.100
2024-05-14 18:33:02,231 [WARN] ThirdParty:833 - waiting for thirdparty lock release [change project]
2024-05-14 18:33:02,231 [INFO] ThirdParty:835 - entering critical section [change project]
2024-05-14 18:33:02,231 [INFO] ThirdParty:1030 - CMSIS Pack Vendor :STMicroelectronics USBPD 4.1
2024-05-14 18:33:02,231 [INFO] ThirdParty:1030 - CMSIS Pack Vendor :STMicroelectronics X-CUBE-GNSS1 6.0.0
2024-05-14 18:33:02,231 [INFO] ThirdParty:1030 - CMSIS Pack Vendor :STMicroelectronics USB_HOST 2.0.0
2024-05-14 18:33:02,231 [INFO] ThirdParty:1030 - CMSIS Pack Vendor :STMicroelectronics FP-SNS-MOTENVWB1 1.4.0
2024-05-14 18:33:02,231 [INFO] ThirdParty:1030 - CMSIS Pack Vendor :STMicroelectronics X-CUBE-AZRTOS-F4 1.1.0
2024-05-14 18:33:02,232 [INFO] ThirdParty:1030 - CMSIS Pack Vendor :STMicroelectronics LIBJPEG 8.0.0
2024-05-14 18:33:02,232 [INFO] ThirdParty:1030 - CMSIS Pack Vendor :STMicroelectronics X-CUBE-SMBUS 2.1.0
2024-05-14 18:33:02,232 [INFO] ThirdParty:1030 - CMSIS Pack Vendor :STMicroelectronics USB_DEVICE 3.0.0
2024-05-14 18:33:02,232 [INFO] ThirdParty:1030 - CMSIS Pack Vendor :STMicroelectronics X-CUBE-TCPP 4.1.0
2024-05-14 18:33:02,232 [INFO] ThirdParty:1030 - CMSIS Pack Vendor :STMicroelectronics X-CUBE-FREERTOS 1.2.0
2024-05-14 18:33:02,232 [INFO] ThirdParty:1030 - CMSIS Pack Vendor :STMicroelectronics X-CUBE-AZRTOS-WB 2.0.0
2024-05-14 18:33:02,232 [INFO] ThirdParty:1030 - CMSIS Pack Vendor :wolfSSL I-CUBE-wolfSSL 5.6.6
2024-05-14 18:33:02,232 [INFO] ThirdParty:1030 - CMSIS Pack Vendor :STMicroelectronics X-CUBE-TOUCHGFX 4.23.0
2024-05-14 18:33:02,232 [INFO] ThirdParty:1030 - CMSIS Pack Vendor :STMicroelectronics X-CUBE-TOUCHGFX 4.23.2
2024-05-14 18:33:02,232 [INFO] ThirdParty:1030 - CMSIS Pack Vendor :STMicroelectronics X-CUBE-AZRTOS-F7 1.1.0
2024-05-14 18:33:02,232 [INFO] ThirdParty:1030 - CMSIS Pack Vendor :STMicroelectronics X-CUBE-AZRTOS-L5 2.0.0
2024-05-14 18:33:02,232 [INFO] ThirdParty:1030 - CMSIS Pack Vendor :STMicroelectronics USB_DEVICE 2.0.0
2024-05-14 18:33:02,232 [INFO] ThirdParty:1030 - CMSIS Pack Vendor :STMicroelectronics X-CUBE-EEPRMA1 4.2.0
2024-05-14 18:33:02,232 [INFO] ThirdParty:1030 - CMSIS Pack Vendor :STMicroelectronics X-CUBE-NFC6 3.1.0
2024-05-14 18:33:02,232 [INFO] ThirdParty:1030 - CMSIS Pack Vendor :ITTIA_DB I-CUBE-ITTIADB 8.8.0
2024-05-14 18:33:02,232 [INFO] ThirdParty:1030 - CMSIS Pack Vendor :STMicroelectronics FP-SNS-MOTENV1 4.3.2
2024-05-14 18:33:02,232 [INFO] ThirdParty:1030 - CMSIS Pack Vendor :STMicroelectronics X-CUBE-ALGOBUILD 1.3.0
2024-05-14 18:33:02,232 [INFO] ThirdParty:1030 - CMSIS Pack Vendor :STMicroelectronics FreeRTOS 0.0.1
2024-05-14 18:33:02,232 [INFO] ThirdParty:1030 - CMSIS Pack Vendor :STMicroelectronics X-CUBE-AZRTOS-G0 1.1.0
2024-05-14 18:33:02,232 [INFO] ThirdParty:1030 - CMSIS Pack Vendor :STMicroelectronics X-CUBE-SAFEA1 1.2.2
2024-05-14 18:33:02,233 [INFO] ThirdParty:1030 - CMSIS Pack Vendor :STMicroelectronics X-CUBE-NFC4 3.0.0
2024-05-14 18:33:02,233 [INFO] ThirdParty:1030 - CMSIS Pack Vendor :STMicroelectronics X-CUBE-SUBG2 5.0.0
2024-05-14 18:33:02,233 [INFO] ThirdParty:1030 - CMSIS Pack Vendor :STMicroelectronics STM32_WPAN 1.0.0
2024-05-14 18:33:02,233 [INFO] ThirdParty:1030 - CMSIS Pack Vendor :STMicroelectronics lwIP 2.0.3
2024-05-14 18:33:02,233 [INFO] ThirdParty:1030 - CMSIS Pack Vendor :STMicroelectronics FP-SNS-FLIGHT1 5.0.2
2024-05-14 18:33:02,233 [INFO] ThirdParty:1030 - CMSIS Pack Vendor :Cesanta I-CUBE-Mongoose 7.13.0
2024-05-14 18:33:02,233 [INFO] ThirdParty:1030 - CMSIS Pack Vendor :STMicroelectronics USB_HOST 1.0.0
2024-05-14 18:33:02,233 [INFO] ThirdParty:1030 - CMSIS Pack Vendor :STMicroelectronics X-CUBE-AI 9.0.0
2024-05-14 18:33:02,233 [INFO] ThirdParty:1030 - CMSIS Pack Vendor :STMicroelectronics X-CUBE-AZRTOS-G4 2.0.0
2024-05-14 18:33:02,233 [INFO] ThirdParty:1030 - CMSIS Pack Vendor :STMicroelectronics PDM2PCM 3.1.0
2024-05-14 18:33:02,233 [INFO] ThirdParty:1030 - CMSIS Pack Vendor :Infineon AIROC-Wi-Fi-Bluetooth-STM32 1.5.1
2024-05-14 18:33:02,233 [INFO] ThirdParty:1030 - CMSIS Pack Vendor :STMicroelectronics X-CUBE-BLEMGR 3.0.0
2024-05-14 18:33:02,233 [INFO] ThirdParty:1030 - CMSIS Pack Vendor :STMicroelectronics PDM2PCM 3.3.0
2024-05-14 18:33:02,233 [INFO] ThirdParty:1030 - CMSIS Pack Vendor :STMicroelectronics X-CUBE-DISPLAY 3.0.0
2024-05-14 18:33:02,233 [INFO] ThirdParty:1030 - CMSIS Pack Vendor :STMicroelectronics FP-SNS-MOTENVWB1 1.3.1
2024-05-14 18:33:02,233 [INFO] ThirdParty:1030 - CMSIS Pack Vendor :STMicroelectronics X-CUBE-BLE1 7.0.0
2024-05-14 18:33:02,233 [INFO] ThirdParty:1030 - CMSIS Pack Vendor :STMicroelectronics FP-ATR-SIGFOX1 3.2.0
2024-05-14 18:33:02,233 [INFO] ThirdParty:1030 - CMSIS Pack Vendor :STMicroelectronics X-CUBE-ISPU 2.0.0
2024-05-14 18:33:02,233 [INFO] ThirdParty:1030 - CMSIS Pack Vendor :STMicroelectronics X-CUBE-EEPRMA1 5.1.0
2024-05-14 18:33:02,233 [INFO] ThirdParty:1030 - CMSIS Pack Vendor :STMicroelectronics HAL Drivers 0.0.0
2024-05-14 18:33:02,234 [INFO] ThirdParty:1030 - CMSIS Pack Vendor :STMicroelectronics MBEDTLS 2.16.2
2024-05-14 18:33:02,234 [INFO] ThirdParty:1030 - CMSIS Pack Vendor :emotas I-CUBE-CANOPEN 1.3.0
2024-05-14 18:33:02,234 [INFO] ThirdParty:1030 - CMSIS Pack Vendor :STMicroelectronics X-CUBE-MEMS1 10.0.0
2024-05-14 18:33:02,234 [INFO] ThirdParty:1030 - CMSIS Pack Vendor :STMicroelectronics X-CUBE-FREERTOS 1.1.0
2024-05-14 18:33:02,234 [INFO] ThirdParty:1030 - CMSIS Pack Vendor :STMicroelectronics X-CUBE-NFC7 1.0.1
2024-05-14 18:33:02,234 [INFO] ThirdParty:1030 - CMSIS Pack Vendor :STMicroelectronics MBEDTLS 2.14.1
2024-05-14 18:33:02,234 [INFO] ThirdParty:1030 - CMSIS Pack Vendor :STMicroelectronics X-CUBE-NFC6 3.0.0
2024-05-14 18:33:02,234 [INFO] ThirdParty:1030 - CMSIS Pack Vendor :portGmbH I-Cube-SoM-uGOAL 1.1.0
2024-05-14 18:33:02,234 [INFO] ThirdParty:1030 - CMSIS Pack Vendor :STMicroelectronics X-CUBE-ALS 1.0.1
2024-05-14 18:33:02,234 [INFO] ThirdParty:1030 - CMSIS Pack Vendor :STMicroelectronics X-CUBE-BLEMGR 3.1.0
2024-05-14 18:33:02,234 [INFO] ThirdParty:1030 - CMSIS Pack Vendor :STMicroelectronics ThreadX 1.0.0
2024-05-14 18:33:02,234 [INFO] ThirdParty:1030 - CMSIS Pack Vendor :STMicroelectronics FP-SNS-SMARTAG2 1.2.0
2024-05-14 18:33:02,234 [INFO] ThirdParty:1030 - CMSIS Pack Vendor :STMicroelectronics X-CUBE-AZRTOS-WL 2.0.0
2024-05-14 18:33:02,234 [INFO] ThirdParty:1030 - CMSIS Pack Vendor :SEGGER I-CUBE-embOS 1.3.1
2024-05-14 18:33:02,234 [INFO] ThirdParty:1030 - CMSIS Pack Vendor :STMicroelectronics X-CUBE-ALGOBUILD 1.4.0
2024-05-14 18:33:02,234 [INFO] ThirdParty:1030 - CMSIS Pack Vendor :STMicroelectronics FP-SNS-MOTENV1 5.0.0
2024-05-14 18:33:02,234 [INFO] ThirdParty:1030 - CMSIS Pack Vendor :STMicroelectronics USB_DEVICE 1.0.0
2024-05-14 18:33:02,234 [INFO] ThirdParty:1030 - CMSIS Pack Vendor :STMicroelectronics X-CUBE-AI 8.1.0
2024-05-14 18:33:02,234 [INFO] ThirdParty:1030 - CMSIS Pack Vendor :STMicroelectronics X-CUBE-AZRTOS-H7RS 1.0.0
2024-05-14 18:33:02,234 [INFO] ThirdParty:1030 - CMSIS Pack Vendor :STMicroelectronics X-CUBE-AZRTOS-L4 2.0.0
2024-05-14 18:33:02,234 [INFO] ThirdParty:1030 - CMSIS Pack Vendor :STMicroelectronics ThreadX 0.0.2
2024-05-14 18:33:02,234 [INFO] ThirdParty:1030 - CMSIS Pack Vendor :WES I-CUBE-Cesium 1.3.0
2024-05-14 18:33:02,234 [INFO] ThirdParty:1030 - CMSIS Pack Vendor :STMicroelectronics FP-ATR-ASTRA1 2.0.0
2024-05-14 18:33:02,234 [INFO] ThirdParty:1030 - CMSIS Pack Vendor :STMicroelectronics lwIP 2.1.2
2024-05-14 18:33:02,234 [INFO] ThirdParty:1030 - CMSIS Pack Vendor :STMicroelectronics X-CUBE-SFXS2LP1 4.0.0
2024-05-14 18:33:02,234 [INFO] ThirdParty:1030 - CMSIS Pack Vendor :STMicroelectronics X-CUBE-BLE2 3.3.0
2024-05-14 18:33:02,234 [INFO] ThirdParty:1030 - CMSIS Pack Vendor :STMicroelectronics X-CUBE-TOF1 3.4.0
2024-05-14 18:33:02,234 [INFO] ThirdParty:1030 - CMSIS Pack Vendor :STMicroelectronics X-CUBE-TOF1 3.4.1
2024-05-14 18:33:02,235 [INFO] ThirdParty:1030 - CMSIS Pack Vendor :STMicroelectronics X-CUBE-AZRTOS-H7 3.2.0
2024-05-14 18:33:02,235 [INFO] ThirdParty:1030 - CMSIS Pack Vendor :STMicroelectronics PDM2PCM 3.2.0
2024-05-14 18:33:02,235 [INFO] ThirdParty:841 - exiting critical section [change project]
2024-05-14 18:33:02,687 [INFO] PinOutPanel:1499 - setPackage(No Configuration,No Configuration)
2024-05-14 18:33:02,688 [INFO] PinOutPanel:1499 - setPackage(STM32L476RGTx,LQFP64)
2024-05-14 18:33:03,573 [INFO] UtilMem:75 - Before build in PCC Used Memory: 699375416 Bytes (1073741824)
2024-05-14 18:33:04,640 [INFO] UtilMem:75 - After build in PCC Used Memory: 530826416 Bytes (1073741824)
2024-05-14 18:33:04,693 [INFO] IPUIPlugin:80 - create IPUIPlugin
2024-05-14 18:33:04,693 [INFO] IPUIPlugin:80 - create IPUIPlugin
2024-05-14 18:33:04,693 [INFO] IPUIPlugin:80 - create IPUIPlugin
2024-05-14 18:33:04,693 [INFO] IPUIPlugin:80 - create IPUIPlugin
2024-05-14 18:33:04,695 [INFO] IPUIPlugin:80 - create IPUIPlugin
2024-05-14 18:33:04,695 [INFO] IPUIPlugin:80 - create IPUIPlugin
2024-05-14 18:33:04,695 [INFO] IPUIPlugin:80 - create IPUIPlugin
2024-05-14 18:33:04,695 [INFO] IPUIPlugin:80 - create IPUIPlugin
2024-05-14 18:33:04,695 [INFO] IPUIPlugin:80 - create IPUIPlugin
2024-05-14 18:33:04,696 [INFO] IPUIPlugin:80 - create IPUIPlugin
2024-05-14 18:33:04,696 [INFO] IPUIPlugin:80 - create IPUIPlugin
2024-05-14 18:33:04,696 [INFO] IPUIPlugin:80 - create IPUIPlugin
2024-05-14 18:33:04,696 [INFO] IPUIPlugin:80 - create IPUIPlugin
2024-05-14 18:33:04,696 [INFO] IPUIPlugin:80 - create IPUIPlugin
2024-05-14 18:33:04,696 [INFO] IPUIPlugin:80 - create IPUIPlugin
2024-05-14 18:33:04,696 [INFO] IPUIPlugin:80 - create IPUIPlugin
2024-05-14 18:33:04,697 [INFO] IPUIPlugin:80 - create IPUIPlugin
2024-05-14 18:33:04,697 [INFO] IPUIPlugin:80 - create IPUIPlugin
2024-05-14 18:33:04,697 [INFO] IPUIPlugin:80 - create IPUIPlugin
2024-05-14 18:33:04,698 [INFO] IPUIPlugin:80 - create IPUIPlugin
2024-05-14 18:33:04,698 [INFO] IPUIPlugin:80 - create IPUIPlugin
2024-05-14 18:33:04,698 [INFO] IPUIPlugin:80 - create IPUIPlugin
2024-05-14 18:33:04,698 [INFO] IPUIPlugin:80 - create IPUIPlugin
2024-05-14 18:33:04,698 [INFO] IPUIPlugin:80 - create IPUIPlugin
2024-05-14 18:33:04,698 [INFO] IPUIPlugin:80 - create IPUIPlugin
2024-05-14 18:33:04,699 [INFO] IPUIPlugin:80 - create IPUIPlugin
2024-05-14 18:33:04,699 [INFO] IPUIPlugin:80 - create IPUIPlugin
2024-05-14 18:33:04,699 [INFO] IPUIPlugin:80 - create IPUIPlugin
2024-05-14 18:33:04,699 [INFO] IPUIPlugin:80 - create IPUIPlugin
2024-05-14 18:33:04,699 [INFO] IPUIPlugin:80 - create IPUIPlugin
2024-05-14 18:33:04,700 [INFO] IPUIPlugin:80 - create IPUIPlugin
2024-05-14 18:33:04,700 [INFO] IPUIPlugin:80 - create IPUIPlugin
2024-05-14 18:33:04,700 [INFO] IPUIPlugin:80 - create IPUIPlugin
2024-05-14 18:33:04,701 [INFO] IPUIPlugin:80 - create IPUIPlugin
2024-05-14 18:33:04,701 [INFO] IPUIPlugin:80 - create IPUIPlugin
2024-05-14 18:33:04,701 [INFO] IPUIPlugin:80 - create IPUIPlugin
2024-05-14 18:33:04,701 [INFO] IPUIPlugin:80 - create IPUIPlugin
2024-05-14 18:33:04,701 [INFO] IPUIPlugin:80 - create IPUIPlugin
2024-05-14 18:33:04,702 [INFO] IPUIPlugin:80 - create IPUIPlugin
2024-05-14 18:33:04,702 [INFO] IPUIPlugin:80 - create IPUIPlugin
2024-05-14 18:33:04,702 [INFO] IPUIPlugin:80 - create IPUIPlugin
2024-05-14 18:33:04,702 [INFO] IPUIPlugin:80 - create IPUIPlugin
2024-05-14 18:33:04,703 [INFO] IPUIPlugin:80 - create IPUIPlugin
2024-05-14 18:33:04,703 [INFO] IPUIPlugin:80 - create IPUIPlugin
2024-05-14 18:33:04,703 [INFO] IPUIPlugin:80 - create IPUIPlugin
2024-05-14 18:33:04,703 [INFO] IPUIPlugin:80 - create IPUIPlugin
2024-05-14 18:33:04,703 [INFO] IPUIPlugin:80 - create IPUIPlugin
2024-05-14 18:33:04,703 [INFO] IPUIPlugin:80 - create IPUIPlugin
2024-05-14 18:33:04,704 [INFO] IPUIPlugin:80 - create IPUIPlugin
2024-05-14 18:33:04,704 [INFO] IPUIPlugin:80 - create IPUIPlugin
2024-05-14 18:33:04,704 [INFO] IPUIPlugin:80 - create IPUIPlugin
2024-05-14 18:33:04,704 [INFO] IPUIPlugin:80 - create IPUIPlugin
2024-05-14 18:33:04,704 [INFO] IPUIPlugin:80 - create IPUIPlugin
2024-05-14 18:33:04,704 [INFO] IPUIPlugin:80 - create IPUIPlugin
2024-05-14 18:33:04,705 [INFO] IPUIPlugin:80 - create IPUIPlugin
2024-05-14 18:33:04,706 [INFO] IPUIPlugin:80 - create IPUIPlugin
2024-05-14 18:33:04,706 [INFO] IPUIPlugin:80 - create IPUIPlugin
2024-05-14 18:33:04,707 [INFO] IPUIPlugin:80 - create IPUIPlugin
2024-05-14 18:33:04,707 [INFO] IPUIPlugin:80 - create IPUIPlugin
2024-05-14 18:33:04,910 [INFO] CADModel:165 - CPN selected for project levelSTM32L476RGT6
2024-05-14 18:33:04,910 [INFO] CADModel:114 - Register for checkConnection events
2024-05-14 18:33:04,965 [INFO] OpenFileManager:343 - Restore cursor
2024-05-14 18:33:05,783 [INFO] UtilMem:75 - End SaveConfig() Used Memory: 648335416 Bytes (1073741824)
2024-05-14 18:33:05,880 [INFO] UtilMem:75 - End SaveConfig() Used Memory: 672582024 Bytes (1073741824)
2024-05-14 18:33:06,330 [INFO] BlockDiagram:2759 - set Specific Code input for plugin: RCC
2024-05-14 18:33:06,330 [INFO] BlockDiagram:2759 - set Specific Code input for plugin: NVIC
2024-05-14 18:33:06,332 [INFO] CodeGenerator:807 - code generatio: config db path: C:\ST\STM32CubeIDE_1.14.0\STM32CubeIDE\plugins\com.st.stm32cube.common.mx_6.10.0.202311202037\\db\
2024-05-14 18:33:06,568 [INFO] CodeEngine:255 - oldGeneratedFile, C:\Users\domin\OneDrive\Pulpit\STM32\cyclingSpeedometer\cyclingSpeedometer\MXTmpFiles\license.tmp_save
2024-05-14 18:33:06,992 [INFO] CodeEngine:279 - Generated code: C:\Users\domin\OneDrive\Pulpit\STM32\cyclingSpeedometer\cyclingSpeedometer\MXTmpFiles\license.tmp
2024-05-14 18:33:07,014 [INFO] CodeEngine:255 - oldGeneratedFile, C:\Users\domin\OneDrive\Pulpit\STM32\cyclingSpeedometer\cyclingSpeedometer\Core\Src\stm32l4xx_it.c_save
2024-05-14 18:33:07,176 [INFO] CodeEngine:279 - Generated code: C:\Users\domin\OneDrive\Pulpit\STM32\cyclingSpeedometer\cyclingSpeedometer\Core\Src\stm32l4xx_it.c
2024-05-14 18:33:07,182 [INFO] CodeEngine:255 - oldGeneratedFile, C:\Users\domin\OneDrive\Pulpit\STM32\cyclingSpeedometer\cyclingSpeedometer\Core\Inc\stm32l4xx_it.h_save
2024-05-14 18:33:07,287 [INFO] CodeEngine:279 - Generated code: C:\Users\domin\OneDrive\Pulpit\STM32\cyclingSpeedometer\cyclingSpeedometer\Core\Inc\stm32l4xx_it.h
2024-05-14 18:33:07,481 [INFO] CodeEngine:255 - oldGeneratedFile, C:\Users\domin\OneDrive\Pulpit\STM32\cyclingSpeedometer\cyclingSpeedometer\Core\Src\stm32l4xx_hal_msp.c_save
2024-05-14 18:33:07,641 [INFO] CodeEngine:279 - Generated code: C:\Users\domin\OneDrive\Pulpit\STM32\cyclingSpeedometer\cyclingSpeedometer\Core\Src\stm32l4xx_hal_msp.c
2024-05-14 18:33:07,647 [INFO] CodeEngine:255 - oldGeneratedFile, C:\Users\domin\OneDrive\Pulpit\STM32\cyclingSpeedometer\cyclingSpeedometer\MXTmpFiles\system.tmp_save
2024-05-14 18:33:07,743 [INFO] CodeEngine:279 - Generated code: C:\Users\domin\OneDrive\Pulpit\STM32\cyclingSpeedometer\cyclingSpeedometer\MXTmpFiles\system.tmp
2024-05-14 18:33:07,756 [INFO] CodeEngine:311 - oldGeneratedFile, C:\Users\domin\OneDrive\Pulpit\STM32\cyclingSpeedometer\cyclingSpeedometer\Core\Inc\stm32l4xx_hal_conf.h_save
2024-05-14 18:33:07,865 [INFO] CodeEngine:335 - Generated code: C:\Users\domin\OneDrive\Pulpit\STM32\cyclingSpeedometer\cyclingSpeedometer\Core\Inc\stm32l4xx_hal_conf.h
2024-05-14 18:33:07,929 [INFO] CodeEngine:255 - oldGeneratedFile, C:\Users\domin\OneDrive\Pulpit\STM32\cyclingSpeedometer\cyclingSpeedometer\Core\Inc\main.h_save
2024-05-14 18:33:08,154 [INFO] CodeEngine:279 - Generated code: C:\Users\domin\OneDrive\Pulpit\STM32\cyclingSpeedometer\cyclingSpeedometer\Core\Inc\main.h
2024-05-14 18:33:08,168 [INFO] CodeEngine:255 - oldGeneratedFile, C:\Users\domin\OneDrive\Pulpit\STM32\cyclingSpeedometer\cyclingSpeedometer\Core\Src\main.c_save
2024-05-14 18:33:08,392 [INFO] CodeEngine:279 - Generated code: C:\Users\domin\OneDrive\Pulpit\STM32\cyclingSpeedometer\cyclingSpeedometer\Core\Src\main.c
2024-05-14 18:33:09,331 [INFO] ProjectBuilder:3076 - Time for Copy HAL[1] : 205mS.
2024-05-14 18:33:09,341 [INFO] ProjectBuilder:4485 - Project Generator version: 4.2.0-B44
2024-05-14 18:33:09,764 [INFO] ConfigFileManager:1495 - The Die is : DIE415
2024-05-14 18:33:09,794 [INFO] ApiDbMcu:508 - Load IP Config File for FATFS
2024-05-14 18:33:09,804 [INFO] ApiDbMcu:508 - Load IP Config File for FREERTOS
2024-05-14 18:33:09,823 [INFO] ApiDbMcu:508 - Load IP Config File for TOUCHSENSING
2024-05-14 18:33:09,842 [INFO] ApiDbMcu:508 - Load IP Config File for USB_DEVICE
2024-05-14 18:33:09,849 [INFO] ApiDbMcu:508 - Load IP Config File for USB_HOST
2024-05-14 18:33:11,012 [INFO] LogOutputStream:77 - [STDOUT_REDIRECT] 
2024-05-14 18:33:13,729 [INFO] ProjectBuilder:4747 - Time for Generating toolchain IDE Files: 4387mS.
2024-05-14 18:33:13,730 [INFO] ProjectBuilder:2947 - Time for Copy CMSIS : 1mS.
2024-05-14 18:33:13,732 [INFO] ProjectBuilder:2947 - Time for Copy CMSIS : 0mS.
2024-05-14 18:33:15,138 [INFO] McuFinderGlobals:76 - Set McuFinderConnectedMode to true
2024-05-14 18:33:15,161 [INFO] ApiDb:448 - Save user favorites file C:\Users\domin/.stm32cubeide/favorites.mcus.txt: 0 item(s)
2024-05-14 18:33:15,162 [INFO] ApiDb:452 - User favorites MCUs=[]
2024-05-14 18:33:15,550 [ERROR] LogOutputStream:75 - [STDERR_REDIRECT] Exception in thread "AWT-EventQueue-0" java.awt.IllegalComponentStateException: Native resources unavailable
2024-05-14 18:33:15,553 [ERROR] LogOutputStream:75 - [STDERR_REDIRECT] 	at java.desktop/sun.awt.windows.WWindowPeer.getScreenImOn(Native Method)
2024-05-14 18:33:15,555 [ERROR] LogOutputStream:75 - [STDERR_REDIRECT] 	at java.desktop/sun.awt.windows.WWindowPeer.updateGC(WWindowPeer.java:566)
2024-05-14 18:33:15,556 [ERROR] LogOutputStream:75 - [STDERR_REDIRECT] 	at java.desktop/java.awt.event.InvocationEvent.dispatch(InvocationEvent.java:318)
2024-05-14 18:33:15,558 [ERROR] LogOutputStream:75 - [STDERR_REDIRECT] 	at java.desktop/java.awt.EventQueue.dispatchEventImpl(EventQueue.java:773)
2024-05-14 18:33:15,560 [ERROR] LogOutputStream:75 - [STDERR_REDIRECT] 	at java.desktop/java.awt.EventQueue$4.run(EventQueue.java:720)
2024-05-14 18:33:15,563 [ERROR] LogOutputStream:75 - [STDERR_REDIRECT] 	at java.desktop/java.awt.EventQueue$4.run(EventQueue.java:714)
2024-05-14 18:33:15,566 [ERROR] LogOutputStream:75 - [STDERR_REDIRECT] 	at java.base/java.security.AccessController.doPrivileged(AccessController.java:399)
2024-05-14 18:33:15,569 [ERROR] LogOutputStream:75 - [STDERR_REDIRECT] 	at java.base/java.security.ProtectionDomain$JavaSecurityAccessImpl.doIntersectionPrivilege(ProtectionDomain.java:86)
2024-05-14 18:33:15,571 [ERROR] LogOutputStream:75 - [STDERR_REDIRECT] 	at java.base/java.security.ProtectionDomain$JavaSecurityAccessImpl.doIntersectionPrivilege(ProtectionDomain.java:97)
2024-05-14 18:33:15,575 [ERROR] LogOutputStream:75 - [STDERR_REDIRECT] 	at java.desktop/java.awt.EventQueue$5.run(EventQueue.java:747)
2024-05-14 18:33:15,578 [ERROR] LogOutputStream:75 - [STDERR_REDIRECT] 	at java.desktop/java.awt.EventQueue$5.run(EventQueue.java:745)
2024-05-14 18:33:15,580 [ERROR] LogOutputStream:75 - [STDERR_REDIRECT] 	at java.base/java.security.AccessController.doPrivileged(AccessController.java:399)
2024-05-14 18:33:15,584 [ERROR] LogOutputStream:75 - [STDERR_REDIRECT] 	at java.base/java.security.ProtectionDomain$JavaSecurityAccessImpl.doIntersectionPrivilege(ProtectionDomain.java:86)
2024-05-14 18:33:15,587 [ERROR] LogOutputStream:75 - [STDERR_REDIRECT] 	at java.desktop/java.awt.EventQueue.dispatchEvent(EventQueue.java:744)
2024-05-14 18:33:15,589 [ERROR] LogOutputStream:75 - [STDERR_REDIRECT] 	at java.desktop/java.awt.EventDispatchThread.pumpOneEventForFilters(EventDispatchThread.java:203)
2024-05-14 18:33:15,591 [ERROR] LogOutputStream:75 - [STDERR_REDIRECT] 	at java.desktop/java.awt.EventDispatchThread.pumpEventsForFilter(EventDispatchThread.java:124)
2024-05-14 18:33:15,594 [ERROR] LogOutputStream:75 - [STDERR_REDIRECT] 	at java.desktop/java.awt.EventDispatchThread.pumpEventsForHierarchy(EventDispatchThread.java:113)
2024-05-14 18:33:15,598 [ERROR] LogOutputStream:75 - [STDERR_REDIRECT] 	at java.desktop/java.awt.EventDispatchThread.pumpEvents(EventDispatchThread.java:109)
2024-05-14 18:33:15,608 [ERROR] LogOutputStream:75 - [STDERR_REDIRECT] 	at java.desktop/java.awt.EventDispatchThread.pumpEvents(EventDispatchThread.java:101)
2024-05-14 18:33:15,610 [ERROR] LogOutputStream:75 - [STDERR_REDIRECT] 	at java.desktop/java.awt.EventDispatchThread.run(EventDispatchThread.java:90)
2024-05-14 18:37:24,921 [ERROR] LogOutputStream:75 - [STDERR_REDIRECT] 
2024-05-14 18:37:24,922 [ERROR] LogOutputStream:75 - [STDERR_REDIRECT] 
