2024-05-17 06:04:38,812 [ERROR] LogOutputStream:75 - [STDERR_REDIRECT] 
2024-05-17 11:04:53,441 [INFO] Activator:176 - 


2024-05-17 11:04:53,443 [INFO] Activator:177 - !SESSION log4j initialized
2024-05-17 11:04:57,453 [INFO] LogOutputStream:77 - [STDOUT_REDIRECT] 
2024-05-17 11:04:58,387 [INFO] ApplicationProperties:184 - Using Application install path: C:\ST\STM32CubeIDE_1.14.0\STM32CubeIDE\plugins\com.st.stm32cube.common.mx_6.10.0.202311202037
2024-05-17 11:04:58,416 [INFO] DbMcusXml:78 - Set database path to: C:\ST\STM32CubeIDE_1.14.0\STM32CubeIDE\plugins\com.st.stm32cube.common.mx_6.10.0.202311202037\\db\/mcu/
2024-05-17 11:04:58,417 [INFO] ApiDb:274 - Set plugin database path to: C:\ST\STM32CubeIDE_1.14.0\STM32CubeIDE\plugins\com.st.stm32cube.common.mx_6.10.0.202311202037\\db\/plugins/boardmanager/
2024-05-17 11:04:58,417 [WARN] ApiDb:259 - Overriding images path with different value:  => C:\ST\STM32CubeIDE_1.14.0\STM32CubeIDE\plugins\com.st.stm32cube.common.mx_6.10.0.202311202037\\db\/plugins/mcufinder/images/
2024-05-17 11:04:58,434 [INFO] ApiDb:250 - Set database path to: C:\Users\domin\.stmcufinder\plugins\mcufinder//mcu/
2024-05-17 11:04:58,436 [INFO] DbMcusAds:125 - Set database path to: C:\Users\domin\.stmcufinder\plugins\mcufinder//mcu/
2024-05-17 11:04:58,440 [INFO] CrossReferenceDbSqlite:203 - Set database path to: C:\Users\domin\.stmcufinder\plugins\mcufinder//mcu/cs/
2024-05-17 11:04:58,600 [INFO] RulesReader:64 - Compatibility file has been processed (297 Rules)
2024-05-17 11:04:58,722 [INFO] DbMcusXml:78 - Set database path to: C:\ST\STM32CubeIDE_1.14.0\STM32CubeIDE\plugins\com.st.stm32cube.common.mx_6.10.0.202311202037\\db\/mcu/
2024-05-17 11:04:58,722 [INFO] ApiDb:274 - Set plugin database path to: C:\ST\STM32CubeIDE_1.14.0\STM32CubeIDE\plugins\com.st.stm32cube.common.mx_6.10.0.202311202037\\db\/plugins/boardmanager/
2024-05-17 11:04:58,722 [INFO] ApiDb:261 - Set plugin images path to: C:\ST\STM32CubeIDE_1.14.0\STM32CubeIDE\plugins\com.st.stm32cube.common.mx_6.10.0.202311202037\\db\/plugins/mcufinder/images/
2024-05-17 11:04:58,723 [WARN] DbFile:41 - Overriding database path with different value: C:\Users\domin\.stmcufinder\plugins\mcufinder/ => C:\Users\domin\.stmcufinder\plugins\mcufinder
2024-05-17 11:04:58,723 [INFO] ApiDb:250 - Set database path to: C:\Users\domin\.stmcufinder\plugins\mcufinder//mcu/
2024-05-17 11:04:58,723 [WARN] DbFile:41 - Overriding database path with different value: C:\Users\domin\.stmcufinder\plugins\mcufinder/ => C:\Users\domin\.stmcufinder\plugins\mcufinder
2024-05-17 11:04:58,723 [INFO] DbMcusAds:125 - Set database path to: C:\Users\domin\.stmcufinder\plugins\mcufinder//mcu/
2024-05-17 11:04:58,723 [WARN] DbFile:41 - Overriding database path with different value: C:\Users\domin\.stmcufinder\plugins\mcufinder/ => C:\Users\domin\.stmcufinder\plugins\mcufinder
2024-05-17 11:04:58,723 [WARN] DbFile:41 - Overriding database path with different value: C:\Users\domin\.stmcufinder\plugins\mcufinder/ => C:\Users\domin\.stmcufinder\plugins\mcufinder
2024-05-17 11:04:58,723 [INFO] CrossReferenceDbSqlite:203 - Set database path to: C:\Users\domin\.stmcufinder\plugins\mcufinder//mcu/cs/
2024-05-17 11:04:58,819 [INFO] MainPanel:264 - HeapMemory: 268435456
2024-05-17 11:04:58,937 [INFO] DbMcusXml:78 - Set database path to: C:\ST\STM32CubeIDE_1.14.0\STM32CubeIDE\plugins\com.st.stm32cube.common.mx_6.10.0.202311202037\\db\/mcu/
2024-05-17 11:04:58,937 [INFO] ApiDb:274 - Set plugin database path to: C:\ST\STM32CubeIDE_1.14.0\STM32CubeIDE\plugins\com.st.stm32cube.common.mx_6.10.0.202311202037\\db\/plugins/boardmanager/
2024-05-17 11:04:58,937 [INFO] ApiDb:261 - Set plugin images path to: C:\ST\STM32CubeIDE_1.14.0\STM32CubeIDE\plugins\com.st.stm32cube.common.mx_6.10.0.202311202037\\db\/plugins/mcufinder/images/
2024-05-17 11:04:58,938 [WARN] DbFile:41 - Overriding database path with different value: C:\Users\domin\.stmcufinder\plugins\mcufinder/ => C:\Users\domin\.stmcufinder\plugins\mcufinder
2024-05-17 11:04:58,938 [INFO] ApiDb:250 - Set database path to: C:\Users\domin\.stmcufinder\plugins\mcufinder//mcu/
2024-05-17 11:04:58,938 [WARN] DbFile:41 - Overriding database path with different value: C:\Users\domin\.stmcufinder\plugins\mcufinder/ => C:\Users\domin\.stmcufinder\plugins\mcufinder
2024-05-17 11:04:58,938 [INFO] DbMcusAds:125 - Set database path to: C:\Users\domin\.stmcufinder\plugins\mcufinder//mcu/
2024-05-17 11:04:58,938 [WARN] DbFile:41 - Overriding database path with different value: C:\Users\domin\.stmcufinder\plugins\mcufinder/ => C:\Users\domin\.stmcufinder\plugins\mcufinder
2024-05-17 11:04:58,938 [WARN] DbFile:41 - Overriding database path with different value: C:\Users\domin\.stmcufinder\plugins\mcufinder/ => C:\Users\domin\.stmcufinder\plugins\mcufinder
2024-05-17 11:04:58,938 [INFO] CrossReferenceDbSqlite:203 - Set database path to: C:\Users\domin\.stmcufinder\plugins\mcufinder//mcu/cs/
2024-05-17 11:04:58,960 [INFO] ApplicationProperties:184 - Using Application install path: C:\ST\STM32CubeIDE_1.14.0\STM32CubeIDE\plugins\com.st.stm32cube.common.mx_6.10.0.202311202037
2024-05-17 11:04:58,962 [INFO] PluginManage:196 - Search for loadable plugins [exclusion list=, ]
2024-05-17 11:04:58,964 [INFO] PluginManage:310 - Check plugin analytics
2024-05-17 11:04:59,200 [INFO] AnalyticsPlugin:253 - Accepted Software Licenses: 
2024-05-17 11:04:59,200 [INFO] AnalyticsPlugin:255 - Accepted CMSIS Pack Licenses: 
2024-05-17 11:04:59,200 [INFO] AnalyticsPlugin:257 - Accepted Firmware Licenses: FW.L4.1.18.0
2024-05-17 11:04:59,203 [INFO] PluginManage:359 - Loaded plugin analytics (category:tool,tabindex:-1)
2024-05-17 11:04:59,203 [INFO] PluginManage:310 - Check plugin cadmodel
2024-05-17 11:04:59,210 [INFO] CADModel:105 - Init CAD model plugin
2024-05-17 11:04:59,210 [INFO] PluginManage:359 - Loaded plugin cadmodel (category:power,tabindex:5)
2024-05-17 11:04:59,210 [INFO] PluginManage:310 - Check plugin clock
2024-05-17 11:04:59,226 [INFO] PluginManage:359 - Loaded plugin clock (category:base,tabindex:2)
2024-05-17 11:04:59,226 [INFO] PluginManage:310 - Check plugin ddr
2024-05-17 11:04:59,230 [INFO] PluginManage:359 - Loaded plugin ddr (category:tool,tabindex:6)
2024-05-17 11:04:59,231 [INFO] PluginManage:310 - Check plugin filemanager
2024-05-17 11:04:59,413 [INFO] PluginManage:359 - Loaded plugin filemanager (category:base,tabindex:10)
2024-05-17 11:04:59,413 [INFO] PluginManage:310 - Check plugin ipmanager
2024-05-17 11:04:59,424 [INFO] PluginManage:359 - Loaded plugin ipmanager (category:base,tabindex:5)
2024-05-17 11:04:59,424 [INFO] PluginManage:310 - Check plugin lpbam
2024-05-17 11:04:59,435 [INFO] PluginManage:359 - Loaded plugin lpbam (category:base,tabindex:0)
2024-05-17 11:04:59,435 [INFO] PluginManage:310 - Check plugin memorymap
2024-05-17 11:04:59,456 [INFO] PluginManage:359 - Loaded plugin memorymap (category:base,tabindex:4)
2024-05-17 11:04:59,456 [INFO] PluginManage:310 - Check plugin pinoutandconfiguration
2024-05-17 11:04:59,469 [INFO] PluginManage:359 - Loaded plugin pinoutandconfiguration (category:base,tabindex:1)
2024-05-17 11:04:59,469 [INFO] PluginManage:310 - Check plugin pinoutconfig
2024-05-17 11:04:59,604 [WARN] SupportedApi:132 - Cannot load RTOS API schema: s4s-elt-must-match.1: The content of 'definitions' must match (annotation?, (simpleType | complexType)?, (unique | key | keyref)*)). A problem was found starting at: attribute.
2024-05-17 11:04:59,815 [INFO] PluginManage:359 - Loaded plugin pinoutconfig (category:base,tabindex:0)
2024-05-17 11:04:59,815 [INFO] PluginManage:310 - Check plugin power
2024-05-17 11:04:59,831 [INFO] PluginManage:359 - Loaded plugin power (category:power,tabindex:4)
2024-05-17 11:04:59,832 [INFO] PluginManage:310 - Check plugin projectmanager
2024-05-17 11:04:59,851 [INFO] PluginManage:359 - Loaded plugin projectmanager (category:projectmanager,tabindex:3)
2024-05-17 11:04:59,851 [INFO] PluginManage:310 - Check plugin thirdparty
2024-05-17 11:05:00,042 [INFO] PluginManage:359 - Loaded plugin thirdparty (category:base,tabindex:-1)
2024-05-17 11:05:00,042 [INFO] PluginManage:310 - Check plugin tools
2024-05-17 11:05:00,049 [INFO] PluginManage:359 - Loaded plugin tools (category:base,tabindex:7)
2024-05-17 11:05:00,050 [INFO] PluginManage:310 - Check plugin tutovideos
2024-05-17 11:05:00,044 [WARN] IntegrityCheckThread:84 - waiting for thirdparty lock release [integrity check]
2024-05-17 11:05:00,052 [INFO] IntegrityCheckThread:86 - entering critical section [integrity check]
2024-05-17 11:05:00,054 [INFO] ThirdPartyUpdaterWithRetryManager:70 - Updater plugin not ready yet. [1/15]
2024-05-17 11:05:00,358 [INFO] PluginManage:359 - Loaded plugin tutovideos (category:base,tabindex:-1)
2024-05-17 11:05:00,358 [INFO] PluginManage:310 - Check plugin updater
2024-05-17 11:05:00,384 [INFO] PluginManage:359 - Loaded plugin updater (category:base,tabindex:12)
2024-05-17 11:05:00,384 [INFO] PluginManage:310 - Check plugin userauth
2024-05-17 11:05:00,394 [INFO] UserAuth:114 - Init User Auth plugin
2024-05-17 11:05:00,395 [INFO] PluginManage:359 - Loaded plugin userauth (category:base,tabindex:14)
2024-05-17 11:05:00,395 [INFO] PluginManage:283 - PluginManage : Loaded plugins [17]
2024-05-17 11:05:00,749 [INFO] PinOutPanel:1499 - setPackage(No Configuration,No Configuration)
2024-05-17 11:05:00,842 [INFO] CADModel:165 - CPN selected for project level
2024-05-17 11:05:00,843 [INFO] CADModel:114 - Register for checkConnection events
2024-05-17 11:05:00,867 [INFO] IPUIPlugin:80 - create IPUIPlugin
2024-05-17 11:05:00,868 [INFO] PluginManager:220 - loadIPPluginJar : add adc
2024-05-17 11:05:00,872 [INFO] IPUIPlugin:80 - create IPUIPlugin
2024-05-17 11:05:00,872 [INFO] PluginManager:220 - loadIPPluginJar : add aes
2024-05-17 11:05:00,876 [INFO] IPUIPlugin:80 - create IPUIPlugin
2024-05-17 11:05:00,876 [INFO] PluginManager:220 - loadIPPluginJar : add can
2024-05-17 11:05:00,878 [INFO] IPUIPlugin:80 - create IPUIPlugin
2024-05-17 11:05:00,879 [INFO] PluginManager:220 - loadIPPluginJar : add comp
2024-05-17 11:05:00,882 [INFO] IPUIPlugin:80 - create IPUIPlugin
2024-05-17 11:05:00,883 [INFO] PluginManager:220 - loadIPPluginJar : add cryp
2024-05-17 11:05:00,887 [INFO] IPUIPlugin:80 - create IPUIPlugin
2024-05-17 11:05:00,887 [INFO] PluginManager:220 - loadIPPluginJar : add dfsdm
2024-05-17 11:05:00,895 [INFO] IPUIPlugin:80 - create IPUIPlugin
2024-05-17 11:05:00,896 [INFO] PluginManager:220 - loadIPPluginJar : add dma
2024-05-17 11:05:00,900 [INFO] IPUIPlugin:80 - create IPUIPlugin
2024-05-17 11:05:00,900 [INFO] PluginManager:220 - loadIPPluginJar : add dma3
2024-05-17 11:05:00,903 [INFO] IPUIPlugin:80 - create IPUIPlugin
2024-05-17 11:05:00,903 [INFO] PluginManager:220 - loadIPPluginJar : add fatfs
2024-05-17 11:05:00,909 [INFO] IPUIPlugin:80 - create IPUIPlugin
2024-05-17 11:05:00,909 [INFO] PluginManager:220 - loadIPPluginJar : add fmc
2024-05-17 11:05:00,915 [INFO] IPUIPlugin:80 - create IPUIPlugin
2024-05-17 11:05:00,916 [INFO] PluginManager:220 - loadIPPluginJar : add freertos
2024-05-17 11:05:00,918 [INFO] IPUIPlugin:80 - create IPUIPlugin
2024-05-17 11:05:00,919 [INFO] PluginManager:220 - loadIPPluginJar : add genericplugin
2024-05-17 11:05:00,922 [INFO] IPUIPlugin:80 - create IPUIPlugin
2024-05-17 11:05:00,922 [INFO] PluginManager:220 - loadIPPluginJar : add gfxmmu
2024-05-17 11:05:00,928 [INFO] IPUIPlugin:80 - create IPUIPlugin
2024-05-17 11:05:00,929 [INFO] PluginManager:220 - loadIPPluginJar : add gic
2024-05-17 11:05:00,935 [INFO] IPUIPlugin:80 - create IPUIPlugin
2024-05-17 11:05:00,935 [INFO] PluginManager:220 - loadIPPluginJar : add gpio
2024-05-17 11:05:00,939 [INFO] IPUIPlugin:80 - create IPUIPlugin
2024-05-17 11:05:00,939 [INFO] PluginManager:220 - loadIPPluginJar : add gtzc
2024-05-17 11:05:00,943 [INFO] IPUIPlugin:80 - create IPUIPlugin
2024-05-17 11:05:00,943 [INFO] PluginManager:220 - loadIPPluginJar : add hash
2024-05-17 11:05:00,946 [INFO] IPUIPlugin:80 - create IPUIPlugin
2024-05-17 11:05:00,946 [INFO] PluginManager:220 - loadIPPluginJar : add i2c
2024-05-17 11:05:00,951 [INFO] IPUIPlugin:80 - create IPUIPlugin
2024-05-17 11:05:00,951 [INFO] PluginManager:220 - loadIPPluginJar : add i2s
2024-05-17 11:05:00,955 [INFO] IPUIPlugin:80 - create IPUIPlugin
2024-05-17 11:05:00,955 [INFO] PluginManager:220 - loadIPPluginJar : add i3c
2024-05-17 11:05:00,959 [INFO] IPUIPlugin:80 - create IPUIPlugin
2024-05-17 11:05:00,960 [INFO] PluginManager:220 - loadIPPluginJar : add ipddr
2024-05-17 11:05:00,968 [INFO] IPUIPlugin:80 - create IPUIPlugin
2024-05-17 11:05:00,968 [INFO] PluginManager:220 - loadIPPluginJar : add linkedlist
2024-05-17 11:05:00,972 [INFO] IPUIPlugin:80 - create IPUIPlugin
2024-05-17 11:05:00,972 [INFO] PluginManager:220 - loadIPPluginJar : add lorawan
2024-05-17 11:05:00,974 [INFO] IPUIPlugin:80 - create IPUIPlugin
2024-05-17 11:05:00,974 [INFO] PluginManager:220 - loadIPPluginJar : add ltdc
2024-05-17 11:05:00,982 [INFO] IPUIPlugin:80 - create IPUIPlugin
2024-05-17 11:05:00,982 [INFO] PluginManager:220 - loadIPPluginJar : add mdma
2024-05-17 11:05:01,002 [INFO] IPUIPlugin:80 - create IPUIPlugin
2024-05-17 11:05:01,002 [INFO] PluginManager:220 - loadIPPluginJar : add nvic
2024-05-17 11:05:01,006 [INFO] IPUIPlugin:80 - create IPUIPlugin
2024-05-17 11:05:01,006 [INFO] PluginManager:220 - loadIPPluginJar : add opamp
2024-05-17 11:05:01,010 [INFO] IPUIPlugin:80 - create IPUIPlugin
2024-05-17 11:05:01,010 [INFO] PluginManager:220 - loadIPPluginJar : add openamp
2024-05-17 11:05:01,014 [INFO] IPUIPlugin:80 - create IPUIPlugin
2024-05-17 11:05:01,014 [INFO] PluginManager:220 - loadIPPluginJar : add pdm2pcm
2024-05-17 11:05:01,021 [INFO] IPUIPlugin:80 - create IPUIPlugin
2024-05-17 11:05:01,024 [INFO] PluginManager:220 - loadIPPluginJar : add plateformsettings
2024-05-17 11:05:01,026 [INFO] IPUIPlugin:80 - create IPUIPlugin
2024-05-17 11:05:01,026 [INFO] PluginManager:220 - loadIPPluginJar : add quadspi
2024-05-17 11:05:01,031 [INFO] IPUIPlugin:80 - create IPUIPlugin
2024-05-17 11:05:01,031 [INFO] PluginManager:220 - loadIPPluginJar : add resmgrutility
2024-05-17 11:05:01,035 [INFO] IPUIPlugin:80 - create IPUIPlugin
2024-05-17 11:05:01,035 [INFO] PluginManager:220 - loadIPPluginJar : add sai
2024-05-17 11:05:01,038 [INFO] IPUIPlugin:80 - create IPUIPlugin
2024-05-17 11:05:01,039 [INFO] PluginManager:220 - loadIPPluginJar : add spi
2024-05-17 11:05:01,044 [INFO] IPUIPlugin:80 - create IPUIPlugin
2024-05-17 11:05:01,044 [INFO] PluginManager:220 - loadIPPluginJar : add stm32_wpan
2024-05-17 11:05:01,047 [INFO] IPUIPlugin:80 - create IPUIPlugin
2024-05-17 11:05:01,047 [INFO] PluginManager:220 - loadIPPluginJar : add tim
2024-05-17 11:05:01,051 [INFO] IPUIPlugin:80 - create IPUIPlugin
2024-05-17 11:05:01,051 [INFO] PluginManager:220 - loadIPPluginJar : add touchsensing
2024-05-17 11:05:01,054 [INFO] IPUIPlugin:80 - create IPUIPlugin
2024-05-17 11:05:01,054 [INFO] PluginManager:220 - loadIPPluginJar : add tracer_emb
2024-05-17 11:05:01,057 [INFO] IPUIPlugin:80 - create IPUIPlugin
2024-05-17 11:05:01,057 [INFO] PluginManager:220 - loadIPPluginJar : add ts
2024-05-17 11:05:01,059 [INFO] IPUIPlugin:80 - create IPUIPlugin
2024-05-17 11:05:01,059 [INFO] PluginManager:220 - loadIPPluginJar : add tsc
2024-05-17 11:05:01,062 [INFO] IPUIPlugin:80 - create IPUIPlugin
2024-05-17 11:05:01,063 [INFO] PluginManager:220 - loadIPPluginJar : add ucpd
2024-05-17 11:05:01,067 [INFO] IPUIPlugin:80 - create IPUIPlugin
2024-05-17 11:05:01,067 [INFO] PluginManager:220 - loadIPPluginJar : add usart
2024-05-17 11:05:01,070 [INFO] IPUIPlugin:80 - create IPUIPlugin
2024-05-17 11:05:01,070 [INFO] PluginManager:220 - loadIPPluginJar : add usbx
2024-05-17 11:05:01,209 [INFO] CADModel:165 - CPN selected for project level
2024-05-17 11:05:01,209 [INFO] CADModel:114 - Register for checkConnection events
2024-05-17 11:05:01,210 [FATAL] Updater:308 - Updater called before beeing initialized
2024-05-17 11:05:01,210 [ERROR] CADModel:125 - Updater not yet initialized, retry later 
2024-05-17 11:05:01,392 [INFO] CADModel:165 - CPN selected for project level
2024-05-17 11:05:01,393 [INFO] CADModel:114 - Register for checkConnection events
2024-05-17 11:05:01,393 [FATAL] Updater:308 - Updater called before beeing initialized
2024-05-17 11:05:01,393 [ERROR] CADModel:125 - Updater not yet initialized, retry later 
2024-05-17 11:05:01,396 [FATAL] Updater:308 - Updater called before beeing initialized
2024-05-17 11:05:01,514 [FATAL] Updater:308 - Updater called before beeing initialized
2024-05-17 11:05:01,520 [INFO] DbMcusAds:53 - JSON generation date=Thu May 02 10:37:29 CEST 2024 (1714639049318)
2024-05-17 11:05:01,520 [FATAL] Updater:308 - Updater called before beeing initialized
2024-05-17 11:05:01,594 [WARN] DetailPanel:346 - Failed to get advertising image, set to default
2024-05-17 11:05:01,692 [FATAL] Updater:308 - Updater called before beeing initialized
2024-05-17 11:05:01,696 [FATAL] Updater:308 - Updater called before beeing initialized
2024-05-17 11:05:01,696 [FATAL] Updater:308 - Updater called before beeing initialized
2024-05-17 11:05:01,696 [WARN] DetailPanel:346 - Failed to get advertising image, set to default
2024-05-17 11:05:01,697 [FATAL] Updater:308 - Updater called before beeing initialized
2024-05-17 11:05:01,750 [ERROR] Updater:1120 - MainUpdater not yet initialized. External WinMGr cannot be set.
2024-05-17 11:05:01,753 [INFO] Updater:1056 - Updater Version found : 6.10.0
2024-05-17 11:05:01,777 [INFO] ApplicationProperties:184 - Using Application install path: C:\ST\STM32CubeIDE_1.14.0\STM32CubeIDE\plugins\com.st.stm32cube.common.mx_6.10.0.202311202037
2024-05-17 11:05:03,074 [INFO] ThirdPartyUpdaterWithRetryManager:70 - Updater plugin not ready yet. [2/15]
2024-05-17 11:05:03,353 [ERROR] LogOutputStream:75 - [STDERR_REDIRECT] May 17, 2024 11:05:03 AM java.util.prefs.WindowsPreferences <init>
2024-05-17 11:05:03,355 [ERROR] LogOutputStream:75 - [STDERR_REDIRECT] WARNING: Could not open/create prefs root node Software\JavaSoft\Prefs at root 0xffffffff80000002. Windows RegCreateKeyEx(...) returned error code 5.
2024-05-17 11:05:03,355 [ERROR] LogOutputStream:75 - [STDERR_REDIRECT] 
2024-05-17 11:05:03,590 [INFO] MainUpdater:2873 - connection check result : 10
2024-05-17 11:05:03,590 [INFO] MainUpdater:290 - Updater Check For Update Now.
2024-05-17 11:05:03,590 [INFO] MicroXplorer:498 - Change Database Version : DB.6.0.100
2024-05-17 11:05:03,597 [INFO] McuFinderGlobals:63 - Set McuFinder mode to 2 (CubeIDE integrated)
2024-05-17 11:05:03,788 [INFO] CheckServerUpdateThread:120 - End of CheckServer Thread
2024-05-17 11:05:03,946 [INFO] UserAuth:404 - Internet connection configuration mode: 1
2024-05-17 11:05:03,958 [INFO] JxBrowserEngine:152 - Initiate JxBrowser Engine with user profile folder
2024-05-17 11:05:04,505 [INFO] WebApp:161 - Instantiating new browser for Auth
2024-05-17 11:05:05,019 [INFO] WebApp:780 - Register for checkConnection events
2024-05-17 11:05:05,019 [INFO] WebApp:414 - Apply proxy settings
2024-05-17 11:05:05,020 [INFO] WebApp:499 - Chromium requires no authentication
2024-05-17 11:05:05,027 [INFO] WebApp:442 - Direct internet connection detected
2024-05-17 11:05:05,195 [INFO] WebApp:192 - Starting web application
2024-05-17 11:05:05,196 [INFO] WebApp:544 - Web application path used C:\ST\STM32CubeIDE_1.14.0\STM32CubeIDE\plugins\com.st.stm32cube.common.mx_6.10.0.202311202037\db\plugins\mcufinder\reactClient1\index.html
2024-05-17 11:05:06,298 [WARN] PackLoader:240 - Cannot read IP mode file for STMicroelectronics.FP-SNS-MOTENVWB1.1.4.0
2024-05-17 11:05:06,308 [WARN] PackLoader:240 - Cannot read IP mode file for STMicroelectronics.X-CUBE-SMBUS.2.1.0
2024-05-17 11:05:06,314 [WARN] PackLoader:240 - Cannot read IP mode file for STMicroelectronics.X-CUBE-TOUCHGFX.4.23.0
2024-05-17 11:05:06,317 [WARN] PackLoader:240 - Cannot read IP mode file for STMicroelectronics.X-CUBE-TOUCHGFX.4.23.2
2024-05-17 11:05:06,343 [WARN] PackLoader:240 - Cannot read IP mode file for STMicroelectronics.X-CUBE-AZRTOS-F7.1.1.0
2024-05-17 11:05:06,352 [WARN] PackLoader:240 - Cannot read IP mode file for STMicroelectronics.FP-SNS-MOTENV1.4.3.2
2024-05-17 11:05:06,360 [WARN] PackLoader:240 - Cannot read IP mode file for STMicroelectronics.FP-SNS-FLIGHT1.5.0.2
2024-05-17 11:05:06,368 [WARN] PackLoader:240 - Cannot read IP mode file for STMicroelectronics.X-CUBE-DISPLAY.3.0.0
2024-05-17 11:05:06,378 [WARN] PackLoader:240 - Cannot read IP mode file for STMicroelectronics.X-CUBE-BLE1.7.0.0
2024-05-17 11:05:06,384 [WARN] PackLoader:240 - Cannot read IP mode file for emotas.I-CUBE-CANOPEN.1.3.0
2024-05-17 11:05:06,391 [WARN] PackLoader:240 - Cannot read IP mode file for STMicroelectronics.X-CUBE-BLEMGR.3.1.0
2024-05-17 11:05:06,398 [WARN] PackLoader:240 - Cannot read IP mode file for STMicroelectronics.FP-SNS-SMARTAG2.1.2.0
2024-05-17 11:05:06,407 [INFO] LogOutputStream:77 - [STDOUT_REDIRECT] 1 : Invalid condition id : UX_CORESTACK_Condition cause : null
2024-05-17 11:05:06,408 [INFO] LogOutputStream:77 - [STDOUT_REDIRECT] 1 : Invalid condition id : UX_CORESTACK_Condition cause : null
2024-05-17 11:05:06,409 [INFO] LogOutputStream:77 - [STDOUT_REDIRECT] 1 : Invalid condition id : UX_CORESTACK_Condition cause : null
2024-05-17 11:05:06,410 [INFO] LogOutputStream:77 - [STDOUT_REDIRECT] 1 : Invalid condition id : UX_CORESTACK_Condition cause : null
2024-05-17 11:05:06,411 [INFO] LogOutputStream:77 - [STDOUT_REDIRECT] 1 : Invalid condition id : UX_CORESTACK_Condition cause : null
2024-05-17 11:05:06,414 [WARN] PackLoader:240 - Cannot read IP mode file for STMicroelectronics.X-CUBE-AZRTOS-WL.2.0.0
2024-05-17 11:05:06,418 [WARN] PackLoader:240 - Cannot read IP mode file for STMicroelectronics.FP-SNS-MOTENV1.5.0.0
2024-05-17 11:05:06,427 [WARN] PackLoader:240 - Cannot read IP mode file for WES.I-CUBE-Cesium.1.3.0
2024-05-17 11:05:06,432 [WARN] PackLoader:240 - Cannot read IP mode file for STMicroelectronics.X-CUBE-BLE2.3.3.0
2024-05-17 11:05:06,437 [WARN] PackLoader:240 - Cannot read IP mode file for STMicroelectronics.X-CUBE-TCPP.4.1.0
2024-05-17 11:05:06,445 [WARN] PackLoader:240 - Cannot read IP mode file for STMicroelectronics.X-CUBE-ALGOBUILD.1.3.0
2024-05-17 11:05:06,461 [WARN] PackLoader:240 - Cannot read IP mode file for STMicroelectronics.X-CUBE-AZRTOS-G0.1.1.0
2024-05-17 11:05:06,469 [WARN] PackLoader:240 - Cannot read IP mode file for STMicroelectronics.X-CUBE-SAFEA1.1.2.2
2024-05-17 11:05:06,474 [WARN] PackLoader:240 - Cannot read IP mode file for STMicroelectronics.X-CUBE-NFC4.3.0.0
2024-05-17 11:05:06,484 [WARN] PackLoader:240 - Cannot read IP mode file for STMicroelectronics.X-CUBE-BLEMGR.3.0.0
2024-05-17 11:05:06,490 [WARN] PackLoader:240 - Cannot read IP mode file for STMicroelectronics.FP-ATR-SIGFOX1.3.2.0
2024-05-17 11:05:06,498 [WARN] PackLoader:240 - Cannot read IP mode file for STMicroelectronics.X-CUBE-EEPRMA1.5.1.0
2024-05-17 11:05:06,544 [WARN] PackLoader:240 - Cannot read IP mode file for SEGGER.I-CUBE-embOS.1.3.1
2024-05-17 11:05:06,582 [WARN] PackLoader:240 - Cannot read IP mode file for STMicroelectronics.X-CUBE-ALGOBUILD.1.4.0
2024-05-17 11:05:06,587 [WARN] PackLoader:240 - Cannot read IP mode file for STMicroelectronics.X-CUBE-GNSS1.6.0.0
2024-05-17 11:05:06,601 [WARN] PackLoader:240 - Cannot read IP mode file for STMicroelectronics.X-CUBE-AZRTOS-F4.1.1.0
2024-05-17 11:05:06,607 [WARN] PackLoader:240 - Cannot read IP mode file for STMicroelectronics.X-CUBE-FREERTOS.1.2.0
2024-05-17 11:05:06,612 [WARN] PackLoader:240 - Cannot read IP mode file for wolfSSL.I-CUBE-wolfSSL.5.6.6
2024-05-17 11:05:06,626 [WARN] PackLoader:240 - Cannot read IP mode file for STMicroelectronics.X-CUBE-AZRTOS-L5.2.0.0
2024-05-17 11:05:06,633 [WARN] PackLoader:240 - Cannot read IP mode file for STMicroelectronics.X-CUBE-EEPRMA1.4.2.0
2024-05-17 11:05:06,640 [WARN] PackLoader:240 - Cannot read IP mode file for STMicroelectronics.X-CUBE-NFC6.3.1.0
2024-05-17 11:05:06,645 [WARN] PackLoader:240 - Cannot read IP mode file for ITTIA_DB.I-CUBE-ITTIADB.8.8.0
2024-05-17 11:05:06,650 [WARN] PackLoader:240 - Cannot read IP mode file for STMicroelectronics.X-CUBE-AI.9.0.0
2024-05-17 11:05:06,655 [WARN] PackLoader:240 - Cannot read IP mode file for STMicroelectronics.X-CUBE-NFC7.1.0.1
2024-05-17 11:05:06,660 [WARN] PackLoader:240 - Cannot read IP mode file for STMicroelectronics.X-CUBE-NFC6.3.0.0
2024-05-17 11:05:06,665 [WARN] PackLoader:240 - Cannot read IP mode file for STMicroelectronics.X-CUBE-AI.8.1.0
2024-05-17 11:05:06,683 [WARN] ConditionMgr:438 - getConditionDescription Invalid condition id : LAN8742 Phy interface Condition cause : null
2024-05-17 11:05:06,683 [WARN] PackLoader:240 - Cannot read IP mode file for STMicroelectronics.X-CUBE-AZRTOS-L4.2.0.0
2024-05-17 11:05:06,684 [WARN] ConditionMgr:1039 - genDependencies : Invalid condition id : LAN8742 Phy interface Condition cause : null
2024-05-17 11:05:06,685 [WARN] ConditionMgr:1039 - genDependencies : Invalid condition id : LAN8742 Phy interface Condition cause : null
2024-05-17 11:05:06,685 [WARN] ConditionMgr:1039 - genDependencies : Invalid condition id : LAN8742 Phy interface Condition cause : null
2024-05-17 11:05:06,693 [WARN] PackLoader:240 - Cannot read IP mode file for STMicroelectronics.X-CUBE-SFXS2LP1.4.0.0
2024-05-17 11:05:06,705 [WARN] ConditionMgr:438 - getConditionDescription Invalid condition id : UX DEVICE CLASS RTOS Condition cause : null
2024-05-17 11:05:06,705 [WARN] ConditionMgr:438 - getConditionDescription Invalid condition id : UX DEVICE CLASS RTOS Condition cause : null
2024-05-17 11:05:06,707 [WARN] PackLoader:240 - Cannot read IP mode file for STMicroelectronics.X-CUBE-AZRTOS-WB.2.0.0
2024-05-17 11:05:06,708 [WARN] ConditionMgr:1039 - genDependencies : Invalid condition id : UX DEVICE CLASS RTOS Condition cause : null
2024-05-17 11:05:06,708 [WARN] ConditionMgr:1039 - genDependencies : Invalid condition id : UX DEVICE CLASS RTOS Condition cause : null
2024-05-17 11:05:06,709 [WARN] ConditionMgr:1039 - genDependencies : Invalid condition id : UX DEVICE CLASS RTOS Condition cause : null
2024-05-17 11:05:06,709 [WARN] ConditionMgr:1039 - genDependencies : Invalid condition id : UX DEVICE CLASS RTOS Condition cause : null
2024-05-17 11:05:06,709 [WARN] ConditionMgr:1039 - genDependencies : Invalid condition id : UX DEVICE CLASS RTOS Condition cause : null
2024-05-17 11:05:06,718 [WARN] PackLoader:240 - Cannot read IP mode file for STMicroelectronics.X-CUBE-SUBG2.5.0.0
2024-05-17 11:05:06,725 [WARN] PackLoader:240 - Cannot read IP mode file for Cesanta.I-CUBE-Mongoose.7.13.0
2024-05-17 11:05:06,735 [WARN] PackLoader:240 - Cannot read IP mode file for STMicroelectronics.X-CUBE-AZRTOS-G4.2.0.0
2024-05-17 11:05:06,745 [WARN] PackLoader:240 - Cannot read IP mode file for Infineon.AIROC-Wi-Fi-Bluetooth-STM32.1.5.1
2024-05-17 11:05:06,752 [WARN] PackLoader:240 - Cannot read IP mode file for STMicroelectronics.FP-SNS-MOTENVWB1.1.3.1
2024-05-17 11:05:06,756 [WARN] PackLoader:240 - Cannot read IP mode file for STMicroelectronics.X-CUBE-ISPU.2.0.0
2024-05-17 11:05:06,784 [WARN] PackLoader:240 - Cannot read IP mode file for STMicroelectronics.X-CUBE-MEMS1.10.0.0
2024-05-17 11:05:06,877 [WARN] PackLoader:240 - Cannot read IP mode file for STMicroelectronics.X-CUBE-FREERTOS.1.1.0
2024-05-17 11:05:06,883 [WARN] PackLoader:240 - Cannot read IP mode file for portGmbH.I-Cube-SoM-uGOAL.1.1.0
2024-05-17 11:05:06,887 [WARN] PackLoader:240 - Cannot read IP mode file for STMicroelectronics.X-CUBE-ALS.1.0.1
2024-05-17 11:05:06,900 [WARN] PackLoader:240 - Cannot read IP mode file for STMicroelectronics.X-CUBE-AZRTOS-H7RS.1.0.0
2024-05-17 11:05:06,905 [WARN] PackLoader:240 - Cannot read IP mode file for STMicroelectronics.FP-ATR-ASTRA1.2.0.0
2024-05-17 11:05:06,916 [WARN] PackLoader:240 - Cannot read IP mode file for STMicroelectronics.X-CUBE-TOF1.3.4.0
2024-05-17 11:05:06,940 [WARN] PackLoader:240 - Cannot read IP mode file for STMicroelectronics.X-CUBE-TOF1.3.4.1
2024-05-17 11:05:06,962 [WARN] PackLoader:240 - Cannot read IP mode file for STMicroelectronics.X-CUBE-AZRTOS-H7.3.2.0
2024-05-17 11:05:06,965 [INFO] ThirdParty:978 - Integrity check success = true
2024-05-17 11:05:06,966 [INFO] IntegrityCheckThread:100 - exiting critical section [integrity check]
2024-05-17 11:05:06,966 [INFO] IntegrityCheckThread:103 - End integrity checks thread
2024-05-17 11:05:25,749 [ERROR] LogOutputStream:75 - [STDERR_REDIRECT] SLF4J: Failed to load class "org.slf4j.impl.StaticLoggerBinder".
2024-05-17 11:05:25,750 [ERROR] LogOutputStream:75 - [STDERR_REDIRECT] SLF4J: Defaulting to no-operation (NOP) logger implementation
2024-05-17 11:05:25,751 [ERROR] LogOutputStream:75 - [STDERR_REDIRECT] SLF4J: See http://www.slf4j.org/codes.html#StaticLoggerBinder for further details.
2024-05-17 11:05:54,793 [INFO] McuFinderGlobals:63 - Set McuFinder mode to 2 (CubeIDE integrated)
2024-05-17 11:05:54,798 [INFO] MainUpdater:2873 - connection check result : 10
2024-05-17 11:05:54,799 [INFO] MainUpdater:2873 - connection check result : 10
2024-05-17 11:05:54,843 [INFO] MicroXplorer:468 - Change Database Path : 
2024-05-17 11:05:54,844 [INFO] MicroXplorer:498 - Change Database Version : DB.6.0.100
2024-05-17 11:05:54,849 [WARN] ThirdParty:871 - waiting for thirdparty lock release [close project]
2024-05-17 11:05:54,849 [INFO] ThirdParty:873 - entering critical section [close project]
2024-05-17 11:05:54,850 [INFO] ThirdParty:883 - exiting critical section [close project]
2024-05-17 11:05:54,852 [INFO] PinOutPanel:1499 - setPackage(No Configuration,No Configuration)
2024-05-17 11:05:54,855 [INFO] UtilMem:75 - Begin LoadConfig() Used Memory: 732258608 Bytes (1073741824)
2024-05-17 11:05:54,857 [INFO] MicroXplorer:468 - Change Database Path : 
2024-05-17 11:05:54,857 [INFO] MicroXplorer:498 - Change Database Version : DB.6.0.100
2024-05-17 11:05:54,857 [INFO] OpenFileManager:312 - Change cursor
2024-05-17 11:05:54,886 [INFO] Mcu:2016 - Initializing MCU STM32L476R(C-E-G)Tx STM32L476RGTx STM32L476RGT6
2024-05-17 11:05:56,755 [INFO] Context:659 - Trying to add GPIOservice into a context  which must be forbidden
2024-05-17 11:05:57,586 [INFO] RtosManager:555 - Registered RTOS mode: class=CMSIS, group=RTOS, mode=CMSIS_V1, owner=FREERTOS
2024-05-17 11:05:57,586 [INFO] RtosManager:555 - Registered RTOS mode: class=CMSIS, group=RTOS2, mode=CMSIS_V2, owner=FREERTOS
2024-05-17 11:05:57,587 [INFO] RtosManager:555 - Registered RTOS mode: class=RTOS, group=Core, mode=CMSIS_V1, owner=FREERTOS
2024-05-17 11:05:57,587 [INFO] RtosManager:555 - Registered RTOS mode: class=RTOS, group=Core, mode=CMSIS_V2, owner=FREERTOS
2024-05-17 11:05:57,587 [WARN] ModelIntegratedComponent:184 - Missing modes for component STMicroelectronics:FreeRTOS:0.0.1:STMicroelectronics:RTOS:FreeRTOS:Core:::10.2.0:
2024-05-17 11:05:57,600 [WARN] ModelIntegratedComponent:63 - No mode defined for component null
2024-05-17 11:05:57,600 [WARN] ModelIntegratedComponent:63 - No mode defined for component null
2024-05-17 11:05:57,600 [WARN] ModelIntegratedComponent:63 - No mode defined for component null
2024-05-17 11:05:57,600 [WARN] ModelIntegratedComponent:63 - No mode defined for component null
2024-05-17 11:05:57,600 [WARN] ModelIntegratedComponent:63 - No mode defined for component null
2024-05-17 11:05:57,600 [WARN] ModelIntegratedComponent:63 - No mode defined for component null
2024-05-17 11:05:57,600 [WARN] ModelIntegratedComponent:63 - No mode defined for component null
2024-05-17 11:05:57,600 [WARN] ModelIntegratedComponent:63 - No mode defined for component null
2024-05-17 11:05:57,600 [WARN] ModelIntegratedComponent:63 - No mode defined for component null
2024-05-17 11:05:57,600 [WARN] ModelIntegratedComponent:63 - No mode defined for component null
2024-05-17 11:05:57,600 [WARN] ModelIntegratedComponent:63 - No mode defined for component null
2024-05-17 11:05:57,600 [WARN] ModelIntegratedComponent:63 - No mode defined for component null
2024-05-17 11:05:57,600 [WARN] ModelIntegratedComponent:63 - No mode defined for component null
2024-05-17 11:05:57,600 [WARN] ModelIntegratedComponent:63 - No mode defined for component null
2024-05-17 11:05:57,600 [WARN] ModelIntegratedComponent:63 - No mode defined for component null
2024-05-17 11:05:57,601 [WARN] ModelIntegratedComponent:63 - No mode defined for component null
2024-05-17 11:05:57,601 [WARN] ModelIntegratedComponent:63 - No mode defined for component null
2024-05-17 11:05:57,601 [WARN] ModelIntegratedComponent:63 - No mode defined for component null
2024-05-17 11:05:57,601 [WARN] ModelIntegratedComponent:63 - No mode defined for component null
2024-05-17 11:05:57,601 [WARN] ModelIntegratedComponent:63 - No mode defined for component null
2024-05-17 11:05:57,601 [WARN] ModelIntegratedComponent:63 - No mode defined for component null
2024-05-17 11:05:57,601 [WARN] ModelIntegratedComponent:63 - No mode defined for component null
2024-05-17 11:05:57,601 [WARN] ModelIntegratedComponent:63 - No mode defined for component null
2024-05-17 11:05:57,601 [WARN] ModelIntegratedComponent:63 - No mode defined for component null
2024-05-17 11:05:57,601 [WARN] ModelIntegratedComponent:63 - No mode defined for component null
2024-05-17 11:05:57,601 [WARN] ModelIntegratedComponent:63 - No mode defined for component null
2024-05-17 11:05:57,601 [WARN] ModelIntegratedComponent:63 - No mode defined for component null
2024-05-17 11:05:57,601 [WARN] ModelIntegratedComponent:63 - No mode defined for component null
2024-05-17 11:05:57,601 [WARN] ModelIntegratedComponent:63 - No mode defined for component null
2024-05-17 11:05:57,601 [WARN] ModelIntegratedComponent:63 - No mode defined for component null
2024-05-17 11:05:57,601 [WARN] ModelIntegratedComponent:63 - No mode defined for component null
2024-05-17 11:05:57,601 [WARN] ModelIntegratedComponent:63 - No mode defined for component null
2024-05-17 11:05:57,601 [WARN] ModelIntegratedComponent:63 - No mode defined for component null
2024-05-17 11:05:57,691 [INFO] ThirdPartyModel:298 - Start build external matchings
2024-05-17 11:05:57,919 [INFO] ThirdPartyModel:316 - End build external matchings
2024-05-17 11:05:57,932 [INFO] ImportTextPane:194 - (OptionalMessage_ERROR) IP (ADC1) : Parameter (CommonPathInternal) has invalid value (null|null|null|null)
2024-05-17 11:05:58,276 [INFO] UtilMem:75 - End LoadConfig() Used Memory: 762214192 Bytes (1073741824)
2024-05-17 11:05:58,384 [INFO] ApiDb:581 - Connected to CubeFinder SQLite database (C:\Users\domin\.stmcufinder\plugins\mcufinder\mcu\cube-finder-db.db)
2024-05-17 11:05:58,474 [INFO] ApiDb:668 - CubeFinder database Data Model version=2.1
2024-05-17 11:05:58,474 [INFO] ApiDb:669 - CubeFinder database Configuration version=3.0.39
2024-05-17 11:05:58,475 [INFO] ApiDb:670 - CubeFinder database generation date=2024-04-15 (1713193726)
2024-05-17 11:05:58,475 [INFO] ApiDb:671 - CubeFinder database FW Pack versions=[FP-ATR-ASTRA1_V2.0.0, FP-SNS-FLIGHT1_V5.0.1, FP-SNS-FLIGHT1_V5.0.2, FP-SNS-MOTENV1_V4.3.1, FP-SNS-MOTENV1_V4.3.2, FP-SNS-MOTENVWB1_V1.3.1, FP-SNS-SMARTAG2_V1.2.0, STM32Cube_FW_C0_V1.1.0, STM32Cube_FW_F4_V1.28.0, STM32Cube_FW_F7_V1.17.0, STM32Cube_FW_G0_V1.6.2, STM32Cube_FW_G4_V1.5.2, STM32Cube_FW_H5_V0.5.1, STM32Cube_FW_H5_V1.1.1, STM32Cube_FW_H5_V1.2.0, STM32Cube_FW_H5_V1.2.0RC4, STM32Cube_FW_H7RS_V1.0.0, STM32Cube_FW_H7RS_V1.0.0RC4, STM32Cube_FW_H7_V1.11.0, STM32Cube_FW_L0_V1.12.2, STM32Cube_FW_L5_V1.5.1, STM32Cube_FW_U0_V1.0.0, STM32Cube_FW_U0_V1.0.0RC1, STM32Cube_FW_U5_V1.3.0RC4, STM32Cube_FW_U5_V1.5.0, STM32Cube_FW_U5_V1.5.0RC1, STM32Cube_FW_WBA_V1.0.0RC1, STM32Cube_FW_WBA_V1.2.0, STM32Cube_FW_WBA_V1.2.0RC2, STM32Cube_FW_WBA_V1.3.0, STM32Cube_FW_WBA_V1.3.0RC1, STM32Cube_FW_WB_V1.15.0RC1, STM32Cube_FW_WB_V1.16.0, STM32Cube_FW_WB_V1.16.0RC2, STM32Cube_FW_WB_V1.18.0, STM32Cube_FW_WB_V1.19.0, STM32Cube_FW_WL_V1.3.0, X-CUBE-ALGOBUILD_V1.3.0, X-CUBE-ALS_V1.0.1, X-CUBE-AZRTOS-F4_V1.1.0, X-CUBE-AZRTOS-F7_V1.1.0, X-CUBE-AZRTOS-G0_V1.1.0, X-CUBE-AZRTOS-G4_V2.0.0, X-CUBE-AZRTOS-H7_V3.2.0, X-CUBE-AZRTOS-L4_V1.0.0, X-CUBE-AZRTOS-L4_V2.0.0, X-CUBE-AZRTOS-L5_V1.1.0, X-CUBE-AZRTOS-WB_V2.0.0, X-CUBE-AZRTOS-WL_V2.0.0, X-CUBE-BLE1_V7.0.0, X-CUBE-BLE2_V3.3.0, X-CUBE-BLEMGR_V3.1.0, X-CUBE-EEPRMA1_V4.1.0, X-CUBE-EEPRMA1_V5.1.0, X-CUBE-FREERTOS_V1.1.0, X-CUBE-GNSS1_V6.0.0, X-CUBE-MEMS1_V10.0.0, X-CUBE-MEMS1_V9.1.0, X-CUBE-MEMS1_V9.4.0, X-CUBE-MEMS1_V9.6.0, X-CUBE-NFC4_V3.0.0, X-CUBE-NFC7_V1.0.1, X-CUBE-SFXS2LP1_V4.0.0, X-CUBE-SUBG2_V5.0.0, X-CUBE-TOF1_V3.4.0]
2024-05-17 11:06:00,321 [INFO] ApiDb:240 - Found 371 in-development CPN: [B-G473E-ZEST1S, B-WB1M-WPAN1, B-WL5M-SUBG1, NUCLEO-C031C6, NUCLEO-H503RB, NUCLEO-H563ZI, NUCLEO-U545RE-Q, NUCLEO-U5A5ZJ-Q, NUCLEO-WBA52CG, NUCLEO-WBA55CG, STEVAL-MKBOXPRO, STEVAL-PROTEUS1, STEVAL-STWINBX1, STM320518-EVAL, STM32C0116-DK, STM32C011D6Y3TR, STM32C011D6Y6TR, STM32C011F4P3, STM32C011F4P6, STM32C011F4U3, STM32C011F4U6TR, STM32C011F6P3, STM32C011F6P6, STM32C011F6U3, STM32C011F6U6TR, STM32C011J4M3, STM32C011J4M6, STM32C011J6M3, STM32C011J6M6, STM32C0316-DK, STM32C031C4T3, STM32C031C4T6, STM32C031C4U3, STM32C031C4U6, STM32C031C6T3, STM32C031C6T6, STM32C031C6U3, STM32C031C6U6, STM32C031F4P3, STM32C031F4P6, STM32C031F6P3, STM32C031F6P6, STM32C031G4U3, STM32C031G4U6, STM32C031G6U3, STM32C031G6U6, STM32C031K4T3, STM32C031K4T6, STM32C031K4U3, STM32C031K4U6, STM32C031K6T3, STM32C031K6T6, STM32C031K6U3, STM32C031K6U6, STM32G071K8TXN, STM32G071K8UXN, STM32G081GBU6N, STM32G081KBT6N, STM32G081KBUXN, STM32G0B1CCT6N, STM32G0B1KCT6, STM32G0B1NEY6TR, STM32G0B1RCT6N, STM32G0C1CCT6, STM32G0C1CCT6N, STM32G0C1CCU6N, STM32G0C1CET6N, STM32G0C1CEU6N, STM32G0C1KCT6, STM32G0C1NEY6TR, STM32G0C1RCI6N, STM32G0C1RCT6N, STM32G0C1REI6N, STM32G0C1RET6N, STM32G0C1VCI6, STM32G0C1VEI6, STM32G471CCT6, STM32G471CCU6, STM32G471CET3, STM32G471CET6, STM32G471CEU3, STM32G471CEU6, STM32G471MCT6, STM32G471MET3, STM32G471MET6, STM32G471MEY6TR, STM32G471QCT6, STM32G471QET3, STM32G471RCT6, STM32G471RET3, STM32G471RET6, STM32G471VCH6, STM32G471VCI6, STM32G471VCT6, STM32G471VEH3, STM32G471VEH6, STM32G471VEI3, STM32G471VEI6, STM32G471VET3, STM32G471VET6, STM32G474CCT6, STM32H503CBT6, STM32H503CBU6, STM32H503EBY6TR, STM32H503KBU6, STM32H503RBT6, STM32H562AGI6, STM32H562AII6, STM32H562IGK6, STM32H562IGT6, STM32H562IIK6, STM32H562IIT6, STM32H562RGT6, STM32H562RGV6, STM32H562RIT6, STM32H562RIV6, STM32H562VGT6, STM32H562VIT6, STM32H562ZGT6, STM32H562ZIT6, STM32H563AGI6, STM32H563AII3Q, STM32H563AII6, STM32H563IGK6, STM32H563IGT6, STM32H563IIK3Q, STM32H563IIK6, STM32H563IIT3Q, STM32H563IIT6, STM32H563MIY3QTR, STM32H563RGT6, STM32H563RGV6, STM32H563RIT6, STM32H563RIV6, STM32H563VGT6, STM32H563VIT3Q, STM32H563VIT6, STM32H563ZGT6, STM32H563ZIT3Q, STM32H563ZIT6, STM32H573AII3Q, STM32H573AII6, STM32H573I-DK, STM32H573IIK3Q, STM32H573IIK6, STM32H573IIT3Q, STM32H573IIT6, STM32H573MIY3QTR, STM32H573RIT6, STM32H573RIV6, STM32H573VIT3Q, STM32H573VIT6, STM32H573ZIT3Q, STM32H573ZIT6, STM32L4R5QGI6STR, STM32MP131AAE3, STM32MP131AAF3, STM32MP131AAG3, STM32MP131CAE3, STM32MP131CAF3, STM32MP131CAG3, STM32MP131DAE7, STM32MP131DAF7, STM32MP131DAG7, STM32MP131FAE7, STM32MP131FAF7, STM32MP131FAG7, STM32MP133AAE3, STM32MP133AAF3, STM32MP133AAG3, STM32MP133CAE3, STM32MP133CAF3, STM32MP133CAG3, STM32MP133DAE7, STM32MP133DAF7, STM32MP133DAG7, STM32MP133FAE7, STM32MP133FAF7, STM32MP133FAG7, STM32MP135AAE3, STM32MP135AAF3, STM32MP135AAG3, STM32MP135CAE3, STM32MP135CAF3, STM32MP135CAG3, STM32MP135DAE7, STM32MP135DAF7, STM32MP135DAG7, STM32MP135F-DK, STM32MP135FAE7, STM32MP135FAF7, STM32MP135FAF7T, STM32MP135FAF7U, STM32MP135FAG7, STM32U535CBT6, STM32U535CBT6Q, STM32U535CBU6, STM32U535CBU6Q, STM32U535CCT6, STM32U535CCT6Q, STM32U535CCU6, STM32U535CCU6Q, STM32U535CET6, STM32U535CET6Q, STM32U535CEU6, STM32U535CEU6Q, STM32U535JEY6QTR, STM32U535NCY6QTR, STM32U535NEY6QTR, STM32U535RBI6, STM32U535RBI6Q, STM32U535RBT6, STM32U535RBT6Q, STM32U535RCI6, STM32U535RCI6Q, STM32U535RCT6, STM32U535RCT6Q, STM32U535REI6, STM32U535REI6Q, STM32U535RET6, STM32U535RET6Q, STM32U535VCI6, STM32U535VCI6Q, STM32U535VCT6, STM32U535VCT6Q, STM32U535VEI6, STM32U535VEI6Q, STM32U535VET6, STM32U535VET6Q, STM32U545CET6, STM32U545CET6Q, STM32U545CEU6, STM32U545CEU6Q, STM32U545JEY6QTR, STM32U545NEY6QTR, STM32U545REI6, STM32U545REI6Q, STM32U545RET6, STM32U545RET6Q, STM32U545VEI6, STM32U545VEI6Q, STM32U545VET6, STM32U545VET6Q, STM32U595AIH6, STM32U595AIH6Q, STM32U595AJH6, STM32U595AJH6Q, STM32U595QII6, STM32U595QII6Q, STM32U595QJI6, STM32U595QJI6Q, STM32U595RIT6, STM32U595RIT6Q, STM32U595RJT6, STM32U595RJT6Q, STM32U595VIT6, STM32U595VIT6Q, STM32U595VJT6, STM32U595VJT6Q, STM32U595ZIT6, STM32U595ZIT6Q, STM32U595ZIY6QTR, STM32U595ZJT6, STM32U595ZJT6Q, STM32U595ZJY6QTR, STM32U599BJY6QTR, STM32U599NIH6Q, STM32U599NJH6Q, STM32U599VIT6Q, STM32U599VJT6, STM32U599VJT6Q, STM32U599ZIT6Q, STM32U599ZIY6QTR, STM32U599ZJT6Q, STM32U599ZJY6QTR, STM32U5A5AJH6, STM32U5A5AJH6Q, STM32U5A5QJI6, STM32U5A5QJI6Q, STM32U5A5RJT6, STM32U5A5RJT6Q, STM32U5A5VJT6, STM32U5A5VJT6Q, STM32U5A5ZJT6, STM32U5A5ZJT6Q, STM32U5A5ZJY6QTR, STM32U5A9BJY6QTR, STM32U5A9J-DK, STM32U5A9NJH6Q, STM32U5A9VJT6Q, STM32U5A9ZJT6Q, STM32U5A9ZJY6QTR, STM32U5F7VIT6, STM32U5F7VIT6Q, STM32U5F7VJT6, STM32U5F7VJT6Q, STM32U5F9BJY6QTR, STM32U5F9NJH6Q, STM32U5F9VIT6Q, STM32U5F9VJT6Q, STM32U5F9ZIJ6QTR, STM32U5F9ZIT6Q, STM32U5F9ZJJ6QTR, STM32U5F9ZJT6Q, STM32U5G7VJT6, STM32U5G7VJT6Q, STM32U5G9BJY6QTR, STM32U5G9J-DK1, STM32U5G9J-DK2, STM32U5G9NJH6Q, STM32U5G9VJT6Q, STM32U5G9ZJJ6QTR, STM32U5G9ZJT6Q, STM32WB1MMCH6, STM32WBA50KEU6, STM32WBA50KEU6TR, STM32WBA50KGU6, STM32WBA50KGU6TR, STM32WBA52CEU6, STM32WBA52CEU6TR, STM32WBA52CEU7, STM32WBA52CEU7TR, STM32WBA52CGU6, STM32WBA52CGU6TR, STM32WBA52CGU6U, STM32WBA52CGU7, STM32WBA52CGU7TR, STM32WBA52KEU6, STM32WBA52KEU6TR, STM32WBA52KGU6, STM32WBA52KGU6TR, STM32WBA54CEU6, STM32WBA54CEU6TR, STM32WBA54CEU7, STM32WBA54CEU7TR, STM32WBA54CGU6, STM32WBA54CGU6TR, STM32WBA54CGU7, STM32WBA54CGU7TR, STM32WBA54KEU6, STM32WBA54KEU6TR, STM32WBA54KEU7, STM32WBA54KEU7TR, STM32WBA54KGU6, STM32WBA54KGU6TR, STM32WBA54KGU7, STM32WBA54KGU7TR, STM32WBA55CEU6, STM32WBA55CEU6TR, STM32WBA55CEU7, STM32WBA55CEU7TR, STM32WBA55CGU6, STM32WBA55CGU6TR, STM32WBA55CGU6U, STM32WBA55CGU7, STM32WBA55CGU7TR, STM32WBA55G-DK1, STM32WBA55HEF6, STM32WBA55HEF7, STM32WBA55HGF6, STM32WBA55HGF7, STM32WBA55UEI6, STM32WBA55UEI6TR, STM32WBA55UEI7, STM32WBA55UEI7TR, STM32WBA55UGI6, STM32WBA55UGI6TR, STM32WBA55UGI7, STM32WBA55UGI7TR, STM32WL5MOCH6, STM32WL5MOCH6TR]
2024-05-17 11:06:00,324 [INFO] DbMcus:218 - Found 4092 MCUs, 4092 are supported
2024-05-17 11:06:00,324 [INFO] ApiDb:423 - Load user favorites file C:\Users\domin/.stm32cubeide/favorites.mcus.txt: 0 item(s)
2024-05-17 11:06:00,324 [INFO] ApiDb:427 - User favorites MCUs=[]
2024-05-17 11:06:00,324 [INFO] DbMcus:224 - Set 0 / 0 favorites MCUs
2024-05-17 11:06:00,715 [INFO] MicroXplorer:468 - Change Database Path : 
2024-05-17 11:06:00,715 [INFO] MicroXplorer:498 - Change Database Version : DB.6.0.100
2024-05-17 11:06:00,715 [WARN] ThirdParty:833 - waiting for thirdparty lock release [change project]
2024-05-17 11:06:00,715 [INFO] ThirdParty:835 - entering critical section [change project]
2024-05-17 11:06:00,715 [INFO] ThirdParty:1030 - CMSIS Pack Vendor :STMicroelectronics USBPD 4.1
2024-05-17 11:06:00,715 [INFO] ThirdParty:1030 - CMSIS Pack Vendor :STMicroelectronics X-CUBE-GNSS1 6.0.0
2024-05-17 11:06:00,715 [INFO] ThirdParty:1030 - CMSIS Pack Vendor :STMicroelectronics USB_HOST 2.0.0
2024-05-17 11:06:00,715 [INFO] ThirdParty:1030 - CMSIS Pack Vendor :STMicroelectronics FP-SNS-MOTENVWB1 1.4.0
2024-05-17 11:06:00,716 [INFO] ThirdParty:1030 - CMSIS Pack Vendor :STMicroelectronics X-CUBE-AZRTOS-F4 1.1.0
2024-05-17 11:06:00,716 [INFO] ThirdParty:1030 - CMSIS Pack Vendor :STMicroelectronics LIBJPEG 8.0.0
2024-05-17 11:06:00,716 [INFO] ThirdParty:1030 - CMSIS Pack Vendor :STMicroelectronics X-CUBE-SMBUS 2.1.0
2024-05-17 11:06:00,716 [INFO] ThirdParty:1030 - CMSIS Pack Vendor :STMicroelectronics USB_DEVICE 3.0.0
2024-05-17 11:06:00,716 [INFO] ThirdParty:1030 - CMSIS Pack Vendor :STMicroelectronics X-CUBE-TCPP 4.1.0
2024-05-17 11:06:00,716 [INFO] ThirdParty:1030 - CMSIS Pack Vendor :STMicroelectronics X-CUBE-FREERTOS 1.2.0
2024-05-17 11:06:00,716 [INFO] ThirdParty:1030 - CMSIS Pack Vendor :STMicroelectronics X-CUBE-AZRTOS-WB 2.0.0
2024-05-17 11:06:00,716 [INFO] ThirdParty:1030 - CMSIS Pack Vendor :wolfSSL I-CUBE-wolfSSL 5.6.6
2024-05-17 11:06:00,716 [INFO] ThirdParty:1030 - CMSIS Pack Vendor :STMicroelectronics X-CUBE-TOUCHGFX 4.23.0
2024-05-17 11:06:00,716 [INFO] ThirdParty:1030 - CMSIS Pack Vendor :STMicroelectronics X-CUBE-TOUCHGFX 4.23.2
2024-05-17 11:06:00,716 [INFO] ThirdParty:1030 - CMSIS Pack Vendor :STMicroelectronics X-CUBE-AZRTOS-F7 1.1.0
2024-05-17 11:06:00,716 [INFO] ThirdParty:1030 - CMSIS Pack Vendor :STMicroelectronics X-CUBE-AZRTOS-L5 2.0.0
2024-05-17 11:06:00,716 [INFO] ThirdParty:1030 - CMSIS Pack Vendor :STMicroelectronics USB_DEVICE 2.0.0
2024-05-17 11:06:00,716 [INFO] ThirdParty:1030 - CMSIS Pack Vendor :STMicroelectronics X-CUBE-EEPRMA1 4.2.0
2024-05-17 11:06:00,716 [INFO] ThirdParty:1030 - CMSIS Pack Vendor :STMicroelectronics X-CUBE-NFC6 3.1.0
2024-05-17 11:06:00,716 [INFO] ThirdParty:1030 - CMSIS Pack Vendor :ITTIA_DB I-CUBE-ITTIADB 8.8.0
2024-05-17 11:06:00,716 [INFO] ThirdParty:1030 - CMSIS Pack Vendor :STMicroelectronics FP-SNS-MOTENV1 4.3.2
2024-05-17 11:06:00,716 [INFO] ThirdParty:1030 - CMSIS Pack Vendor :STMicroelectronics X-CUBE-ALGOBUILD 1.3.0
2024-05-17 11:06:00,716 [INFO] ThirdParty:1030 - CMSIS Pack Vendor :STMicroelectronics FreeRTOS 0.0.1
2024-05-17 11:06:00,716 [INFO] ThirdParty:1030 - CMSIS Pack Vendor :STMicroelectronics X-CUBE-AZRTOS-G0 1.1.0
2024-05-17 11:06:00,716 [INFO] ThirdParty:1030 - CMSIS Pack Vendor :STMicroelectronics X-CUBE-SAFEA1 1.2.2
2024-05-17 11:06:00,716 [INFO] ThirdParty:1030 - CMSIS Pack Vendor :STMicroelectronics X-CUBE-NFC4 3.0.0
2024-05-17 11:06:00,716 [INFO] ThirdParty:1030 - CMSIS Pack Vendor :STMicroelectronics X-CUBE-SUBG2 5.0.0
2024-05-17 11:06:00,716 [INFO] ThirdParty:1030 - CMSIS Pack Vendor :STMicroelectronics STM32_WPAN 1.0.0
2024-05-17 11:06:00,716 [INFO] ThirdParty:1030 - CMSIS Pack Vendor :STMicroelectronics lwIP 2.0.3
2024-05-17 11:06:00,716 [INFO] ThirdParty:1030 - CMSIS Pack Vendor :STMicroelectronics FP-SNS-FLIGHT1 5.0.2
2024-05-17 11:06:00,716 [INFO] ThirdParty:1030 - CMSIS Pack Vendor :Cesanta I-CUBE-Mongoose 7.13.0
2024-05-17 11:06:00,716 [INFO] ThirdParty:1030 - CMSIS Pack Vendor :STMicroelectronics USB_HOST 1.0.0
2024-05-17 11:06:00,716 [INFO] ThirdParty:1030 - CMSIS Pack Vendor :STMicroelectronics X-CUBE-AI 9.0.0
2024-05-17 11:06:00,716 [INFO] ThirdParty:1030 - CMSIS Pack Vendor :STMicroelectronics X-CUBE-AZRTOS-G4 2.0.0
2024-05-17 11:06:00,716 [INFO] ThirdParty:1030 - CMSIS Pack Vendor :STMicroelectronics PDM2PCM 3.1.0
2024-05-17 11:06:00,716 [INFO] ThirdParty:1030 - CMSIS Pack Vendor :Infineon AIROC-Wi-Fi-Bluetooth-STM32 1.5.1
2024-05-17 11:06:00,716 [INFO] ThirdParty:1030 - CMSIS Pack Vendor :STMicroelectronics X-CUBE-BLEMGR 3.0.0
2024-05-17 11:06:00,716 [INFO] ThirdParty:1030 - CMSIS Pack Vendor :STMicroelectronics PDM2PCM 3.3.0
2024-05-17 11:06:00,716 [INFO] ThirdParty:1030 - CMSIS Pack Vendor :STMicroelectronics X-CUBE-DISPLAY 3.0.0
2024-05-17 11:06:00,716 [INFO] ThirdParty:1030 - CMSIS Pack Vendor :STMicroelectronics FP-SNS-MOTENVWB1 1.3.1
2024-05-17 11:06:00,716 [INFO] ThirdParty:1030 - CMSIS Pack Vendor :STMicroelectronics X-CUBE-BLE1 7.0.0
2024-05-17 11:06:00,716 [INFO] ThirdParty:1030 - CMSIS Pack Vendor :STMicroelectronics FP-ATR-SIGFOX1 3.2.0
2024-05-17 11:06:00,717 [INFO] ThirdParty:1030 - CMSIS Pack Vendor :STMicroelectronics X-CUBE-ISPU 2.0.0
2024-05-17 11:06:00,717 [INFO] ThirdParty:1030 - CMSIS Pack Vendor :STMicroelectronics X-CUBE-EEPRMA1 5.1.0
2024-05-17 11:06:00,717 [INFO] ThirdParty:1030 - CMSIS Pack Vendor :STMicroelectronics HAL Drivers 0.0.0
2024-05-17 11:06:00,717 [INFO] ThirdParty:1030 - CMSIS Pack Vendor :STMicroelectronics MBEDTLS 2.16.2
2024-05-17 11:06:00,717 [INFO] ThirdParty:1030 - CMSIS Pack Vendor :emotas I-CUBE-CANOPEN 1.3.0
2024-05-17 11:06:00,717 [INFO] ThirdParty:1030 - CMSIS Pack Vendor :STMicroelectronics X-CUBE-MEMS1 10.0.0
2024-05-17 11:06:00,717 [INFO] ThirdParty:1030 - CMSIS Pack Vendor :STMicroelectronics X-CUBE-FREERTOS 1.1.0
2024-05-17 11:06:00,717 [INFO] ThirdParty:1030 - CMSIS Pack Vendor :STMicroelectronics X-CUBE-NFC7 1.0.1
2024-05-17 11:06:00,717 [INFO] ThirdParty:1030 - CMSIS Pack Vendor :STMicroelectronics MBEDTLS 2.14.1
2024-05-17 11:06:00,717 [INFO] ThirdParty:1030 - CMSIS Pack Vendor :STMicroelectronics X-CUBE-NFC6 3.0.0
2024-05-17 11:06:00,717 [INFO] ThirdParty:1030 - CMSIS Pack Vendor :portGmbH I-Cube-SoM-uGOAL 1.1.0
2024-05-17 11:06:00,717 [INFO] ThirdParty:1030 - CMSIS Pack Vendor :STMicroelectronics X-CUBE-ALS 1.0.1
2024-05-17 11:06:00,717 [INFO] ThirdParty:1030 - CMSIS Pack Vendor :STMicroelectronics X-CUBE-BLEMGR 3.1.0
2024-05-17 11:06:00,717 [INFO] ThirdParty:1030 - CMSIS Pack Vendor :STMicroelectronics ThreadX 1.0.0
2024-05-17 11:06:00,717 [INFO] ThirdParty:1030 - CMSIS Pack Vendor :STMicroelectronics FP-SNS-SMARTAG2 1.2.0
2024-05-17 11:06:00,717 [INFO] ThirdParty:1030 - CMSIS Pack Vendor :STMicroelectronics X-CUBE-AZRTOS-WL 2.0.0
2024-05-17 11:06:00,717 [INFO] ThirdParty:1030 - CMSIS Pack Vendor :SEGGER I-CUBE-embOS 1.3.1
2024-05-17 11:06:00,717 [INFO] ThirdParty:1030 - CMSIS Pack Vendor :STMicroelectronics X-CUBE-ALGOBUILD 1.4.0
2024-05-17 11:06:00,717 [INFO] ThirdParty:1030 - CMSIS Pack Vendor :STMicroelectronics FP-SNS-MOTENV1 5.0.0
2024-05-17 11:06:00,717 [INFO] ThirdParty:1030 - CMSIS Pack Vendor :STMicroelectronics USB_DEVICE 1.0.0
2024-05-17 11:06:00,717 [INFO] ThirdParty:1030 - CMSIS Pack Vendor :STMicroelectronics X-CUBE-AI 8.1.0
2024-05-17 11:06:00,717 [INFO] ThirdParty:1030 - CMSIS Pack Vendor :STMicroelectronics X-CUBE-AZRTOS-H7RS 1.0.0
2024-05-17 11:06:00,717 [INFO] ThirdParty:1030 - CMSIS Pack Vendor :STMicroelectronics X-CUBE-AZRTOS-L4 2.0.0
2024-05-17 11:06:00,717 [INFO] ThirdParty:1030 - CMSIS Pack Vendor :STMicroelectronics ThreadX 0.0.2
2024-05-17 11:06:00,717 [INFO] ThirdParty:1030 - CMSIS Pack Vendor :WES I-CUBE-Cesium 1.3.0
2024-05-17 11:06:00,717 [INFO] ThirdParty:1030 - CMSIS Pack Vendor :STMicroelectronics FP-ATR-ASTRA1 2.0.0
2024-05-17 11:06:00,717 [INFO] ThirdParty:1030 - CMSIS Pack Vendor :STMicroelectronics lwIP 2.1.2
2024-05-17 11:06:00,717 [INFO] ThirdParty:1030 - CMSIS Pack Vendor :STMicroelectronics X-CUBE-SFXS2LP1 4.0.0
2024-05-17 11:06:00,717 [INFO] ThirdParty:1030 - CMSIS Pack Vendor :STMicroelectronics X-CUBE-BLE2 3.3.0
2024-05-17 11:06:00,717 [INFO] ThirdParty:1030 - CMSIS Pack Vendor :STMicroelectronics X-CUBE-TOF1 3.4.0
2024-05-17 11:06:00,717 [INFO] ThirdParty:1030 - CMSIS Pack Vendor :STMicroelectronics X-CUBE-TOF1 3.4.1
2024-05-17 11:06:00,717 [INFO] ThirdParty:1030 - CMSIS Pack Vendor :STMicroelectronics X-CUBE-AZRTOS-H7 3.2.0
2024-05-17 11:06:00,717 [INFO] ThirdParty:1030 - CMSIS Pack Vendor :STMicroelectronics PDM2PCM 3.2.0
2024-05-17 11:06:00,718 [INFO] ThirdParty:841 - exiting critical section [change project]
2024-05-17 11:06:01,291 [INFO] PinOutPanel:1499 - setPackage(No Configuration,No Configuration)
2024-05-17 11:06:01,292 [INFO] PinOutPanel:1499 - setPackage(STM32L476RGTx,LQFP64)
2024-05-17 11:06:01,939 [INFO] UtilMem:75 - Before build in PCC Used Memory: 625956696 Bytes (1073741824)
2024-05-17 11:06:03,140 [INFO] UtilMem:75 - After build in PCC Used Memory: 733437784 Bytes (1073741824)
2024-05-17 11:06:03,185 [INFO] IPUIPlugin:80 - create IPUIPlugin
2024-05-17 11:06:03,185 [INFO] IPUIPlugin:80 - create IPUIPlugin
2024-05-17 11:06:03,185 [INFO] IPUIPlugin:80 - create IPUIPlugin
2024-05-17 11:06:03,185 [INFO] IPUIPlugin:80 - create IPUIPlugin
2024-05-17 11:06:03,185 [INFO] IPUIPlugin:80 - create IPUIPlugin
2024-05-17 11:06:03,185 [INFO] IPUIPlugin:80 - create IPUIPlugin
2024-05-17 11:06:03,185 [INFO] IPUIPlugin:80 - create IPUIPlugin
2024-05-17 11:06:03,185 [INFO] IPUIPlugin:80 - create IPUIPlugin
2024-05-17 11:06:03,185 [INFO] IPUIPlugin:80 - create IPUIPlugin
2024-05-17 11:06:03,185 [INFO] IPUIPlugin:80 - create IPUIPlugin
2024-05-17 11:06:03,185 [INFO] IPUIPlugin:80 - create IPUIPlugin
2024-05-17 11:06:03,186 [INFO] IPUIPlugin:80 - create IPUIPlugin
2024-05-17 11:06:03,186 [INFO] IPUIPlugin:80 - create IPUIPlugin
2024-05-17 11:06:03,186 [INFO] IPUIPlugin:80 - create IPUIPlugin
2024-05-17 11:06:03,186 [INFO] IPUIPlugin:80 - create IPUIPlugin
2024-05-17 11:06:03,186 [INFO] IPUIPlugin:80 - create IPUIPlugin
2024-05-17 11:06:03,186 [INFO] IPUIPlugin:80 - create IPUIPlugin
2024-05-17 11:06:03,187 [INFO] IPUIPlugin:80 - create IPUIPlugin
2024-05-17 11:06:03,187 [INFO] IPUIPlugin:80 - create IPUIPlugin
2024-05-17 11:06:03,187 [INFO] IPUIPlugin:80 - create IPUIPlugin
2024-05-17 11:06:03,187 [INFO] IPUIPlugin:80 - create IPUIPlugin
2024-05-17 11:06:03,188 [INFO] IPUIPlugin:80 - create IPUIPlugin
2024-05-17 11:06:03,188 [INFO] IPUIPlugin:80 - create IPUIPlugin
2024-05-17 11:06:03,188 [INFO] IPUIPlugin:80 - create IPUIPlugin
2024-05-17 11:06:03,188 [INFO] IPUIPlugin:80 - create IPUIPlugin
2024-05-17 11:06:03,188 [INFO] IPUIPlugin:80 - create IPUIPlugin
2024-05-17 11:06:03,189 [INFO] IPUIPlugin:80 - create IPUIPlugin
2024-05-17 11:06:03,189 [INFO] IPUIPlugin:80 - create IPUIPlugin
2024-05-17 11:06:03,189 [INFO] IPUIPlugin:80 - create IPUIPlugin
2024-05-17 11:06:03,189 [INFO] IPUIPlugin:80 - create IPUIPlugin
2024-05-17 11:06:03,190 [INFO] IPUIPlugin:80 - create IPUIPlugin
2024-05-17 11:06:03,190 [INFO] IPUIPlugin:80 - create IPUIPlugin
2024-05-17 11:06:03,190 [INFO] IPUIPlugin:80 - create IPUIPlugin
2024-05-17 11:06:03,191 [INFO] IPUIPlugin:80 - create IPUIPlugin
2024-05-17 11:06:03,191 [INFO] IPUIPlugin:80 - create IPUIPlugin
2024-05-17 11:06:03,191 [INFO] IPUIPlugin:80 - create IPUIPlugin
2024-05-17 11:06:03,192 [INFO] IPUIPlugin:80 - create IPUIPlugin
2024-05-17 11:06:03,192 [INFO] IPUIPlugin:80 - create IPUIPlugin
2024-05-17 11:06:03,192 [INFO] IPUIPlugin:80 - create IPUIPlugin
2024-05-17 11:06:03,192 [INFO] IPUIPlugin:80 - create IPUIPlugin
2024-05-17 11:06:03,192 [INFO] IPUIPlugin:80 - create IPUIPlugin
2024-05-17 11:06:03,192 [INFO] IPUIPlugin:80 - create IPUIPlugin
2024-05-17 11:06:03,194 [INFO] IPUIPlugin:80 - create IPUIPlugin
2024-05-17 11:06:03,194 [INFO] IPUIPlugin:80 - create IPUIPlugin
2024-05-17 11:06:03,194 [INFO] IPUIPlugin:80 - create IPUIPlugin
2024-05-17 11:06:03,195 [INFO] IPUIPlugin:80 - create IPUIPlugin
2024-05-17 11:06:03,197 [INFO] IPUIPlugin:80 - create IPUIPlugin
2024-05-17 11:06:03,197 [INFO] IPUIPlugin:80 - create IPUIPlugin
2024-05-17 11:06:03,198 [INFO] IPUIPlugin:80 - create IPUIPlugin
2024-05-17 11:06:03,198 [INFO] IPUIPlugin:80 - create IPUIPlugin
2024-05-17 11:06:03,198 [INFO] IPUIPlugin:80 - create IPUIPlugin
2024-05-17 11:06:03,199 [INFO] IPUIPlugin:80 - create IPUIPlugin
2024-05-17 11:06:03,199 [INFO] IPUIPlugin:80 - create IPUIPlugin
2024-05-17 11:06:03,200 [INFO] IPUIPlugin:80 - create IPUIPlugin
2024-05-17 11:06:03,200 [INFO] IPUIPlugin:80 - create IPUIPlugin
2024-05-17 11:06:03,201 [INFO] IPUIPlugin:80 - create IPUIPlugin
2024-05-17 11:06:03,202 [INFO] IPUIPlugin:80 - create IPUIPlugin
2024-05-17 11:06:03,202 [INFO] IPUIPlugin:80 - create IPUIPlugin
2024-05-17 11:06:03,203 [INFO] IPUIPlugin:80 - create IPUIPlugin
2024-05-17 11:06:03,475 [INFO] CADModel:165 - CPN selected for project levelSTM32L476RGT6
2024-05-17 11:06:03,475 [INFO] CADModel:114 - Register for checkConnection events
2024-05-17 11:06:03,515 [INFO] OpenFileManager:343 - Restore cursor
2024-05-17 11:07:44,024 [INFO] UtilMem:75 - End SaveConfig() Used Memory: 681880224 Bytes (1073741824)
2024-05-17 11:07:45,392 [INFO] UtilMem:75 - End SaveConfig() Used Memory: 622556800 Bytes (1073741824)
2024-05-17 11:07:47,251 [INFO] UtilMem:75 - End SaveConfig() Used Memory: 667123328 Bytes (1073741824)
2024-05-17 11:07:47,665 [INFO] BlockDiagram:2759 - set Specific Code input for plugin: SYS
2024-05-17 11:07:47,665 [INFO] BlockDiagram:2759 - set Specific Code input for plugin: RCC
2024-05-17 11:07:47,665 [INFO] BlockDiagram:2759 - set Specific Code input for plugin: NVIC
2024-05-17 11:07:47,665 [INFO] BlockDiagram:2759 - set Specific Code input for plugin: USART
2024-05-17 11:07:47,665 [INFO] BlockDiagram:2759 - set Specific Code input for plugin: GPIO
2024-05-17 11:07:47,666 [INFO] CodeGenerator:807 - code generatio: config db path: C:\ST\STM32CubeIDE_1.14.0\STM32CubeIDE\plugins\com.st.stm32cube.common.mx_6.10.0.202311202037\\db\
2024-05-17 11:07:47,837 [INFO] CodeEngine:255 - oldGeneratedFile, C:\Users\domin\OneDrive\Pulpit\STM32\cyclingSpeedometer\cyclingSpeedometer\MXTmpFiles\license.tmp_save
2024-05-17 11:07:48,129 [INFO] CodeEngine:279 - Generated code: C:\Users\domin\OneDrive\Pulpit\STM32\cyclingSpeedometer\cyclingSpeedometer\MXTmpFiles\license.tmp
2024-05-17 11:07:48,222 [INFO] CodeEngine:255 - oldGeneratedFile, C:\Users\domin\OneDrive\Pulpit\STM32\cyclingSpeedometer\cyclingSpeedometer\Core\Src\gpio.c_save
2024-05-17 11:07:48,319 [INFO] CodeEngine:279 - Generated code: C:\Users\domin\OneDrive\Pulpit\STM32\cyclingSpeedometer\cyclingSpeedometer\Core\Src\gpio.c
2024-05-17 11:07:48,325 [INFO] CodeEngine:255 - oldGeneratedFile, C:\Users\domin\OneDrive\Pulpit\STM32\cyclingSpeedometer\cyclingSpeedometer\Core\Inc\gpio.h_save
2024-05-17 11:07:48,384 [INFO] CodeEngine:279 - Generated code: C:\Users\domin\OneDrive\Pulpit\STM32\cyclingSpeedometer\cyclingSpeedometer\Core\Inc\gpio.h
2024-05-17 11:07:48,569 [INFO] CodeEngine:255 - oldGeneratedFile, C:\Users\domin\OneDrive\Pulpit\STM32\cyclingSpeedometer\cyclingSpeedometer\Core\Src\usart.c_save
2024-05-17 11:07:48,687 [INFO] CodeEngine:279 - Generated code: C:\Users\domin\OneDrive\Pulpit\STM32\cyclingSpeedometer\cyclingSpeedometer\Core\Src\usart.c
2024-05-17 11:07:48,695 [INFO] CodeEngine:255 - oldGeneratedFile, C:\Users\domin\OneDrive\Pulpit\STM32\cyclingSpeedometer\cyclingSpeedometer\Core\Inc\usart.h_save
2024-05-17 11:07:48,760 [INFO] CodeEngine:279 - Generated code: C:\Users\domin\OneDrive\Pulpit\STM32\cyclingSpeedometer\cyclingSpeedometer\Core\Inc\usart.h
2024-05-17 11:07:48,771 [INFO] CodeEngine:255 - oldGeneratedFile, C:\Users\domin\OneDrive\Pulpit\STM32\cyclingSpeedometer\cyclingSpeedometer\Core\Src\stm32l4xx_it.c_save
2024-05-17 11:07:48,841 [INFO] CodeEngine:279 - Generated code: C:\Users\domin\OneDrive\Pulpit\STM32\cyclingSpeedometer\cyclingSpeedometer\Core\Src\stm32l4xx_it.c
2024-05-17 11:07:48,847 [INFO] CodeEngine:255 - oldGeneratedFile, C:\Users\domin\OneDrive\Pulpit\STM32\cyclingSpeedometer\cyclingSpeedometer\Core\Inc\stm32l4xx_it.h_save
2024-05-17 11:07:48,901 [INFO] CodeEngine:279 - Generated code: C:\Users\domin\OneDrive\Pulpit\STM32\cyclingSpeedometer\cyclingSpeedometer\Core\Inc\stm32l4xx_it.h
2024-05-17 11:07:48,914 [INFO] CodeEngine:255 - oldGeneratedFile, C:\Users\domin\OneDrive\Pulpit\STM32\cyclingSpeedometer\cyclingSpeedometer\Core\Src\stm32l4xx_hal_msp.c_save
2024-05-17 11:07:48,985 [INFO] CodeEngine:279 - Generated code: C:\Users\domin\OneDrive\Pulpit\STM32\cyclingSpeedometer\cyclingSpeedometer\Core\Src\stm32l4xx_hal_msp.c
2024-05-17 11:07:48,989 [INFO] CodeEngine:255 - oldGeneratedFile, C:\Users\domin\OneDrive\Pulpit\STM32\cyclingSpeedometer\cyclingSpeedometer\MXTmpFiles\system.tmp_save
2024-05-17 11:07:49,038 [INFO] CodeEngine:279 - Generated code: C:\Users\domin\OneDrive\Pulpit\STM32\cyclingSpeedometer\cyclingSpeedometer\MXTmpFiles\system.tmp
2024-05-17 11:07:49,047 [INFO] CodeEngine:311 - oldGeneratedFile, C:\Users\domin\OneDrive\Pulpit\STM32\cyclingSpeedometer\cyclingSpeedometer\Core\Inc\stm32l4xx_hal_conf.h_save
2024-05-17 11:07:49,104 [INFO] CodeEngine:335 - Generated code: C:\Users\domin\OneDrive\Pulpit\STM32\cyclingSpeedometer\cyclingSpeedometer\Core\Inc\stm32l4xx_hal_conf.h
2024-05-17 11:07:49,139 [INFO] CodeEngine:255 - oldGeneratedFile, C:\Users\domin\OneDrive\Pulpit\STM32\cyclingSpeedometer\cyclingSpeedometer\Core\Inc\main.h_save
2024-05-17 11:07:49,204 [INFO] CodeEngine:279 - Generated code: C:\Users\domin\OneDrive\Pulpit\STM32\cyclingSpeedometer\cyclingSpeedometer\Core\Inc\main.h
2024-05-17 11:07:49,212 [INFO] CodeEngine:255 - oldGeneratedFile, C:\Users\domin\OneDrive\Pulpit\STM32\cyclingSpeedometer\cyclingSpeedometer\Core\Src\main.c_save
2024-05-17 11:07:49,301 [INFO] CodeEngine:279 - Generated code: C:\Users\domin\OneDrive\Pulpit\STM32\cyclingSpeedometer\cyclingSpeedometer\Core\Src\main.c
2024-05-17 11:07:49,815 [INFO] ProjectBuilder:3076 - Time for Copy HAL[1] : 188mS.
2024-05-17 11:07:49,820 [INFO] ProjectBuilder:4485 - Project Generator version: 4.2.0-B44
2024-05-17 11:07:50,069 [INFO] ConfigFileManager:1495 - The Die is : DIE415
2024-05-17 11:07:50,081 [INFO] ApiDbMcu:508 - Load IP Config File for FATFS
2024-05-17 11:07:50,086 [INFO] ApiDbMcu:508 - Load IP Config File for FREERTOS
2024-05-17 11:07:50,094 [INFO] ApiDbMcu:508 - Load IP Config File for TOUCHSENSING
2024-05-17 11:07:50,099 [INFO] ApiDbMcu:508 - Load IP Config File for USB_DEVICE
2024-05-17 11:07:50,103 [INFO] ApiDbMcu:508 - Load IP Config File for USB_HOST
2024-05-17 11:07:50,804 [INFO] LogOutputStream:77 - [STDOUT_REDIRECT] 
2024-05-17 11:07:51,938 [INFO] ProjectBuilder:4747 - Time for Generating toolchain IDE Files: 2118mS.
2024-05-17 11:07:51,939 [INFO] ProjectBuilder:2947 - Time for Copy CMSIS : 0mS.
2024-05-17 11:07:51,943 [INFO] ProjectBuilder:2947 - Time for Copy CMSIS : 0mS.
2024-05-17 11:10:27,327 [INFO] Gpio:277 - dependency for GPIO [SYS, USART2]
2024-05-17 11:10:46,413 [INFO] NvicIntPanel:101 - NVIC parent = com.st.microxplorer.plugins.ip.nvic.MultiNvicIntPanel[,2,27,497x679,layout=javax.swing.BoxLayout,alignmentX=0.0,alignmentY=0.0,border=,flags=9,maximumSize=,minimumSize=,preferredSize=]
2024-05-17 11:10:52,917 [INFO] UtilMem:75 - End SaveConfig() Used Memory: 893224968 Bytes (1073741824)
2024-05-17 11:10:53,920 [INFO] UtilMem:75 - End SaveConfig() Used Memory: 730302968 Bytes (1073741824)
2024-05-17 11:10:57,903 [INFO] UtilMem:75 - End SaveConfig() Used Memory: 885676832 Bytes (1073741824)
2024-05-17 11:10:58,083 [INFO] BlockDiagram:2759 - set Specific Code input for plugin: SYS
2024-05-17 11:10:58,083 [INFO] BlockDiagram:2759 - set Specific Code input for plugin: RCC
2024-05-17 11:10:58,083 [INFO] BlockDiagram:2759 - set Specific Code input for plugin: NVIC
2024-05-17 11:10:58,083 [INFO] BlockDiagram:2759 - set Specific Code input for plugin: USART
2024-05-17 11:10:58,084 [INFO] BlockDiagram:2759 - set Specific Code input for plugin: GPIO
2024-05-17 11:10:58,084 [INFO] CodeGenerator:807 - code generatio: config db path: C:\ST\STM32CubeIDE_1.14.0\STM32CubeIDE\plugins\com.st.stm32cube.common.mx_6.10.0.202311202037\\db\
2024-05-17 11:10:58,231 [INFO] CodeEngine:255 - oldGeneratedFile, C:\Users\domin\OneDrive\Pulpit\STM32\cyclingSpeedometer\cyclingSpeedometer\MXTmpFiles\license.tmp_save
2024-05-17 11:10:58,296 [INFO] CodeEngine:279 - Generated code: C:\Users\domin\OneDrive\Pulpit\STM32\cyclingSpeedometer\cyclingSpeedometer\MXTmpFiles\license.tmp
2024-05-17 11:10:58,323 [INFO] CodeEngine:255 - oldGeneratedFile, C:\Users\domin\OneDrive\Pulpit\STM32\cyclingSpeedometer\cyclingSpeedometer\Core\Src\gpio.c_save
2024-05-17 11:10:58,401 [INFO] CodeEngine:279 - Generated code: C:\Users\domin\OneDrive\Pulpit\STM32\cyclingSpeedometer\cyclingSpeedometer\Core\Src\gpio.c
2024-05-17 11:10:58,407 [INFO] CodeEngine:255 - oldGeneratedFile, C:\Users\domin\OneDrive\Pulpit\STM32\cyclingSpeedometer\cyclingSpeedometer\Core\Inc\gpio.h_save
2024-05-17 11:10:58,478 [INFO] CodeEngine:279 - Generated code: C:\Users\domin\OneDrive\Pulpit\STM32\cyclingSpeedometer\cyclingSpeedometer\Core\Inc\gpio.h
2024-05-17 11:10:58,552 [INFO] CodeEngine:255 - oldGeneratedFile, C:\Users\domin\OneDrive\Pulpit\STM32\cyclingSpeedometer\cyclingSpeedometer\Core\Src\usart.c_save
2024-05-17 11:10:58,693 [INFO] CodeEngine:279 - Generated code: C:\Users\domin\OneDrive\Pulpit\STM32\cyclingSpeedometer\cyclingSpeedometer\Core\Src\usart.c
2024-05-17 11:10:58,699 [INFO] CodeEngine:255 - oldGeneratedFile, C:\Users\domin\OneDrive\Pulpit\STM32\cyclingSpeedometer\cyclingSpeedometer\Core\Inc\usart.h_save
2024-05-17 11:10:58,776 [INFO] CodeEngine:279 - Generated code: C:\Users\domin\OneDrive\Pulpit\STM32\cyclingSpeedometer\cyclingSpeedometer\Core\Inc\usart.h
2024-05-17 11:10:58,789 [INFO] CodeEngine:255 - oldGeneratedFile, C:\Users\domin\OneDrive\Pulpit\STM32\cyclingSpeedometer\cyclingSpeedometer\Core\Src\stm32l4xx_it.c_save
2024-05-17 11:10:58,888 [INFO] CodeEngine:279 - Generated code: C:\Users\domin\OneDrive\Pulpit\STM32\cyclingSpeedometer\cyclingSpeedometer\Core\Src\stm32l4xx_it.c
2024-05-17 11:10:58,894 [INFO] CodeEngine:255 - oldGeneratedFile, C:\Users\domin\OneDrive\Pulpit\STM32\cyclingSpeedometer\cyclingSpeedometer\Core\Inc\stm32l4xx_it.h_save
2024-05-17 11:10:58,957 [INFO] CodeEngine:279 - Generated code: C:\Users\domin\OneDrive\Pulpit\STM32\cyclingSpeedometer\cyclingSpeedometer\Core\Inc\stm32l4xx_it.h
2024-05-17 11:10:58,965 [INFO] CodeEngine:255 - oldGeneratedFile, C:\Users\domin\OneDrive\Pulpit\STM32\cyclingSpeedometer\cyclingSpeedometer\Core\Src\stm32l4xx_hal_msp.c_save
2024-05-17 11:10:59,022 [INFO] CodeEngine:279 - Generated code: C:\Users\domin\OneDrive\Pulpit\STM32\cyclingSpeedometer\cyclingSpeedometer\Core\Src\stm32l4xx_hal_msp.c
2024-05-17 11:10:59,026 [INFO] CodeEngine:255 - oldGeneratedFile, C:\Users\domin\OneDrive\Pulpit\STM32\cyclingSpeedometer\cyclingSpeedometer\MXTmpFiles\system.tmp_save
2024-05-17 11:10:59,063 [INFO] CodeEngine:279 - Generated code: C:\Users\domin\OneDrive\Pulpit\STM32\cyclingSpeedometer\cyclingSpeedometer\MXTmpFiles\system.tmp
2024-05-17 11:10:59,070 [INFO] CodeEngine:311 - oldGeneratedFile, C:\Users\domin\OneDrive\Pulpit\STM32\cyclingSpeedometer\cyclingSpeedometer\Core\Inc\stm32l4xx_hal_conf.h_save
2024-05-17 11:10:59,122 [INFO] CodeEngine:335 - Generated code: C:\Users\domin\OneDrive\Pulpit\STM32\cyclingSpeedometer\cyclingSpeedometer\Core\Inc\stm32l4xx_hal_conf.h
2024-05-17 11:10:59,149 [INFO] CodeEngine:255 - oldGeneratedFile, C:\Users\domin\OneDrive\Pulpit\STM32\cyclingSpeedometer\cyclingSpeedometer\Core\Inc\main.h_save
2024-05-17 11:10:59,198 [INFO] CodeEngine:279 - Generated code: C:\Users\domin\OneDrive\Pulpit\STM32\cyclingSpeedometer\cyclingSpeedometer\Core\Inc\main.h
2024-05-17 11:10:59,202 [INFO] CodeEngine:255 - oldGeneratedFile, C:\Users\domin\OneDrive\Pulpit\STM32\cyclingSpeedometer\cyclingSpeedometer\Core\Src\main.c_save
2024-05-17 11:10:59,264 [INFO] CodeEngine:279 - Generated code: C:\Users\domin\OneDrive\Pulpit\STM32\cyclingSpeedometer\cyclingSpeedometer\Core\Src\main.c
2024-05-17 11:10:59,669 [INFO] ProjectBuilder:3076 - Time for Copy HAL[1] : 108mS.
2024-05-17 11:10:59,673 [INFO] ProjectBuilder:4485 - Project Generator version: 4.2.0-B44
2024-05-17 11:10:59,904 [INFO] ConfigFileManager:1495 - The Die is : DIE415
2024-05-17 11:11:01,533 [INFO] ProjectBuilder:4747 - Time for Generating toolchain IDE Files: 1861mS.
2024-05-17 11:11:01,534 [INFO] ProjectBuilder:2947 - Time for Copy CMSIS : 0mS.
2024-05-17 11:11:01,536 [INFO] ProjectBuilder:2947 - Time for Copy CMSIS : 0mS.
2024-05-17 11:11:55,682 [INFO] UtilMem:75 - End SaveConfig() Used Memory: 695351704 Bytes (1073741824)
2024-05-17 11:11:56,384 [INFO] UtilMem:75 - End SaveConfig() Used Memory: 677628544 Bytes (1073741824)
2024-05-17 11:11:57,346 [INFO] UtilMem:75 - End SaveConfig() Used Memory: 764662400 Bytes (1073741824)
2024-05-17 11:11:57,525 [INFO] BlockDiagram:2759 - set Specific Code input for plugin: SYS
2024-05-17 11:11:57,525 [INFO] BlockDiagram:2759 - set Specific Code input for plugin: RCC
2024-05-17 11:11:57,525 [INFO] BlockDiagram:2759 - set Specific Code input for plugin: NVIC
2024-05-17 11:11:57,525 [INFO] BlockDiagram:2759 - set Specific Code input for plugin: USART
2024-05-17 11:11:57,526 [INFO] BlockDiagram:2759 - set Specific Code input for plugin: GPIO
2024-05-17 11:11:57,527 [INFO] CodeGenerator:807 - code generatio: config db path: C:\ST\STM32CubeIDE_1.14.0\STM32CubeIDE\plugins\com.st.stm32cube.common.mx_6.10.0.202311202037\\db\
2024-05-17 11:11:57,623 [INFO] CodeEngine:255 - oldGeneratedFile, C:\Users\domin\OneDrive\Pulpit\STM32\cyclingSpeedometer\cyclingSpeedometer\MXTmpFiles\license.tmp_save
2024-05-17 11:11:57,732 [INFO] CodeEngine:279 - Generated code: C:\Users\domin\OneDrive\Pulpit\STM32\cyclingSpeedometer\cyclingSpeedometer\MXTmpFiles\license.tmp
2024-05-17 11:11:57,750 [INFO] CodeEngine:255 - oldGeneratedFile, C:\Users\domin\OneDrive\Pulpit\STM32\cyclingSpeedometer\cyclingSpeedometer\Core\Src\gpio.c_save
2024-05-17 11:11:57,835 [INFO] CodeEngine:279 - Generated code: C:\Users\domin\OneDrive\Pulpit\STM32\cyclingSpeedometer\cyclingSpeedometer\Core\Src\gpio.c
2024-05-17 11:11:57,840 [INFO] CodeEngine:255 - oldGeneratedFile, C:\Users\domin\OneDrive\Pulpit\STM32\cyclingSpeedometer\cyclingSpeedometer\Core\Inc\gpio.h_save
2024-05-17 11:11:57,890 [INFO] CodeEngine:279 - Generated code: C:\Users\domin\OneDrive\Pulpit\STM32\cyclingSpeedometer\cyclingSpeedometer\Core\Inc\gpio.h
2024-05-17 11:11:57,936 [INFO] CodeEngine:255 - oldGeneratedFile, C:\Users\domin\OneDrive\Pulpit\STM32\cyclingSpeedometer\cyclingSpeedometer\Core\Src\usart.c_save
2024-05-17 11:11:58,017 [INFO] CodeEngine:279 - Generated code: C:\Users\domin\OneDrive\Pulpit\STM32\cyclingSpeedometer\cyclingSpeedometer\Core\Src\usart.c
2024-05-17 11:11:58,021 [INFO] CodeEngine:255 - oldGeneratedFile, C:\Users\domin\OneDrive\Pulpit\STM32\cyclingSpeedometer\cyclingSpeedometer\Core\Inc\usart.h_save
2024-05-17 11:11:58,065 [INFO] CodeEngine:279 - Generated code: C:\Users\domin\OneDrive\Pulpit\STM32\cyclingSpeedometer\cyclingSpeedometer\Core\Inc\usart.h
2024-05-17 11:11:58,075 [INFO] CodeEngine:255 - oldGeneratedFile, C:\Users\domin\OneDrive\Pulpit\STM32\cyclingSpeedometer\cyclingSpeedometer\Core\Src\stm32l4xx_it.c_save
2024-05-17 11:11:58,237 [INFO] CodeEngine:279 - Generated code: C:\Users\domin\OneDrive\Pulpit\STM32\cyclingSpeedometer\cyclingSpeedometer\Core\Src\stm32l4xx_it.c
2024-05-17 11:11:58,242 [INFO] CodeEngine:255 - oldGeneratedFile, C:\Users\domin\OneDrive\Pulpit\STM32\cyclingSpeedometer\cyclingSpeedometer\Core\Inc\stm32l4xx_it.h_save
2024-05-17 11:11:58,285 [INFO] CodeEngine:279 - Generated code: C:\Users\domin\OneDrive\Pulpit\STM32\cyclingSpeedometer\cyclingSpeedometer\Core\Inc\stm32l4xx_it.h
2024-05-17 11:11:58,295 [INFO] CodeEngine:255 - oldGeneratedFile, C:\Users\domin\OneDrive\Pulpit\STM32\cyclingSpeedometer\cyclingSpeedometer\Core\Src\stm32l4xx_hal_msp.c_save
2024-05-17 11:11:58,378 [INFO] CodeEngine:279 - Generated code: C:\Users\domin\OneDrive\Pulpit\STM32\cyclingSpeedometer\cyclingSpeedometer\Core\Src\stm32l4xx_hal_msp.c
2024-05-17 11:11:58,382 [INFO] CodeEngine:255 - oldGeneratedFile, C:\Users\domin\OneDrive\Pulpit\STM32\cyclingSpeedometer\cyclingSpeedometer\MXTmpFiles\system.tmp_save
2024-05-17 11:11:58,433 [INFO] CodeEngine:279 - Generated code: C:\Users\domin\OneDrive\Pulpit\STM32\cyclingSpeedometer\cyclingSpeedometer\MXTmpFiles\system.tmp
2024-05-17 11:11:58,442 [INFO] CodeEngine:311 - oldGeneratedFile, C:\Users\domin\OneDrive\Pulpit\STM32\cyclingSpeedometer\cyclingSpeedometer\Core\Inc\stm32l4xx_hal_conf.h_save
2024-05-17 11:11:58,495 [INFO] CodeEngine:335 - Generated code: C:\Users\domin\OneDrive\Pulpit\STM32\cyclingSpeedometer\cyclingSpeedometer\Core\Inc\stm32l4xx_hal_conf.h
2024-05-17 11:11:58,515 [INFO] CodeEngine:255 - oldGeneratedFile, C:\Users\domin\OneDrive\Pulpit\STM32\cyclingSpeedometer\cyclingSpeedometer\Core\Inc\main.h_save
2024-05-17 11:11:58,603 [INFO] CodeEngine:279 - Generated code: C:\Users\domin\OneDrive\Pulpit\STM32\cyclingSpeedometer\cyclingSpeedometer\Core\Inc\main.h
2024-05-17 11:11:58,610 [INFO] CodeEngine:255 - oldGeneratedFile, C:\Users\domin\OneDrive\Pulpit\STM32\cyclingSpeedometer\cyclingSpeedometer\Core\Src\main.c_save
2024-05-17 11:11:58,691 [INFO] CodeEngine:279 - Generated code: C:\Users\domin\OneDrive\Pulpit\STM32\cyclingSpeedometer\cyclingSpeedometer\Core\Src\main.c
2024-05-17 11:11:58,996 [INFO] ProjectBuilder:3076 - Time for Copy HAL[1] : 95mS.
2024-05-17 11:11:58,998 [INFO] ProjectBuilder:4485 - Project Generator version: 4.2.0-B44
2024-05-17 11:11:59,220 [INFO] ConfigFileManager:1495 - The Die is : DIE415
2024-05-17 11:12:00,432 [INFO] ProjectBuilder:4747 - Time for Generating toolchain IDE Files: 1434mS.
2024-05-17 11:12:00,433 [INFO] ProjectBuilder:2947 - Time for Copy CMSIS : 1mS.
2024-05-17 11:12:00,435 [INFO] ProjectBuilder:2947 - Time for Copy CMSIS : 0mS.
2024-05-17 11:25:09,845 [INFO] Gpio:277 - dependency for GPIO [SYS, USART2]
2024-05-17 11:25:12,877 [INFO] Gpio:277 - dependency for GPIO [SYS, USART2]
2024-05-17 11:25:13,791 [INFO] NvicIntPanel:101 - NVIC parent = com.st.microxplorer.plugins.ip.nvic.MultiNvicIntPanel[,2,27,540x679,layout=javax.swing.BoxLayout,alignmentX=0.0,alignmentY=0.0,border=,flags=9,maximumSize=,minimumSize=,preferredSize=]
2024-05-17 11:28:12,021 [INFO] Gpio:277 - dependency for GPIO [SYS, USART2]
2024-05-17 11:29:59,300 [INFO] ADCParametersView:116 -                Rank 1 : false
2024-05-17 11:29:59,406 [INFO] ADCParametersView:116 -                Rank 1 : false
2024-05-17 11:29:59,407 [INFO] ADCParametersView:116 -                Rank 1 : false
2024-05-17 11:29:59,407 [INFO] ADCParametersView:116 -                Rank 1 : false
2024-05-17 11:29:59,408 [INFO] ADCParametersView:116 -                Rank 1 : false
2024-05-17 11:29:59,408 [INFO] ADCParametersView:116 -                Rank 1 : false
2024-05-17 11:29:59,409 [INFO] ADCParametersView:116 -                Rank 1 : false
2024-05-17 11:29:59,409 [INFO] ADCParametersView:116 -                Rank 1 : false
2024-05-17 11:29:59,409 [INFO] ADCParametersView:116 -                Rank 1 : false
2024-05-17 11:29:59,410 [INFO] ADCParametersView:116 -                Rank 1 : false
2024-05-17 11:29:59,410 [INFO] ADCParametersView:116 -                Rank 1 : false
2024-05-17 11:29:59,410 [INFO] ADCParametersView:116 -                Rank 1 : false
2024-05-17 11:29:59,410 [INFO] ADCParametersView:116 -                Rank 1 : false
2024-05-17 11:29:59,411 [INFO] ADCParametersView:116 -                Rank 1 : false
2024-05-17 11:29:59,411 [INFO] ADCParametersView:116 -                Rank 1 : false
2024-05-17 11:29:59,411 [INFO] ADCParametersView:116 -                Rank 1 : false
2024-05-17 11:29:59,412 [INFO] ADCParametersView:116 -                Rank 1 : false
2024-05-17 11:29:59,412 [INFO] ADCParametersView:116 -                Rank 1 : false
2024-05-17 11:29:59,412 [INFO] ADCParametersView:116 -                Rank 1 : false
2024-05-17 11:29:59,412 [INFO] ADCParametersView:116 -                Rank 1 : false
2024-05-17 11:29:59,412 [INFO] ADCParametersView:116 -                Rank 1 : false
2024-05-17 11:29:59,440 [INFO] ADCParametersView:116 -                Rank 1 : false
2024-05-17 11:29:59,718 [INFO] NvicIntPanel:101 - NVIC parent = com.st.microxplorer.plugins.ip.nvic.MultiNvicIntPanel[,0,0,0x0,invalid,layout=javax.swing.BoxLayout,alignmentX=0.0,alignmentY=0.0,border=,flags=9,maximumSize=,minimumSize=,preferredSize=]
2024-05-17 11:29:59,964 [INFO] NvicIntPanel:101 - NVIC parent = com.st.microxplorer.plugins.ip.nvic.MultiNvicIntPanel[,0,0,0x0,invalid,layout=javax.swing.BoxLayout,alignmentX=0.0,alignmentY=0.0,border=,flags=9,maximumSize=,minimumSize=,preferredSize=]
2024-05-17 11:30:00,181 [INFO] NvicIntPanel:101 - NVIC parent = com.st.microxplorer.plugins.ip.nvic.MultiNvicIntPanel[,0,0,0x0,invalid,layout=javax.swing.BoxLayout,alignmentX=0.0,alignmentY=0.0,border=,flags=9,maximumSize=,minimumSize=,preferredSize=]
2024-05-17 11:30:00,372 [INFO] NvicIntPanel:101 - NVIC parent = com.st.microxplorer.plugins.ip.nvic.MultiNvicIntPanel[,0,0,0x0,invalid,layout=javax.swing.BoxLayout,alignmentX=0.0,alignmentY=0.0,border=,flags=9,maximumSize=,minimumSize=,preferredSize=]
2024-05-17 11:30:00,474 [INFO] ADCParametersView:116 -                Rank 1 : false
2024-05-17 11:30:00,474 [INFO] ADCParametersView:116 -                Rank 1 : false
2024-05-17 11:30:00,475 [INFO] ADCParametersView:116 -                Rank 1 : false
2024-05-17 11:30:00,475 [INFO] ADCParametersView:116 -                Rank 1 : false
2024-05-17 11:30:00,475 [INFO] ADCParametersView:116 -                Rank 1 : false
2024-05-17 11:30:00,476 [INFO] ADCParametersView:116 -                Rank 1 : false
2024-05-17 11:30:00,476 [INFO] ADCParametersView:116 -                Rank 1 : false
2024-05-17 11:30:00,476 [INFO] ADCParametersView:116 -                Rank 1 : false
2024-05-17 11:30:00,477 [INFO] ADCParametersView:116 -                Rank 1 : false
2024-05-17 11:30:00,477 [INFO] ADCParametersView:116 -                Rank 1 : false
2024-05-17 11:30:00,477 [INFO] ADCParametersView:116 -                Rank 1 : false
2024-05-17 11:30:00,478 [INFO] ADCParametersView:116 -                Rank 1 : false
2024-05-17 11:30:00,478 [INFO] ADCParametersView:116 -                Rank 1 : false
2024-05-17 11:30:00,478 [INFO] ADCParametersView:116 -                Rank 1 : false
2024-05-17 11:30:00,478 [INFO] ADCParametersView:116 -                Rank 1 : false
2024-05-17 11:30:00,478 [INFO] ADCParametersView:116 -                Rank 1 : false
2024-05-17 11:30:00,478 [INFO] ADCParametersView:116 -                Rank 1 : false
2024-05-17 11:30:00,478 [INFO] ADCParametersView:116 -                Rank 1 : false
2024-05-17 11:30:00,478 [INFO] ADCParametersView:116 -                Rank 1 : false
2024-05-17 11:30:00,478 [INFO] ADCParametersView:116 -                Rank 1 : false
2024-05-17 11:30:00,544 [INFO] ADCParametersView:116 -                Rank 1 : false
2024-05-17 11:30:00,612 [INFO] ADCParametersView:116 -                Rank 1 : false
2024-05-17 11:30:00,612 [INFO] ADCParametersView:116 -                Rank 1 : false
2024-05-17 11:30:00,612 [INFO] ADCParametersView:116 -                Rank 1 : false
2024-05-17 11:30:00,613 [INFO] ADCParametersView:116 -                Rank 1 : false
2024-05-17 11:30:00,613 [INFO] ADCParametersView:116 -                Rank 1 : false
2024-05-17 11:30:00,613 [INFO] ADCParametersView:116 -                Rank 1 : false
2024-05-17 11:30:00,613 [INFO] ADCParametersView:116 -                Rank 1 : false
2024-05-17 11:30:00,613 [INFO] ADCParametersView:116 -                Rank 1 : false
2024-05-17 11:30:00,613 [INFO] ADCParametersView:116 -                Rank 1 : false
2024-05-17 11:30:00,613 [INFO] ADCParametersView:116 -                Rank 1 : false
2024-05-17 11:30:00,613 [INFO] ADCParametersView:116 -                Rank 1 : false
2024-05-17 11:30:00,614 [INFO] ADCParametersView:116 -                Rank 1 : false
2024-05-17 11:30:00,614 [INFO] ADCParametersView:116 -                Rank 1 : false
2024-05-17 11:30:00,614 [INFO] ADCParametersView:116 -                Rank 1 : false
2024-05-17 11:30:00,614 [INFO] ADCParametersView:116 -                Rank 1 : false
2024-05-17 11:30:00,614 [INFO] ADCParametersView:116 -                Rank 1 : false
2024-05-17 11:30:00,614 [INFO] ADCParametersView:116 -                Rank 1 : false
2024-05-17 11:30:00,614 [INFO] ADCParametersView:116 -                Rank 1 : false
2024-05-17 11:30:00,614 [INFO] ADCParametersView:116 -                Rank 1 : false
2024-05-17 11:30:00,614 [INFO] ADCParametersView:116 -                Rank 1 : false
2024-05-17 11:30:00,658 [INFO] ADCParametersView:116 -                Rank 1 : false
2024-05-17 11:30:08,960 [INFO] ADCParametersView:116 -                Rank 1 : true
2024-05-17 11:32:45,216 [INFO] Gpio:277 - dependency for GPIO [SYS, USART2]
2024-05-17 11:32:54,477 [INFO] NvicIntPanel:101 - NVIC parent = com.st.microxplorer.plugins.ip.nvic.MultiNvicIntPanel[,2,27,540x679,layout=javax.swing.BoxLayout,alignmentX=0.0,alignmentY=0.0,border=,flags=9,maximumSize=,minimumSize=,preferredSize=]
2024-05-17 11:32:55,925 [INFO] Gpio:277 - dependency for GPIO [SYS, USART2]
2024-05-17 11:33:06,322 [INFO] Gpio:277 - dependency for GPIO [SYS, USART2]
2024-05-17 11:33:09,425 [INFO] UtilMem:75 - End SaveConfig() Used Memory: 1044391864 Bytes (1073741824)
2024-05-17 11:33:10,308 [INFO] UtilMem:75 - End SaveConfig() Used Memory: 777856368 Bytes (1073741824)
2024-05-17 11:33:11,571 [INFO] UtilMem:75 - End SaveConfig() Used Memory: 645978672 Bytes (1073741824)
2024-05-17 11:33:11,973 [INFO] BlockDiagram:2759 - set Specific Code input for plugin: SYS
2024-05-17 11:33:11,973 [INFO] BlockDiagram:2759 - set Specific Code input for plugin: RCC
2024-05-17 11:33:11,973 [INFO] BlockDiagram:2759 - set Specific Code input for plugin: NVIC
2024-05-17 11:33:11,973 [INFO] BlockDiagram:2759 - set Specific Code input for plugin: USART
2024-05-17 11:33:11,973 [INFO] BlockDiagram:2759 - set Specific Code input for plugin: GPIO
2024-05-17 11:33:11,975 [INFO] CodeGenerator:807 - code generatio: config db path: C:\ST\STM32CubeIDE_1.14.0\STM32CubeIDE\plugins\com.st.stm32cube.common.mx_6.10.0.202311202037\\db\
2024-05-17 11:33:12,148 [INFO] CodeEngine:255 - oldGeneratedFile, C:\Users\domin\OneDrive\Pulpit\STM32\cyclingSpeedometer\cyclingSpeedometer\MXTmpFiles\license.tmp_save
2024-05-17 11:33:12,299 [INFO] CodeEngine:279 - Generated code: C:\Users\domin\OneDrive\Pulpit\STM32\cyclingSpeedometer\cyclingSpeedometer\MXTmpFiles\license.tmp
2024-05-17 11:33:12,335 [INFO] CodeEngine:255 - oldGeneratedFile, C:\Users\domin\OneDrive\Pulpit\STM32\cyclingSpeedometer\cyclingSpeedometer\Core\Src\gpio.c_save
2024-05-17 11:33:12,435 [INFO] CodeEngine:279 - Generated code: C:\Users\domin\OneDrive\Pulpit\STM32\cyclingSpeedometer\cyclingSpeedometer\Core\Src\gpio.c
2024-05-17 11:33:12,447 [INFO] CodeEngine:255 - oldGeneratedFile, C:\Users\domin\OneDrive\Pulpit\STM32\cyclingSpeedometer\cyclingSpeedometer\Core\Inc\gpio.h_save
2024-05-17 11:33:12,537 [INFO] CodeEngine:279 - Generated code: C:\Users\domin\OneDrive\Pulpit\STM32\cyclingSpeedometer\cyclingSpeedometer\Core\Inc\gpio.h
2024-05-17 11:33:12,663 [INFO] CodeEngine:255 - oldGeneratedFile, C:\Users\domin\OneDrive\Pulpit\STM32\cyclingSpeedometer\cyclingSpeedometer\Core\Src\usart.c_save
2024-05-17 11:33:12,796 [INFO] CodeEngine:279 - Generated code: C:\Users\domin\OneDrive\Pulpit\STM32\cyclingSpeedometer\cyclingSpeedometer\Core\Src\usart.c
2024-05-17 11:33:12,803 [INFO] CodeEngine:255 - oldGeneratedFile, C:\Users\domin\OneDrive\Pulpit\STM32\cyclingSpeedometer\cyclingSpeedometer\Core\Inc\usart.h_save
2024-05-17 11:33:12,876 [INFO] CodeEngine:279 - Generated code: C:\Users\domin\OneDrive\Pulpit\STM32\cyclingSpeedometer\cyclingSpeedometer\Core\Inc\usart.h
2024-05-17 11:33:12,890 [INFO] CodeEngine:255 - oldGeneratedFile, C:\Users\domin\OneDrive\Pulpit\STM32\cyclingSpeedometer\cyclingSpeedometer\Core\Src\stm32l4xx_it.c_save
2024-05-17 11:33:13,152 [INFO] CodeEngine:279 - Generated code: C:\Users\domin\OneDrive\Pulpit\STM32\cyclingSpeedometer\cyclingSpeedometer\Core\Src\stm32l4xx_it.c
2024-05-17 11:33:13,160 [INFO] CodeEngine:255 - oldGeneratedFile, C:\Users\domin\OneDrive\Pulpit\STM32\cyclingSpeedometer\cyclingSpeedometer\Core\Inc\stm32l4xx_it.h_save
2024-05-17 11:33:13,230 [INFO] CodeEngine:279 - Generated code: C:\Users\domin\OneDrive\Pulpit\STM32\cyclingSpeedometer\cyclingSpeedometer\Core\Inc\stm32l4xx_it.h
2024-05-17 11:33:13,244 [INFO] CodeEngine:255 - oldGeneratedFile, C:\Users\domin\OneDrive\Pulpit\STM32\cyclingSpeedometer\cyclingSpeedometer\Core\Src\stm32l4xx_hal_msp.c_save
2024-05-17 11:33:13,346 [INFO] CodeEngine:279 - Generated code: C:\Users\domin\OneDrive\Pulpit\STM32\cyclingSpeedometer\cyclingSpeedometer\Core\Src\stm32l4xx_hal_msp.c
2024-05-17 11:33:13,351 [INFO] CodeEngine:255 - oldGeneratedFile, C:\Users\domin\OneDrive\Pulpit\STM32\cyclingSpeedometer\cyclingSpeedometer\MXTmpFiles\system.tmp_save
2024-05-17 11:33:13,420 [INFO] CodeEngine:279 - Generated code: C:\Users\domin\OneDrive\Pulpit\STM32\cyclingSpeedometer\cyclingSpeedometer\MXTmpFiles\system.tmp
2024-05-17 11:33:13,432 [INFO] CodeEngine:311 - oldGeneratedFile, C:\Users\domin\OneDrive\Pulpit\STM32\cyclingSpeedometer\cyclingSpeedometer\Core\Inc\stm32l4xx_hal_conf.h_save
2024-05-17 11:33:13,507 [INFO] CodeEngine:335 - Generated code: C:\Users\domin\OneDrive\Pulpit\STM32\cyclingSpeedometer\cyclingSpeedometer\Core\Inc\stm32l4xx_hal_conf.h
2024-05-17 11:33:13,534 [INFO] CodeEngine:255 - oldGeneratedFile, C:\Users\domin\OneDrive\Pulpit\STM32\cyclingSpeedometer\cyclingSpeedometer\Core\Inc\main.h_save
2024-05-17 11:33:13,618 [INFO] CodeEngine:279 - Generated code: C:\Users\domin\OneDrive\Pulpit\STM32\cyclingSpeedometer\cyclingSpeedometer\Core\Inc\main.h
2024-05-17 11:33:13,626 [INFO] CodeEngine:255 - oldGeneratedFile, C:\Users\domin\OneDrive\Pulpit\STM32\cyclingSpeedometer\cyclingSpeedometer\Core\Src\main.c_save
2024-05-17 11:33:13,714 [INFO] CodeEngine:279 - Generated code: C:\Users\domin\OneDrive\Pulpit\STM32\cyclingSpeedometer\cyclingSpeedometer\Core\Src\main.c
2024-05-17 11:33:14,433 [INFO] ProjectBuilder:3076 - Time for Copy HAL[1] : 267mS.
2024-05-17 11:33:14,437 [INFO] ProjectBuilder:4485 - Project Generator version: 4.2.0-B44
2024-05-17 11:33:14,788 [INFO] ConfigFileManager:1495 - The Die is : DIE415
2024-05-17 11:33:16,738 [INFO] ProjectBuilder:4747 - Time for Generating toolchain IDE Files: 2301mS.
2024-05-17 11:33:16,739 [INFO] ProjectBuilder:2947 - Time for Copy CMSIS : 1mS.
2024-05-17 11:33:16,743 [INFO] ProjectBuilder:2947 - Time for Copy CMSIS : 1mS.
2024-05-17 11:47:46,905 [INFO] NvicIntPanel:101 - NVIC parent = com.st.microxplorer.plugins.ip.nvic.MultiNvicIntPanel[,0,0,0x0,invalid,layout=javax.swing.BoxLayout,alignmentX=0.0,alignmentY=0.0,border=,flags=9,maximumSize=,minimumSize=,preferredSize=]
2024-05-17 11:47:56,179 [INFO] NvicIntPanel:101 - NVIC parent = com.st.microxplorer.plugins.ip.nvic.MultiNvicIntPanel[,0,0,0x0,invalid,layout=javax.swing.BoxLayout,alignmentX=0.0,alignmentY=0.0,border=,flags=9,maximumSize=,minimumSize=,preferredSize=]
2024-05-17 11:48:43,674 [INFO] UtilMem:75 - End SaveConfig() Used Memory: 859151376 Bytes (1073741824)
2024-05-17 11:48:44,510 [INFO] UtilMem:75 - End SaveConfig() Used Memory: 894802960 Bytes (1073741824)
2024-05-17 11:48:45,716 [INFO] UtilMem:75 - End SaveConfig() Used Memory: 998611984 Bytes (1073741824)
2024-05-17 11:48:46,175 [INFO] BlockDiagram:2759 - set Specific Code input for plugin: TIM6_7L4
2024-05-17 11:48:46,175 [INFO] BlockDiagram:2759 - set Specific Code input for plugin: SYS
2024-05-17 11:48:46,175 [INFO] BlockDiagram:2759 - set Specific Code input for plugin: RCC
2024-05-17 11:48:46,176 [INFO] BlockDiagram:2759 - set Specific Code input for plugin: NVIC
2024-05-17 11:48:46,176 [INFO] BlockDiagram:2759 - set Specific Code input for plugin: USART
2024-05-17 11:48:46,176 [INFO] BlockDiagram:2759 - set Specific Code input for plugin: GPIO
2024-05-17 11:48:46,177 [INFO] CodeGenerator:807 - code generatio: config db path: C:\ST\STM32CubeIDE_1.14.0\STM32CubeIDE\plugins\com.st.stm32cube.common.mx_6.10.0.202311202037\\db\
2024-05-17 11:48:46,372 [INFO] CodeEngine:255 - oldGeneratedFile, C:\Users\domin\OneDrive\Pulpit\STM32\cyclingSpeedometer\cyclingSpeedometer\MXTmpFiles\license.tmp_save
2024-05-17 11:48:46,495 [INFO] CodeEngine:279 - Generated code: C:\Users\domin\OneDrive\Pulpit\STM32\cyclingSpeedometer\cyclingSpeedometer\MXTmpFiles\license.tmp
2024-05-17 11:48:46,535 [INFO] CodeEngine:255 - oldGeneratedFile, C:\Users\domin\OneDrive\Pulpit\STM32\cyclingSpeedometer\cyclingSpeedometer\Core\Src\gpio.c_save
2024-05-17 11:48:46,694 [INFO] CodeEngine:279 - Generated code: C:\Users\domin\OneDrive\Pulpit\STM32\cyclingSpeedometer\cyclingSpeedometer\Core\Src\gpio.c
2024-05-17 11:48:46,704 [INFO] CodeEngine:255 - oldGeneratedFile, C:\Users\domin\OneDrive\Pulpit\STM32\cyclingSpeedometer\cyclingSpeedometer\Core\Inc\gpio.h_save
2024-05-17 11:48:46,855 [INFO] CodeEngine:279 - Generated code: C:\Users\domin\OneDrive\Pulpit\STM32\cyclingSpeedometer\cyclingSpeedometer\Core\Inc\gpio.h
2024-05-17 11:48:47,012 [INFO] CodeEngine:255 - oldGeneratedFile, C:\Users\domin\OneDrive\Pulpit\STM32\cyclingSpeedometer\cyclingSpeedometer\Core\Src\tim.c_save
2024-05-17 11:48:47,155 [INFO] CodeEngine:279 - Generated code: C:\Users\domin\OneDrive\Pulpit\STM32\cyclingSpeedometer\cyclingSpeedometer\Core\Src\tim.c
2024-05-17 11:48:47,161 [INFO] CodeEngine:255 - oldGeneratedFile, C:\Users\domin\OneDrive\Pulpit\STM32\cyclingSpeedometer\cyclingSpeedometer\Core\Inc\tim.h_save
2024-05-17 11:48:47,247 [INFO] CodeEngine:279 - Generated code: C:\Users\domin\OneDrive\Pulpit\STM32\cyclingSpeedometer\cyclingSpeedometer\Core\Inc\tim.h
2024-05-17 11:48:47,261 [INFO] CodeEngine:255 - oldGeneratedFile, C:\Users\domin\OneDrive\Pulpit\STM32\cyclingSpeedometer\cyclingSpeedometer\Core\Src\usart.c_save
2024-05-17 11:48:47,400 [INFO] CodeEngine:279 - Generated code: C:\Users\domin\OneDrive\Pulpit\STM32\cyclingSpeedometer\cyclingSpeedometer\Core\Src\usart.c
2024-05-17 11:48:47,409 [INFO] CodeEngine:255 - oldGeneratedFile, C:\Users\domin\OneDrive\Pulpit\STM32\cyclingSpeedometer\cyclingSpeedometer\Core\Inc\usart.h_save
2024-05-17 11:48:47,506 [INFO] CodeEngine:279 - Generated code: C:\Users\domin\OneDrive\Pulpit\STM32\cyclingSpeedometer\cyclingSpeedometer\Core\Inc\usart.h
2024-05-17 11:48:47,524 [INFO] CodeEngine:255 - oldGeneratedFile, C:\Users\domin\OneDrive\Pulpit\STM32\cyclingSpeedometer\cyclingSpeedometer\Core\Src\stm32l4xx_it.c_save
2024-05-17 11:48:47,791 [INFO] CodeEngine:279 - Generated code: C:\Users\domin\OneDrive\Pulpit\STM32\cyclingSpeedometer\cyclingSpeedometer\Core\Src\stm32l4xx_it.c
2024-05-17 11:48:47,801 [INFO] CodeEngine:255 - oldGeneratedFile, C:\Users\domin\OneDrive\Pulpit\STM32\cyclingSpeedometer\cyclingSpeedometer\Core\Inc\stm32l4xx_it.h_save
2024-05-17 11:48:47,898 [INFO] CodeEngine:279 - Generated code: C:\Users\domin\OneDrive\Pulpit\STM32\cyclingSpeedometer\cyclingSpeedometer\Core\Inc\stm32l4xx_it.h
2024-05-17 11:48:47,917 [INFO] CodeEngine:255 - oldGeneratedFile, C:\Users\domin\OneDrive\Pulpit\STM32\cyclingSpeedometer\cyclingSpeedometer\Core\Src\stm32l4xx_hal_msp.c_save
2024-05-17 11:48:48,034 [INFO] CodeEngine:279 - Generated code: C:\Users\domin\OneDrive\Pulpit\STM32\cyclingSpeedometer\cyclingSpeedometer\Core\Src\stm32l4xx_hal_msp.c
2024-05-17 11:48:48,038 [INFO] CodeEngine:255 - oldGeneratedFile, C:\Users\domin\OneDrive\Pulpit\STM32\cyclingSpeedometer\cyclingSpeedometer\MXTmpFiles\system.tmp_save
2024-05-17 11:48:48,108 [INFO] CodeEngine:279 - Generated code: C:\Users\domin\OneDrive\Pulpit\STM32\cyclingSpeedometer\cyclingSpeedometer\MXTmpFiles\system.tmp
2024-05-17 11:48:48,118 [INFO] CodeEngine:311 - oldGeneratedFile, C:\Users\domin\OneDrive\Pulpit\STM32\cyclingSpeedometer\cyclingSpeedometer\Core\Inc\stm32l4xx_hal_conf.h_save
2024-05-17 11:48:48,190 [INFO] CodeEngine:335 - Generated code: C:\Users\domin\OneDrive\Pulpit\STM32\cyclingSpeedometer\cyclingSpeedometer\Core\Inc\stm32l4xx_hal_conf.h
2024-05-17 11:48:48,218 [INFO] CodeEngine:255 - oldGeneratedFile, C:\Users\domin\OneDrive\Pulpit\STM32\cyclingSpeedometer\cyclingSpeedometer\Core\Inc\main.h_save
2024-05-17 11:48:48,297 [INFO] CodeEngine:279 - Generated code: C:\Users\domin\OneDrive\Pulpit\STM32\cyclingSpeedometer\cyclingSpeedometer\Core\Inc\main.h
2024-05-17 11:48:48,304 [INFO] CodeEngine:255 - oldGeneratedFile, C:\Users\domin\OneDrive\Pulpit\STM32\cyclingSpeedometer\cyclingSpeedometer\Core\Src\main.c_save
2024-05-17 11:48:48,416 [INFO] CodeEngine:279 - Generated code: C:\Users\domin\OneDrive\Pulpit\STM32\cyclingSpeedometer\cyclingSpeedometer\Core\Src\main.c
2024-05-17 11:48:49,445 [INFO] ProjectBuilder:3076 - Time for Copy HAL[1] : 295mS.
2024-05-17 11:48:49,452 [INFO] ProjectBuilder:4485 - Project Generator version: 4.2.0-B44
2024-05-17 11:48:49,780 [INFO] ConfigFileManager:1495 - The Die is : DIE415
2024-05-17 11:48:52,009 [INFO] ProjectBuilder:4747 - Time for Generating toolchain IDE Files: 2557mS.
2024-05-17 11:48:52,010 [INFO] ProjectBuilder:2947 - Time for Copy CMSIS : 1mS.
2024-05-17 11:48:52,023 [INFO] ProjectBuilder:2947 - Time for Copy CMSIS : 0mS.
2024-05-17 11:52:29,490 [INFO] NvicIntPanel:101 - NVIC parent = com.st.microxplorer.plugins.ip.nvic.MultiNvicIntPanel[,0,0,0x0,invalid,layout=javax.swing.BoxLayout,alignmentX=0.0,alignmentY=0.0,border=,flags=9,maximumSize=,minimumSize=,preferredSize=]
2024-05-17 13:34:57,317 [INFO] I2cTimingTraitement:330 - 0x10909CEC
2024-05-17 13:35:07,851 [INFO] UtilMem:75 - End SaveConfig() Used Memory: 808979024 Bytes (1073741824)
2024-05-17 13:35:08,844 [INFO] UtilMem:75 - End SaveConfig() Used Memory: 840962640 Bytes (1073741824)
2024-05-17 13:35:10,412 [INFO] UtilMem:75 - End SaveConfig() Used Memory: 712438544 Bytes (1073741824)
2024-05-17 13:35:10,860 [INFO] BlockDiagram:2759 - set Specific Code input for plugin: TIM6_7L4
2024-05-17 13:35:10,860 [INFO] BlockDiagram:2759 - set Specific Code input for plugin: SYS
2024-05-17 13:35:10,860 [INFO] BlockDiagram:2759 - set Specific Code input for plugin: RCC
2024-05-17 13:35:10,860 [INFO] BlockDiagram:2759 - set Specific Code input for plugin: I2C
2024-05-17 13:35:10,860 [INFO] BlockDiagram:2759 - set Specific Code input for plugin: NVIC
2024-05-17 13:35:10,860 [INFO] BlockDiagram:2759 - set Specific Code input for plugin: USART
2024-05-17 13:35:10,862 [INFO] BlockDiagram:2759 - set Specific Code input for plugin: GPIO
2024-05-17 13:35:10,863 [INFO] CodeGenerator:807 - code generatio: config db path: C:\ST\STM32CubeIDE_1.14.0\STM32CubeIDE\plugins\com.st.stm32cube.common.mx_6.10.0.202311202037\\db\
2024-05-17 13:35:11,076 [INFO] CodeEngine:255 - oldGeneratedFile, C:\Users\domin\OneDrive\Pulpit\STM32\cyclingSpeedometer\cyclingSpeedometer\MXTmpFiles\license.tmp_save
2024-05-17 13:35:11,217 [INFO] CodeEngine:279 - Generated code: C:\Users\domin\OneDrive\Pulpit\STM32\cyclingSpeedometer\cyclingSpeedometer\MXTmpFiles\license.tmp
2024-05-17 13:35:11,253 [INFO] CodeEngine:255 - oldGeneratedFile, C:\Users\domin\OneDrive\Pulpit\STM32\cyclingSpeedometer\cyclingSpeedometer\Core\Src\gpio.c_save
2024-05-17 13:35:11,336 [INFO] CodeEngine:279 - Generated code: C:\Users\domin\OneDrive\Pulpit\STM32\cyclingSpeedometer\cyclingSpeedometer\Core\Src\gpio.c
2024-05-17 13:35:11,344 [INFO] CodeEngine:255 - oldGeneratedFile, C:\Users\domin\OneDrive\Pulpit\STM32\cyclingSpeedometer\cyclingSpeedometer\Core\Inc\gpio.h_save
2024-05-17 13:35:11,423 [INFO] CodeEngine:279 - Generated code: C:\Users\domin\OneDrive\Pulpit\STM32\cyclingSpeedometer\cyclingSpeedometer\Core\Inc\gpio.h
2024-05-17 13:35:11,674 [INFO] CodeEngine:255 - oldGeneratedFile, C:\Users\domin\OneDrive\Pulpit\STM32\cyclingSpeedometer\cyclingSpeedometer\Core\Src\i2c.c_save
2024-05-17 13:35:11,806 [INFO] CodeEngine:279 - Generated code: C:\Users\domin\OneDrive\Pulpit\STM32\cyclingSpeedometer\cyclingSpeedometer\Core\Src\i2c.c
2024-05-17 13:35:11,809 [INFO] CodeEngine:255 - oldGeneratedFile, C:\Users\domin\OneDrive\Pulpit\STM32\cyclingSpeedometer\cyclingSpeedometer\Core\Inc\i2c.h_save
2024-05-17 13:35:11,879 [INFO] CodeEngine:279 - Generated code: C:\Users\domin\OneDrive\Pulpit\STM32\cyclingSpeedometer\cyclingSpeedometer\Core\Inc\i2c.h
2024-05-17 13:35:11,891 [INFO] CodeEngine:255 - oldGeneratedFile, C:\Users\domin\OneDrive\Pulpit\STM32\cyclingSpeedometer\cyclingSpeedometer\Core\Src\tim.c_save
2024-05-17 13:35:11,987 [INFO] CodeEngine:279 - Generated code: C:\Users\domin\OneDrive\Pulpit\STM32\cyclingSpeedometer\cyclingSpeedometer\Core\Src\tim.c
2024-05-17 13:35:11,993 [INFO] CodeEngine:255 - oldGeneratedFile, C:\Users\domin\OneDrive\Pulpit\STM32\cyclingSpeedometer\cyclingSpeedometer\Core\Inc\tim.h_save
2024-05-17 13:35:12,062 [INFO] CodeEngine:279 - Generated code: C:\Users\domin\OneDrive\Pulpit\STM32\cyclingSpeedometer\cyclingSpeedometer\Core\Inc\tim.h
2024-05-17 13:35:12,075 [INFO] CodeEngine:255 - oldGeneratedFile, C:\Users\domin\OneDrive\Pulpit\STM32\cyclingSpeedometer\cyclingSpeedometer\Core\Src\usart.c_save
2024-05-17 13:35:12,193 [INFO] CodeEngine:279 - Generated code: C:\Users\domin\OneDrive\Pulpit\STM32\cyclingSpeedometer\cyclingSpeedometer\Core\Src\usart.c
2024-05-17 13:35:12,201 [INFO] CodeEngine:255 - oldGeneratedFile, C:\Users\domin\OneDrive\Pulpit\STM32\cyclingSpeedometer\cyclingSpeedometer\Core\Inc\usart.h_save
2024-05-17 13:35:12,289 [INFO] CodeEngine:279 - Generated code: C:\Users\domin\OneDrive\Pulpit\STM32\cyclingSpeedometer\cyclingSpeedometer\Core\Inc\usart.h
2024-05-17 13:35:12,305 [INFO] CodeEngine:255 - oldGeneratedFile, C:\Users\domin\OneDrive\Pulpit\STM32\cyclingSpeedometer\cyclingSpeedometer\Core\Src\stm32l4xx_it.c_save
2024-05-17 13:35:12,494 [INFO] CodeEngine:279 - Generated code: C:\Users\domin\OneDrive\Pulpit\STM32\cyclingSpeedometer\cyclingSpeedometer\Core\Src\stm32l4xx_it.c
2024-05-17 13:35:12,501 [INFO] CodeEngine:255 - oldGeneratedFile, C:\Users\domin\OneDrive\Pulpit\STM32\cyclingSpeedometer\cyclingSpeedometer\Core\Inc\stm32l4xx_it.h_save
2024-05-17 13:35:12,585 [INFO] CodeEngine:279 - Generated code: C:\Users\domin\OneDrive\Pulpit\STM32\cyclingSpeedometer\cyclingSpeedometer\Core\Inc\stm32l4xx_it.h
2024-05-17 13:35:12,598 [INFO] CodeEngine:255 - oldGeneratedFile, C:\Users\domin\OneDrive\Pulpit\STM32\cyclingSpeedometer\cyclingSpeedometer\Core\Src\stm32l4xx_hal_msp.c_save
2024-05-17 13:35:12,702 [INFO] CodeEngine:279 - Generated code: C:\Users\domin\OneDrive\Pulpit\STM32\cyclingSpeedometer\cyclingSpeedometer\Core\Src\stm32l4xx_hal_msp.c
2024-05-17 13:35:12,707 [INFO] CodeEngine:255 - oldGeneratedFile, C:\Users\domin\OneDrive\Pulpit\STM32\cyclingSpeedometer\cyclingSpeedometer\MXTmpFiles\system.tmp_save
2024-05-17 13:35:12,783 [INFO] CodeEngine:279 - Generated code: C:\Users\domin\OneDrive\Pulpit\STM32\cyclingSpeedometer\cyclingSpeedometer\MXTmpFiles\system.tmp
2024-05-17 13:35:12,792 [INFO] CodeEngine:311 - oldGeneratedFile, C:\Users\domin\OneDrive\Pulpit\STM32\cyclingSpeedometer\cyclingSpeedometer\Core\Inc\stm32l4xx_hal_conf.h_save
2024-05-17 13:35:12,886 [INFO] CodeEngine:335 - Generated code: C:\Users\domin\OneDrive\Pulpit\STM32\cyclingSpeedometer\cyclingSpeedometer\Core\Inc\stm32l4xx_hal_conf.h
2024-05-17 13:35:12,920 [INFO] CodeEngine:255 - oldGeneratedFile, C:\Users\domin\OneDrive\Pulpit\STM32\cyclingSpeedometer\cyclingSpeedometer\Core\Inc\main.h_save
2024-05-17 13:35:13,024 [INFO] CodeEngine:279 - Generated code: C:\Users\domin\OneDrive\Pulpit\STM32\cyclingSpeedometer\cyclingSpeedometer\Core\Inc\main.h
2024-05-17 13:35:13,033 [INFO] CodeEngine:255 - oldGeneratedFile, C:\Users\domin\OneDrive\Pulpit\STM32\cyclingSpeedometer\cyclingSpeedometer\Core\Src\main.c_save
2024-05-17 13:35:13,196 [INFO] CodeEngine:279 - Generated code: C:\Users\domin\OneDrive\Pulpit\STM32\cyclingSpeedometer\cyclingSpeedometer\Core\Src\main.c
2024-05-17 13:35:13,713 [INFO] ProjectBuilder:3076 - Time for Copy HAL[1] : 170mS.
2024-05-17 13:35:13,717 [INFO] ProjectBuilder:4485 - Project Generator version: 4.2.0-B44
2024-05-17 13:35:14,171 [INFO] ConfigFileManager:1495 - The Die is : DIE415
2024-05-17 13:35:15,949 [INFO] ProjectBuilder:4747 - Time for Generating toolchain IDE Files: 2232mS.
2024-05-17 13:35:15,951 [INFO] ProjectBuilder:2947 - Time for Copy CMSIS : 1mS.
2024-05-17 13:35:15,955 [INFO] ProjectBuilder:2947 - Time for Copy CMSIS : 1mS.
2024-05-17 13:48:19,687 [INFO] Gpio:277 - dependency for GPIO [I2C1, SYS, USART2]
