2024-05-31 13:48:04,623 [ERROR] LogOutputStream:75 - [STDERR_REDIRECT] 
2024-05-31 21:07:32,244 [INFO] Activator:176 - 


2024-05-31 21:07:32,248 [INFO] Activator:177 - !SESSION log4j initialized
2024-05-31 21:07:39,819 [INFO] LogOutputStream:77 - [STDOUT_REDIRECT] 
2024-05-31 21:07:41,672 [INFO] ApplicationProperties:184 - Using Application install path: C:\ST\STM32CubeIDE_1.14.0\STM32CubeIDE\plugins\com.st.stm32cube.common.mx_6.10.0.202311202037
2024-05-31 21:07:41,708 [INFO] DbMcusXml:78 - Set database path to: C:\ST\STM32CubeIDE_1.14.0\STM32CubeIDE\plugins\com.st.stm32cube.common.mx_6.10.0.202311202037\\db\/mcu/
2024-05-31 21:07:41,710 [INFO] ApiDb:274 - Set plugin database path to: C:\ST\STM32CubeIDE_1.14.0\STM32CubeIDE\plugins\com.st.stm32cube.common.mx_6.10.0.202311202037\\db\/plugins/boardmanager/
2024-05-31 21:07:41,710 [WARN] ApiDb:259 - Overriding images path with different value:  => C:\ST\STM32CubeIDE_1.14.0\STM32CubeIDE\plugins\com.st.stm32cube.common.mx_6.10.0.202311202037\\db\/plugins/mcufinder/images/
2024-05-31 21:07:41,725 [INFO] ApiDb:250 - Set database path to: C:\Users\domin\.stmcufinder\plugins\mcufinder//mcu/
2024-05-31 21:07:41,728 [INFO] DbMcusAds:125 - Set database path to: C:\Users\domin\.stmcufinder\plugins\mcufinder//mcu/
2024-05-31 21:07:41,731 [INFO] CrossReferenceDbSqlite:203 - Set database path to: C:\Users\domin\.stmcufinder\plugins\mcufinder//mcu/cs/
2024-05-31 21:07:41,986 [INFO] RulesReader:64 - Compatibility file has been processed (297 Rules)
2024-05-31 21:07:42,166 [INFO] DbMcusXml:78 - Set database path to: C:\ST\STM32CubeIDE_1.14.0\STM32CubeIDE\plugins\com.st.stm32cube.common.mx_6.10.0.202311202037\\db\/mcu/
2024-05-31 21:07:42,166 [INFO] ApiDb:274 - Set plugin database path to: C:\ST\STM32CubeIDE_1.14.0\STM32CubeIDE\plugins\com.st.stm32cube.common.mx_6.10.0.202311202037\\db\/plugins/boardmanager/
2024-05-31 21:07:42,166 [INFO] ApiDb:261 - Set plugin images path to: C:\ST\STM32CubeIDE_1.14.0\STM32CubeIDE\plugins\com.st.stm32cube.common.mx_6.10.0.202311202037\\db\/plugins/mcufinder/images/
2024-05-31 21:07:42,167 [WARN] DbFile:41 - Overriding database path with different value: C:\Users\domin\.stmcufinder\plugins\mcufinder/ => C:\Users\domin\.stmcufinder\plugins\mcufinder
2024-05-31 21:07:42,167 [INFO] ApiDb:250 - Set database path to: C:\Users\domin\.stmcufinder\plugins\mcufinder//mcu/
2024-05-31 21:07:42,167 [WARN] DbFile:41 - Overriding database path with different value: C:\Users\domin\.stmcufinder\plugins\mcufinder/ => C:\Users\domin\.stmcufinder\plugins\mcufinder
2024-05-31 21:07:42,167 [INFO] DbMcusAds:125 - Set database path to: C:\Users\domin\.stmcufinder\plugins\mcufinder//mcu/
2024-05-31 21:07:42,167 [WARN] DbFile:41 - Overriding database path with different value: C:\Users\domin\.stmcufinder\plugins\mcufinder/ => C:\Users\domin\.stmcufinder\plugins\mcufinder
2024-05-31 21:07:42,167 [WARN] DbFile:41 - Overriding database path with different value: C:\Users\domin\.stmcufinder\plugins\mcufinder/ => C:\Users\domin\.stmcufinder\plugins\mcufinder
2024-05-31 21:07:42,168 [INFO] CrossReferenceDbSqlite:203 - Set database path to: C:\Users\domin\.stmcufinder\plugins\mcufinder//mcu/cs/
2024-05-31 21:07:42,303 [INFO] MainPanel:264 - HeapMemory: 268435456
2024-05-31 21:07:42,550 [INFO] DbMcusXml:78 - Set database path to: C:\ST\STM32CubeIDE_1.14.0\STM32CubeIDE\plugins\com.st.stm32cube.common.mx_6.10.0.202311202037\\db\/mcu/
2024-05-31 21:07:42,550 [INFO] ApiDb:274 - Set plugin database path to: C:\ST\STM32CubeIDE_1.14.0\STM32CubeIDE\plugins\com.st.stm32cube.common.mx_6.10.0.202311202037\\db\/plugins/boardmanager/
2024-05-31 21:07:42,550 [INFO] ApiDb:261 - Set plugin images path to: C:\ST\STM32CubeIDE_1.14.0\STM32CubeIDE\plugins\com.st.stm32cube.common.mx_6.10.0.202311202037\\db\/plugins/mcufinder/images/
2024-05-31 21:07:42,551 [WARN] DbFile:41 - Overriding database path with different value: C:\Users\domin\.stmcufinder\plugins\mcufinder/ => C:\Users\domin\.stmcufinder\plugins\mcufinder
2024-05-31 21:07:42,551 [INFO] ApiDb:250 - Set database path to: C:\Users\domin\.stmcufinder\plugins\mcufinder//mcu/
2024-05-31 21:07:42,551 [WARN] DbFile:41 - Overriding database path with different value: C:\Users\domin\.stmcufinder\plugins\mcufinder/ => C:\Users\domin\.stmcufinder\plugins\mcufinder
2024-05-31 21:07:42,551 [INFO] DbMcusAds:125 - Set database path to: C:\Users\domin\.stmcufinder\plugins\mcufinder//mcu/
2024-05-31 21:07:42,552 [WARN] DbFile:41 - Overriding database path with different value: C:\Users\domin\.stmcufinder\plugins\mcufinder/ => C:\Users\domin\.stmcufinder\plugins\mcufinder
2024-05-31 21:07:42,552 [WARN] DbFile:41 - Overriding database path with different value: C:\Users\domin\.stmcufinder\plugins\mcufinder/ => C:\Users\domin\.stmcufinder\plugins\mcufinder
2024-05-31 21:07:42,552 [INFO] CrossReferenceDbSqlite:203 - Set database path to: C:\Users\domin\.stmcufinder\plugins\mcufinder//mcu/cs/
2024-05-31 21:07:42,609 [INFO] ApplicationProperties:184 - Using Application install path: C:\ST\STM32CubeIDE_1.14.0\STM32CubeIDE\plugins\com.st.stm32cube.common.mx_6.10.0.202311202037
2024-05-31 21:07:42,614 [INFO] PluginManage:196 - Search for loadable plugins [exclusion list=, ]
2024-05-31 21:07:42,617 [INFO] PluginManage:310 - Check plugin analytics
2024-05-31 21:07:43,046 [INFO] AnalyticsPlugin:253 - Accepted Software Licenses: 
2024-05-31 21:07:43,048 [INFO] AnalyticsPlugin:255 - Accepted CMSIS Pack Licenses: 
2024-05-31 21:07:43,049 [INFO] AnalyticsPlugin:257 - Accepted Firmware Licenses: FW.L4.1.18.0
2024-05-31 21:07:43,062 [INFO] PluginManage:359 - Loaded plugin analytics (category:tool,tabindex:-1)
2024-05-31 21:07:43,064 [INFO] PluginManage:310 - Check plugin cadmodel
2024-05-31 21:07:43,077 [INFO] CADModel:105 - Init CAD model plugin
2024-05-31 21:07:43,078 [INFO] PluginManage:359 - Loaded plugin cadmodel (category:power,tabindex:5)
2024-05-31 21:07:43,078 [INFO] PluginManage:310 - Check plugin clock
2024-05-31 21:07:43,107 [INFO] PluginManage:359 - Loaded plugin clock (category:base,tabindex:2)
2024-05-31 21:07:43,107 [INFO] PluginManage:310 - Check plugin ddr
2024-05-31 21:07:43,121 [INFO] PluginManage:359 - Loaded plugin ddr (category:tool,tabindex:6)
2024-05-31 21:07:43,122 [INFO] PluginManage:310 - Check plugin filemanager
2024-05-31 21:07:43,587 [INFO] PluginManage:359 - Loaded plugin filemanager (category:base,tabindex:10)
2024-05-31 21:07:43,587 [INFO] PluginManage:310 - Check plugin ipmanager
2024-05-31 21:07:43,617 [INFO] PluginManage:359 - Loaded plugin ipmanager (category:base,tabindex:5)
2024-05-31 21:07:43,618 [INFO] PluginManage:310 - Check plugin lpbam
2024-05-31 21:07:43,648 [INFO] PluginManage:359 - Loaded plugin lpbam (category:base,tabindex:0)
2024-05-31 21:07:43,648 [INFO] PluginManage:310 - Check plugin memorymap
2024-05-31 21:07:43,765 [INFO] PluginManage:359 - Loaded plugin memorymap (category:base,tabindex:4)
2024-05-31 21:07:43,765 [INFO] PluginManage:310 - Check plugin pinoutandconfiguration
2024-05-31 21:07:43,783 [INFO] PluginManage:359 - Loaded plugin pinoutandconfiguration (category:base,tabindex:1)
2024-05-31 21:07:43,783 [INFO] PluginManage:310 - Check plugin pinoutconfig
2024-05-31 21:07:43,960 [WARN] SupportedApi:132 - Cannot load RTOS API schema: s4s-elt-must-match.1: The content of 'definitions' must match (annotation?, (simpleType | complexType)?, (unique | key | keyref)*)). A problem was found starting at: attribute.
2024-05-31 21:07:44,287 [INFO] PluginManage:359 - Loaded plugin pinoutconfig (category:base,tabindex:0)
2024-05-31 21:07:44,287 [INFO] PluginManage:310 - Check plugin power
2024-05-31 21:07:44,306 [INFO] PluginManage:359 - Loaded plugin power (category:power,tabindex:4)
2024-05-31 21:07:44,306 [INFO] PluginManage:310 - Check plugin projectmanager
2024-05-31 21:07:44,338 [INFO] PluginManage:359 - Loaded plugin projectmanager (category:projectmanager,tabindex:3)
2024-05-31 21:07:44,338 [INFO] PluginManage:310 - Check plugin thirdparty
2024-05-31 21:07:44,755 [INFO] PluginManage:359 - Loaded plugin thirdparty (category:base,tabindex:-1)
2024-05-31 21:07:44,755 [WARN] IntegrityCheckThread:84 - waiting for thirdparty lock release [integrity check]
2024-05-31 21:07:44,755 [INFO] PluginManage:310 - Check plugin tools
2024-05-31 21:07:44,755 [INFO] IntegrityCheckThread:86 - entering critical section [integrity check]
2024-05-31 21:07:44,756 [INFO] ThirdPartyUpdaterWithRetryManager:70 - Updater plugin not ready yet. [1/15]
2024-05-31 21:07:44,761 [INFO] PluginManage:359 - Loaded plugin tools (category:base,tabindex:7)
2024-05-31 21:07:44,762 [INFO] PluginManage:310 - Check plugin tutovideos
2024-05-31 21:07:45,229 [INFO] PluginManage:359 - Loaded plugin tutovideos (category:base,tabindex:-1)
2024-05-31 21:07:45,229 [INFO] PluginManage:310 - Check plugin updater
2024-05-31 21:07:45,271 [INFO] PluginManage:359 - Loaded plugin updater (category:base,tabindex:12)
2024-05-31 21:07:45,271 [INFO] PluginManage:310 - Check plugin userauth
2024-05-31 21:07:45,288 [INFO] UserAuth:114 - Init User Auth plugin
2024-05-31 21:07:45,289 [INFO] PluginManage:359 - Loaded plugin userauth (category:base,tabindex:14)
2024-05-31 21:07:45,289 [INFO] PluginManage:283 - PluginManage : Loaded plugins [17]
2024-05-31 21:07:46,684 [INFO] PinOutPanel:1499 - setPackage(No Configuration,No Configuration)
2024-05-31 21:07:46,913 [INFO] CADModel:165 - CPN selected for project level
2024-05-31 21:07:46,915 [INFO] CADModel:114 - Register for checkConnection events
2024-05-31 21:07:46,995 [INFO] IPUIPlugin:80 - create IPUIPlugin
2024-05-31 21:07:46,995 [INFO] PluginManager:220 - loadIPPluginJar : add adc
2024-05-31 21:07:47,002 [INFO] IPUIPlugin:80 - create IPUIPlugin
2024-05-31 21:07:47,002 [INFO] PluginManager:220 - loadIPPluginJar : add aes
2024-05-31 21:07:47,013 [INFO] IPUIPlugin:80 - create IPUIPlugin
2024-05-31 21:07:47,013 [INFO] PluginManager:220 - loadIPPluginJar : add can
2024-05-31 21:07:47,017 [INFO] IPUIPlugin:80 - create IPUIPlugin
2024-05-31 21:07:47,017 [INFO] PluginManager:220 - loadIPPluginJar : add comp
2024-05-31 21:07:47,033 [INFO] IPUIPlugin:80 - create IPUIPlugin
2024-05-31 21:07:47,033 [INFO] PluginManager:220 - loadIPPluginJar : add cryp
2024-05-31 21:07:47,044 [INFO] IPUIPlugin:80 - create IPUIPlugin
2024-05-31 21:07:47,044 [INFO] PluginManager:220 - loadIPPluginJar : add dfsdm
2024-05-31 21:07:47,063 [INFO] IPUIPlugin:80 - create IPUIPlugin
2024-05-31 21:07:47,064 [INFO] PluginManager:220 - loadIPPluginJar : add dma
2024-05-31 21:07:47,075 [INFO] IPUIPlugin:80 - create IPUIPlugin
2024-05-31 21:07:47,075 [INFO] PluginManager:220 - loadIPPluginJar : add dma3
2024-05-31 21:07:47,075 [INFO] IPUIPlugin:80 - create IPUIPlugin
2024-05-31 21:07:47,075 [INFO] PluginManager:220 - loadIPPluginJar : add fatfs
2024-05-31 21:07:47,096 [INFO] IPUIPlugin:80 - create IPUIPlugin
2024-05-31 21:07:47,096 [INFO] PluginManager:220 - loadIPPluginJar : add fmc
2024-05-31 21:07:47,117 [INFO] IPUIPlugin:80 - create IPUIPlugin
2024-05-31 21:07:47,117 [INFO] PluginManager:220 - loadIPPluginJar : add freertos
2024-05-31 21:07:47,126 [INFO] IPUIPlugin:80 - create IPUIPlugin
2024-05-31 21:07:47,126 [INFO] PluginManager:220 - loadIPPluginJar : add genericplugin
2024-05-31 21:07:47,135 [INFO] IPUIPlugin:80 - create IPUIPlugin
2024-05-31 21:07:47,135 [INFO] PluginManager:220 - loadIPPluginJar : add gfxmmu
2024-05-31 21:07:47,152 [INFO] IPUIPlugin:80 - create IPUIPlugin
2024-05-31 21:07:47,154 [INFO] PluginManager:220 - loadIPPluginJar : add gic
2024-05-31 21:07:47,166 [INFO] IPUIPlugin:80 - create IPUIPlugin
2024-05-31 21:07:47,166 [INFO] PluginManager:220 - loadIPPluginJar : add gpio
2024-05-31 21:07:47,182 [INFO] IPUIPlugin:80 - create IPUIPlugin
2024-05-31 21:07:47,182 [INFO] PluginManager:220 - loadIPPluginJar : add gtzc
2024-05-31 21:07:47,191 [INFO] IPUIPlugin:80 - create IPUIPlugin
2024-05-31 21:07:47,191 [INFO] PluginManager:220 - loadIPPluginJar : add hash
2024-05-31 21:07:47,200 [INFO] IPUIPlugin:80 - create IPUIPlugin
2024-05-31 21:07:47,200 [INFO] PluginManager:220 - loadIPPluginJar : add i2c
2024-05-31 21:07:47,209 [INFO] IPUIPlugin:80 - create IPUIPlugin
2024-05-31 21:07:47,209 [INFO] PluginManager:220 - loadIPPluginJar : add i2s
2024-05-31 21:07:47,215 [INFO] IPUIPlugin:80 - create IPUIPlugin
2024-05-31 21:07:47,215 [INFO] PluginManager:220 - loadIPPluginJar : add i3c
2024-05-31 21:07:47,228 [INFO] IPUIPlugin:80 - create IPUIPlugin
2024-05-31 21:07:47,228 [INFO] PluginManager:220 - loadIPPluginJar : add ipddr
2024-05-31 21:07:47,249 [INFO] IPUIPlugin:80 - create IPUIPlugin
2024-05-31 21:07:47,249 [INFO] PluginManager:220 - loadIPPluginJar : add linkedlist
2024-05-31 21:07:47,258 [INFO] IPUIPlugin:80 - create IPUIPlugin
2024-05-31 21:07:47,258 [INFO] PluginManager:220 - loadIPPluginJar : add lorawan
2024-05-31 21:07:47,266 [INFO] IPUIPlugin:80 - create IPUIPlugin
2024-05-31 21:07:47,266 [INFO] PluginManager:220 - loadIPPluginJar : add ltdc
2024-05-31 21:07:47,283 [INFO] IPUIPlugin:80 - create IPUIPlugin
2024-05-31 21:07:47,283 [INFO] PluginManager:220 - loadIPPluginJar : add mdma
2024-05-31 21:07:47,300 [INFO] IPUIPlugin:80 - create IPUIPlugin
2024-05-31 21:07:47,303 [INFO] PluginManager:220 - loadIPPluginJar : add nvic
2024-05-31 21:07:47,313 [INFO] IPUIPlugin:80 - create IPUIPlugin
2024-05-31 21:07:47,315 [INFO] PluginManager:220 - loadIPPluginJar : add opamp
2024-05-31 21:07:47,329 [INFO] IPUIPlugin:80 - create IPUIPlugin
2024-05-31 21:07:47,329 [INFO] PluginManager:220 - loadIPPluginJar : add openamp
2024-05-31 21:07:47,341 [INFO] IPUIPlugin:80 - create IPUIPlugin
2024-05-31 21:07:47,341 [INFO] PluginManager:220 - loadIPPluginJar : add pdm2pcm
2024-05-31 21:07:47,360 [INFO] IPUIPlugin:80 - create IPUIPlugin
2024-05-31 21:07:47,367 [INFO] PluginManager:220 - loadIPPluginJar : add plateformsettings
2024-05-31 21:07:47,374 [INFO] IPUIPlugin:80 - create IPUIPlugin
2024-05-31 21:07:47,374 [INFO] PluginManager:220 - loadIPPluginJar : add quadspi
2024-05-31 21:07:47,385 [INFO] IPUIPlugin:80 - create IPUIPlugin
2024-05-31 21:07:47,385 [INFO] PluginManager:220 - loadIPPluginJar : add resmgrutility
2024-05-31 21:07:47,399 [INFO] IPUIPlugin:80 - create IPUIPlugin
2024-05-31 21:07:47,399 [INFO] PluginManager:220 - loadIPPluginJar : add sai
2024-05-31 21:07:47,407 [INFO] IPUIPlugin:80 - create IPUIPlugin
2024-05-31 21:07:47,409 [INFO] PluginManager:220 - loadIPPluginJar : add spi
2024-05-31 21:07:47,418 [INFO] IPUIPlugin:80 - create IPUIPlugin
2024-05-31 21:07:47,418 [INFO] PluginManager:220 - loadIPPluginJar : add stm32_wpan
2024-05-31 21:07:47,430 [INFO] IPUIPlugin:80 - create IPUIPlugin
2024-05-31 21:07:47,430 [INFO] PluginManager:220 - loadIPPluginJar : add tim
2024-05-31 21:07:47,441 [INFO] IPUIPlugin:80 - create IPUIPlugin
2024-05-31 21:07:47,441 [INFO] PluginManager:220 - loadIPPluginJar : add touchsensing
2024-05-31 21:07:47,446 [INFO] IPUIPlugin:80 - create IPUIPlugin
2024-05-31 21:07:47,450 [INFO] PluginManager:220 - loadIPPluginJar : add tracer_emb
2024-05-31 21:07:47,457 [INFO] IPUIPlugin:80 - create IPUIPlugin
2024-05-31 21:07:47,458 [INFO] PluginManager:220 - loadIPPluginJar : add ts
2024-05-31 21:07:47,465 [INFO] IPUIPlugin:80 - create IPUIPlugin
2024-05-31 21:07:47,465 [INFO] PluginManager:220 - loadIPPluginJar : add tsc
2024-05-31 21:07:47,472 [INFO] IPUIPlugin:80 - create IPUIPlugin
2024-05-31 21:07:47,474 [INFO] PluginManager:220 - loadIPPluginJar : add ucpd
2024-05-31 21:07:47,482 [INFO] IPUIPlugin:80 - create IPUIPlugin
2024-05-31 21:07:47,482 [INFO] PluginManager:220 - loadIPPluginJar : add usart
2024-05-31 21:07:47,493 [INFO] IPUIPlugin:80 - create IPUIPlugin
2024-05-31 21:07:47,493 [INFO] PluginManager:220 - loadIPPluginJar : add usbx
2024-05-31 21:07:47,760 [INFO] CADModel:165 - CPN selected for project level
2024-05-31 21:07:47,760 [INFO] CADModel:114 - Register for checkConnection events
2024-05-31 21:07:47,763 [FATAL] Updater:308 - Updater called before beeing initialized
2024-05-31 21:07:47,763 [INFO] ThirdPartyUpdaterWithRetryManager:70 - Updater plugin not ready yet. [2/15]
2024-05-31 21:07:47,763 [ERROR] CADModel:125 - Updater not yet initialized, retry later 
2024-05-31 21:07:48,272 [INFO] CADModel:165 - CPN selected for project level
2024-05-31 21:07:48,272 [INFO] CADModel:114 - Register for checkConnection events
2024-05-31 21:07:48,272 [FATAL] Updater:308 - Updater called before beeing initialized
2024-05-31 21:07:48,273 [ERROR] CADModel:125 - Updater not yet initialized, retry later 
2024-05-31 21:07:48,283 [FATAL] Updater:308 - Updater called before beeing initialized
2024-05-31 21:07:48,631 [FATAL] Updater:308 - Updater called before beeing initialized
2024-05-31 21:07:48,647 [INFO] DbMcusAds:53 - JSON generation date=Thu May 16 11:22:00 CEST 2024 (1715851320852)
2024-05-31 21:07:48,647 [FATAL] Updater:308 - Updater called before beeing initialized
2024-05-31 21:07:48,818 [WARN] DetailPanel:346 - Failed to get advertising image, set to default
2024-05-31 21:07:49,165 [FATAL] Updater:308 - Updater called before beeing initialized
2024-05-31 21:07:49,171 [FATAL] Updater:308 - Updater called before beeing initialized
2024-05-31 21:07:49,171 [FATAL] Updater:308 - Updater called before beeing initialized
2024-05-31 21:07:49,171 [WARN] DetailPanel:346 - Failed to get advertising image, set to default
2024-05-31 21:07:49,178 [FATAL] Updater:308 - Updater called before beeing initialized
2024-05-31 21:07:49,338 [ERROR] Updater:1120 - MainUpdater not yet initialized. External WinMGr cannot be set.
2024-05-31 21:07:49,346 [INFO] Updater:1056 - Updater Version found : 6.10.0
2024-05-31 21:07:49,403 [INFO] ApplicationProperties:184 - Using Application install path: C:\ST\STM32CubeIDE_1.14.0\STM32CubeIDE\plugins\com.st.stm32cube.common.mx_6.10.0.202311202037
2024-05-31 21:07:50,765 [FATAL] Updater:308 - Updater called before beeing initialized
2024-05-31 21:07:50,766 [ERROR] IntegrityCheckThread:130 - Cannot retrieve database content from updater: error 21
2024-05-31 21:07:50,766 [INFO] ThirdParty:978 - Integrity check success = false
2024-05-31 21:07:50,766 [INFO] IntegrityCheckThread:100 - exiting critical section [integrity check]
2024-05-31 21:07:50,766 [INFO] IntegrityCheckThread:103 - End integrity checks thread
2024-05-31 21:07:51,051 [ERROR] LogOutputStream:75 - [STDERR_REDIRECT] May 31, 2024 9:07:51 PM java.util.prefs.WindowsPreferences <init>
2024-05-31 21:07:51,061 [ERROR] LogOutputStream:75 - [STDERR_REDIRECT] WARNING: Could not open/create prefs root node Software\JavaSoft\Prefs at root 0xffffffff80000002. Windows RegCreateKeyEx(...) returned error code 5.
2024-05-31 21:07:51,062 [ERROR] LogOutputStream:75 - [STDERR_REDIRECT] 
2024-05-31 21:07:52,095 [INFO] MainUpdater:2873 - connection check result : 10
2024-05-31 21:07:52,096 [INFO] MainUpdater:3567 - Updater definition file requires update
2024-05-31 21:07:52,096 [INFO] MainUpdater:290 - Updater Check For Update Now.
2024-05-31 21:07:52,096 [INFO] MicroXplorer:498 - Change Database Version : DB.6.0.100
2024-05-31 21:07:52,114 [INFO] McuFinderGlobals:63 - Set McuFinder mode to 2 (CubeIDE integrated)
2024-05-31 21:07:52,538 [INFO] ServerAccessManage:473 - Download File updaters.zip
2024-05-31 21:07:53,157 [INFO] FileExtend:240 - Unzip File : updaters.zip
2024-05-31 21:07:53,157 [INFO] FileExtend:255 - Standard Zip Deflate
2024-05-31 21:07:53,408 [INFO] UserAuth:404 - Internet connection configuration mode: 1
2024-05-31 21:07:53,552 [INFO] JxBrowserEngine:152 - Initiate JxBrowser Engine with user profile folder
2024-05-31 21:07:54,120 [INFO] ServerAccessManage:473 - Download File PacksControlFlags.xml
2024-05-31 21:07:54,347 [INFO] ServerAccessManage:473 - Download File cubemx.pidx
2024-05-31 21:07:55,857 [INFO] WebApp:161 - Instantiating new browser for Auth
2024-05-31 21:07:57,874 [INFO] WebApp:780 - Register for checkConnection events
2024-05-31 21:07:57,877 [INFO] WebApp:414 - Apply proxy settings
2024-05-31 21:07:57,877 [INFO] WebApp:499 - Chromium requires no authentication
2024-05-31 21:07:57,893 [INFO] WebApp:442 - Direct internet connection detected
2024-05-31 21:07:58,064 [INFO] ServerAccessManage:473 - Download File wolfSSL.I-CUBE-wolfMQTT.pdsc
2024-05-31 21:07:58,513 [INFO] WebApp:192 - Starting web application
2024-05-31 21:07:58,513 [INFO] WebApp:544 - Web application path used C:\ST\STM32CubeIDE_1.14.0\STM32CubeIDE\plugins\com.st.stm32cube.common.mx_6.10.0.202311202037\db\plugins\mcufinder\reactClient1\index.html
2024-05-31 21:07:59,203 [ERROR] ServerAccessManage:1089 - Problem, file not found on Server
2024-05-31 21:07:59,630 [WARN] PackLoader:240 - Cannot read IP mode file for wolfSSL.I-CUBE-wolfMQTT.1.18.0
2024-05-31 21:07:59,630 [INFO] PopulateThirdPartyThread:66 - Ending populate Thread
2024-05-31 21:07:59,633 [INFO] ThirdParty:1030 - CMSIS Pack Vendor :wolfSSL I-CUBE-wolfMQTT 1.18.0
2024-05-31 21:07:59,636 [INFO] LoadServerUpdatesThread:375 - End of LoadServerUpdate Thread
2024-05-31 21:07:59,793 [INFO] CheckServerUpdateThread:120 - End of CheckServer Thread
2024-05-31 21:08:20,609 [ERROR] LogOutputStream:75 - [STDERR_REDIRECT] SLF4J: Failed to load class "org.slf4j.impl.StaticLoggerBinder".
2024-05-31 21:08:20,616 [ERROR] LogOutputStream:75 - [STDERR_REDIRECT] SLF4J: Defaulting to no-operation (NOP) logger implementation
2024-05-31 21:08:20,621 [ERROR] LogOutputStream:75 - [STDERR_REDIRECT] SLF4J: See http://www.slf4j.org/codes.html#StaticLoggerBinder for further details.
2024-05-31 22:23:28,807 [ERROR] LogOutputStream:75 - [STDERR_REDIRECT] 
2024-05-31 22:23:28,807 [ERROR] LogOutputStream:75 - [STDERR_REDIRECT] 
